Mock Version: 1.4.8
ENTER ['do'](['bash', '--login', '-c', '/usr/bin/rpmbuild -bs --target x86_64 --nodeps /builddir/build/SPECS/bazel.spec'], chrootPath='/var/lib/mock/mageia-cauldron-x86_64/root'env={'TERM': 'vt100', 'SHELL': '/bin/bash', 'HOME': '/builddir', 'HOSTNAME': 'mock', 'PATH': '/usr/bin:/bin:/usr/sbin:/sbin', 'PROMPT_COMMAND': 'printf "\\033]0;<mock-chroot>\\007"', 'PS1': '<mock-chroot> \\s-\\v\\$ ', 'LANG': 'en_US.UTF-8'}shell=Falselogger=<mockbuild.trace_decorator.getLog object at 0x7fe9efdf77f0>timeout=0uid=0gid=135user='mockbuild'nspawn_args=[]unshare_net=TrueprintOutput=True)
Executing command: ['/usr/bin/systemd-nspawn', '-q', '-M', '1675c9b552c8438e89fde6c62a49c790', '-D', '/var/lib/mock/mageia-cauldron-x86_64/root', '-a', '--setenv=TERM=vt100', '--setenv=SHELL=/bin/bash', '--setenv=HOME=/builddir', '--setenv=HOSTNAME=mock', '--setenv=PATH=/usr/bin:/bin:/usr/sbin:/sbin', '--setenv=PROMPT_COMMAND=printf "\\033]0;<mock-chroot>\\007"', '--setenv=PS1=<mock-chroot> \\s-\\v\\$ ', '--setenv=LANG=en_US.UTF-8', '-u', 'mockbuild', 'bash', '--login', '-c', '/usr/bin/rpmbuild -bs --target x86_64 --nodeps /builddir/build/SPECS/bazel.spec'] with env {'TERM': 'vt100', 'SHELL': '/bin/bash', 'HOME': '/builddir', 'HOSTNAME': 'mock', 'PATH': '/usr/bin:/bin:/usr/sbin:/sbin', 'PROMPT_COMMAND': 'printf "\\033]0;<mock-chroot>\\007"', 'PS1': '<mock-chroot> \\s-\\v\\$ ', 'LANG': 'en_US.UTF-8'} and shell False
/etc/profile.d/lang.sh: line 28: warning: setlocale: LC_CTYPE: cannot change locale (en_US.UTF-8): No such file or directory
/etc/profile.d/lang.sh: line 29: warning: setlocale: LC_COLLATE: cannot change locale (en_US.UTF-8): No such file or directory
/etc/profile.d/lang.sh: line 32: warning: setlocale: LC_MESSAGES: cannot change locale (en_US.UTF-8): No such file or directory
/etc/profile.d/lang.sh: line 35: warning: setlocale: LC_NUMERIC: cannot change locale (en_US.UTF-8): No such file or directory
/etc/profile.d/lang.sh: line 38: warning: setlocale: LC_TIME: cannot change locale (en_US.UTF-8): No such file or directory
Building target platforms: x86_64
Building for target x86_64
Wrote: /builddir/build/SRPMS/bazel-0.9.0-2.mga7.src.rpm
Child return code was: 0
Mock Version: 1.4.8
ENTER ['do'](['bash', '--login', '-c', '/usr/bin/rpmbuild -bs --target x86_64 --nodeps /builddir/build/SPECS/bazel.spec'], chrootPath='/var/lib/mock/mageia-cauldron-x86_64/root'env={'TERM': 'vt100', 'SHELL': '/bin/bash', 'HOME': '/builddir', 'HOSTNAME': 'mock', 'PATH': '/usr/bin:/bin:/usr/sbin:/sbin', 'PROMPT_COMMAND': 'printf "\\033]0;<mock-chroot>\\007"', 'PS1': '<mock-chroot> \\s-\\v\\$ ', 'LANG': 'en_US.UTF-8'}shell=Falselogger=<mockbuild.trace_decorator.getLog object at 0x7f1152f89710>timeout=0uid=0gid=135user='mockbuild'nspawn_args=[]unshare_net=TrueprintOutput=True)
Executing command: ['/usr/bin/systemd-nspawn', '-q', '-M', 'd98dbf0593774b878e16f1ca46617f5b', '-D', '/var/lib/mock/mageia-cauldron-x86_64/root', '-a', '--setenv=TERM=vt100', '--setenv=SHELL=/bin/bash', '--setenv=HOME=/builddir', '--setenv=HOSTNAME=mock', '--setenv=PATH=/usr/bin:/bin:/usr/sbin:/sbin', '--setenv=PROMPT_COMMAND=printf "\\033]0;<mock-chroot>\\007"', '--setenv=PS1=<mock-chroot> \\s-\\v\\$ ', '--setenv=LANG=en_US.UTF-8', '-u', 'mockbuild', 'bash', '--login', '-c', '/usr/bin/rpmbuild -bs --target x86_64 --nodeps /builddir/build/SPECS/bazel.spec'] with env {'TERM': 'vt100', 'SHELL': '/bin/bash', 'HOME': '/builddir', 'HOSTNAME': 'mock', 'PATH': '/usr/bin:/bin:/usr/sbin:/sbin', 'PROMPT_COMMAND': 'printf "\\033]0;<mock-chroot>\\007"', 'PS1': '<mock-chroot> \\s-\\v\\$ ', 'LANG': 'en_US.UTF-8'} and shell False
/etc/profile.d/lang.sh: line 28: warning: setlocale: LC_CTYPE: cannot change locale (en_US.UTF-8): No such file or directory
/etc/profile.d/lang.sh: line 29: warning: setlocale: LC_COLLATE: cannot change locale (en_US.UTF-8): No such file or directory
/etc/profile.d/lang.sh: line 32: warning: setlocale: LC_MESSAGES: cannot change locale (en_US.UTF-8): No such file or directory
/etc/profile.d/lang.sh: line 35: warning: setlocale: LC_NUMERIC: cannot change locale (en_US.UTF-8): No such file or directory
/etc/profile.d/lang.sh: line 38: warning: setlocale: LC_TIME: cannot change locale (en_US.UTF-8): No such file or directory
Building target platforms: x86_64
Building for target x86_64
Wrote: /builddir/build/SRPMS/bazel-0.9.0-2.mga7.src.rpm
Child return code was: 0
ENTER ['do'](['bash', '--login', '-c', '/usr/bin/rpmbuild -bb --target x86_64 --nodeps /builddir/build/SPECS/bazel.spec'], chrootPath='/var/lib/mock/mageia-cauldron-x86_64/root'env={'TERM': 'vt100', 'SHELL': '/bin/bash', 'HOME': '/builddir', 'HOSTNAME': 'mock', 'PATH': '/usr/bin:/bin:/usr/sbin:/sbin', 'PROMPT_COMMAND': 'printf "\\033]0;<mock-chroot>\\007"', 'PS1': '<mock-chroot> \\s-\\v\\$ ', 'LANG': 'en_US.UTF-8'}shell=Falselogger=<mockbuild.trace_decorator.getLog object at 0x7f1152f89710>timeout=0uid=0gid=135user='mockbuild'nspawn_args=[]unshare_net=TrueprintOutput=True)
Executing command: ['/usr/bin/systemd-nspawn', '-q', '-M', '633f77c79a8d4970abbd2ee0142c40db', '-D', '/var/lib/mock/mageia-cauldron-x86_64/root', '-a', '--setenv=TERM=vt100', '--setenv=SHELL=/bin/bash', '--setenv=HOME=/builddir', '--setenv=HOSTNAME=mock', '--setenv=PATH=/usr/bin:/bin:/usr/sbin:/sbin', '--setenv=PROMPT_COMMAND=printf "\\033]0;<mock-chroot>\\007"', '--setenv=PS1=<mock-chroot> \\s-\\v\\$ ', '--setenv=LANG=en_US.UTF-8', '-u', 'mockbuild', 'bash', '--login', '-c', '/usr/bin/rpmbuild -bb --target x86_64 --nodeps /builddir/build/SPECS/bazel.spec'] with env {'TERM': 'vt100', 'SHELL': '/bin/bash', 'HOME': '/builddir', 'HOSTNAME': 'mock', 'PATH': '/usr/bin:/bin:/usr/sbin:/sbin', 'PROMPT_COMMAND': 'printf "\\033]0;<mock-chroot>\\007"', 'PS1': '<mock-chroot> \\s-\\v\\$ ', 'LANG': 'en_US.UTF-8'} and shell False
/etc/profile.d/lang.sh: line 28: warning: setlocale: LC_CTYPE: cannot change locale (en_US.UTF-8): No such file or directory
/etc/profile.d/lang.sh: line 29: warning: setlocale: LC_COLLATE: cannot change locale (en_US.UTF-8): No such file or directory
/etc/profile.d/lang.sh: line 32: warning: setlocale: LC_MESSAGES: cannot change locale (en_US.UTF-8): No such file or directory
/etc/profile.d/lang.sh: line 35: warning: setlocale: LC_NUMERIC: cannot change locale (en_US.UTF-8): No such file or directory
/etc/profile.d/lang.sh: line 38: warning: setlocale: LC_TIME: cannot change locale (en_US.UTF-8): No such file or directory
Building target platforms: x86_64
Building for target x86_64
Executing(%prep): /bin/sh -e /var/tmp/rpm-tmp.NVgflc
+ umask 022
+ cd /builddir/build/BUILD
+ '[' 1 -eq 1 ']'
+ '[' 1 -eq 1 ']'
+ '[' 1 -eq 1 ']'
+ cd /builddir/build/BUILD
+ rm -rf bazel-0.9.0
+ /usr/bin/mkdir -p bazel-0.9.0
+ cd bazel-0.9.0
+ /usr/bin/unzip -qq /builddir/build/SOURCES/bazel-0.9.0-dist.zip
+ STATUS=0
+ '[' 0 -ne 0 ']'
+ /usr/bin/chmod -Rf a+rX,u+w,g-w,o-w .
+ exit 0
Executing(%build): /bin/sh -e /var/tmp/rpm-tmp.EWtLm3
+ umask 022
+ cd /builddir/build/BUILD
+ cd bazel-0.9.0
+ '[' 1 -eq 1 ']'
+ '[' 1 -eq 1 ']'
+ export CC=clang
+ CC=clang
+ export CXX=clang++
+ CXX=clang++
+ export BAZEL=bazel
+ BAZEL=bazel
+ CFLAGS='-O2 -g -pipe -Wformat -Werror=format-security -Wp,-D_FORTIFY_SOURCE=2 -fstack-protector --param=ssp-buffer-size=4'
+ export CFLAGS
+ CXXFLAGS='-O2 -g -pipe -Wformat -Werror=format-security -Wp,-D_FORTIFY_SOURCE=2 -fstack-protector --param=ssp-buffer-size=4'
+ export CXXFLAGS
+ FFLAGS='-O2 -g -pipe -Wformat -Werror=format-security -Wp,-D_FORTIFY_SOURCE=2 -fstack-protector --param=ssp-buffer-size=4'
+ export FFLAGS
+ LDFLAGS=' -Wl,--as-needed -Wl,--no-undefined -Wl,-z,relro -Wl,-O1 -Wl,--build-id -Wl,--enable-new-dtags'
+ export LDFLAGS
+ ./compile.sh compile bazel
Building Bazel from scratch......
Building Bazel with Bazel.
.Extracting Bazel installation...
............
Loading: 
Loading: 0 packages loaded
Analyzing: target //src:bazel (3 packages loaded)
Analyzing: target //src:bazel (4 packages loaded)
Analyzing: target //src:bazel (43 packages loaded)
Analyzing: target //src:bazel (59 packages loaded)
Analyzing: target //src:bazel (169 packages loaded)
INFO: Analysed target //src:bazel (174 packages loaded).
INFO: Found 1 target...
[0 / 22] [-----] Writing file src/java_toolchain_content
ERROR: Process exited with status 128: Process exited with status 128
fatal: Not a git repository (or any of the parent directories): .git
Target //src:bazel failed to build
INFO: Elapsed time: 6.931s, Critical Path: 0.08s
FAILED: Build did NOT complete successfully
FAILED: Build did NOT complete successfully

ERROR: Could not build Bazel
error: Bad exit status from /var/tmp/rpm-tmp.EWtLm3 (%build)
RPM build errors:
    Bad exit status from /var/tmp/rpm-tmp.EWtLm3 (%build)
Child return code was: 1
EXCEPTION: [Error()]
Traceback (most recent call last):
  File "/usr/lib/python3.6/site-packages/mockbuild/trace_decorator.py", line 96, in trace
    result = func(*args, **kw)
  File "/usr/lib/python3.6/site-packages/mockbuild/util.py", line 619, in do
    raise exception.Error("Command failed: \n # %s\n%s" % (command, output), child.returncode)
mockbuild.exception.Error: Command failed: 
 # /usr/bin/systemd-nspawn -q -M 633f77c79a8d4970abbd2ee0142c40db -D /var/lib/mock/mageia-cauldron-x86_64/root -a --setenv=TERM=vt100 --setenv=SHELL=/bin/bash --setenv=HOME=/builddir --setenv=HOSTNAME=mock --setenv=PATH=/usr/bin:/bin:/usr/sbin:/sbin --setenv=PROMPT_COMMAND=printf "\033]0;<mock-chroot>\007" --setenv=PS1=<mock-chroot> \s-\v\$  --setenv=LANG=en_US.UTF-8 -u mockbuild bash --login -c /usr/bin/rpmbuild -bb --target x86_64 --nodeps /builddir/build/SPECS/bazel.spec

Mock Version: 1.4.8
ENTER ['do'](['bash', '--login', '-c', '/usr/bin/rpmbuild -bs --target x86_64 --nodeps /builddir/build/SPECS/bazel.spec'], chrootPath='/var/lib/mock/mageia-cauldron-x86_64/root'env={'TERM': 'vt100', 'SHELL': '/bin/bash', 'HOME': '/builddir', 'HOSTNAME': 'mock', 'PATH': '/usr/bin:/bin:/usr/sbin:/sbin', 'PROMPT_COMMAND': 'printf "\\033]0;<mock-chroot>\\007"', 'PS1': '<mock-chroot> \\s-\\v\\$ ', 'LANG': 'en_US.UTF-8'}shell=Falselogger=<mockbuild.trace_decorator.getLog object at 0x7f2df5cb1668>timeout=0uid=0gid=135user='mockbuild'nspawn_args=[]unshare_net=TrueprintOutput=True)
Executing command: ['/usr/bin/systemd-nspawn', '-q', '-M', '6974ba36c1044f929cdc6aa159cf84f8', '-D', '/var/lib/mock/mageia-cauldron-x86_64/root', '-a', '--setenv=TERM=vt100', '--setenv=SHELL=/bin/bash', '--setenv=HOME=/builddir', '--setenv=HOSTNAME=mock', '--setenv=PATH=/usr/bin:/bin:/usr/sbin:/sbin', '--setenv=PROMPT_COMMAND=printf "\\033]0;<mock-chroot>\\007"', '--setenv=PS1=<mock-chroot> \\s-\\v\\$ ', '--setenv=LANG=en_US.UTF-8', '-u', 'mockbuild', 'bash', '--login', '-c', '/usr/bin/rpmbuild -bs --target x86_64 --nodeps /builddir/build/SPECS/bazel.spec'] with env {'TERM': 'vt100', 'SHELL': '/bin/bash', 'HOME': '/builddir', 'HOSTNAME': 'mock', 'PATH': '/usr/bin:/bin:/usr/sbin:/sbin', 'PROMPT_COMMAND': 'printf "\\033]0;<mock-chroot>\\007"', 'PS1': '<mock-chroot> \\s-\\v\\$ ', 'LANG': 'en_US.UTF-8'} and shell False
/etc/profile.d/lang.sh: line 28: warning: setlocale: LC_CTYPE: cannot change locale (en_US.UTF-8): No such file or directory
/etc/profile.d/lang.sh: line 29: warning: setlocale: LC_COLLATE: cannot change locale (en_US.UTF-8): No such file or directory
/etc/profile.d/lang.sh: line 32: warning: setlocale: LC_MESSAGES: cannot change locale (en_US.UTF-8): No such file or directory
/etc/profile.d/lang.sh: line 35: warning: setlocale: LC_NUMERIC: cannot change locale (en_US.UTF-8): No such file or directory
/etc/profile.d/lang.sh: line 38: warning: setlocale: LC_TIME: cannot change locale (en_US.UTF-8): No such file or directory
Building target platforms: x86_64
Building for target x86_64
Wrote: /builddir/build/SRPMS/bazel-0.9.0-2.mga7.src.rpm
Child return code was: 0
ENTER ['do'](['bash', '--login', '-c', '/usr/bin/rpmbuild -bb --target x86_64 --nodeps /builddir/build/SPECS/bazel.spec'], chrootPath='/var/lib/mock/mageia-cauldron-x86_64/root'env={'TERM': 'vt100', 'SHELL': '/bin/bash', 'HOME': '/builddir', 'HOSTNAME': 'mock', 'PATH': '/usr/bin:/bin:/usr/sbin:/sbin', 'PROMPT_COMMAND': 'printf "\\033]0;<mock-chroot>\\007"', 'PS1': '<mock-chroot> \\s-\\v\\$ ', 'LANG': 'en_US.UTF-8'}shell=Falselogger=<mockbuild.trace_decorator.getLog object at 0x7f2df5cb1668>timeout=0uid=0gid=135user='mockbuild'nspawn_args=[]unshare_net=TrueprintOutput=True)
Executing command: ['/usr/bin/systemd-nspawn', '-q', '-M', '4fee917b3820459c93ebb9ac773d3a7a', '-D', '/var/lib/mock/mageia-cauldron-x86_64/root', '-a', '--setenv=TERM=vt100', '--setenv=SHELL=/bin/bash', '--setenv=HOME=/builddir', '--setenv=HOSTNAME=mock', '--setenv=PATH=/usr/bin:/bin:/usr/sbin:/sbin', '--setenv=PROMPT_COMMAND=printf "\\033]0;<mock-chroot>\\007"', '--setenv=PS1=<mock-chroot> \\s-\\v\\$ ', '--setenv=LANG=en_US.UTF-8', '-u', 'mockbuild', 'bash', '--login', '-c', '/usr/bin/rpmbuild -bb --target x86_64 --nodeps /builddir/build/SPECS/bazel.spec'] with env {'TERM': 'vt100', 'SHELL': '/bin/bash', 'HOME': '/builddir', 'HOSTNAME': 'mock', 'PATH': '/usr/bin:/bin:/usr/sbin:/sbin', 'PROMPT_COMMAND': 'printf "\\033]0;<mock-chroot>\\007"', 'PS1': '<mock-chroot> \\s-\\v\\$ ', 'LANG': 'en_US.UTF-8'} and shell False
/etc/profile.d/lang.sh: line 28: warning: setlocale: LC_CTYPE: cannot change locale (en_US.UTF-8): No such file or directory
/etc/profile.d/lang.sh: line 29: warning: setlocale: LC_COLLATE: cannot change locale (en_US.UTF-8): No such file or directory
/etc/profile.d/lang.sh: line 32: warning: setlocale: LC_MESSAGES: cannot change locale (en_US.UTF-8): No such file or directory
/etc/profile.d/lang.sh: line 35: warning: setlocale: LC_NUMERIC: cannot change locale (en_US.UTF-8): No such file or directory
/etc/profile.d/lang.sh: line 38: warning: setlocale: LC_TIME: cannot change locale (en_US.UTF-8): No such file or directory
Building target platforms: x86_64
Building for target x86_64
Executing(%prep): /bin/sh -e /var/tmp/rpm-tmp.7xyQAj
+ umask 022
+ cd /builddir/build/BUILD
+ '[' 1 -eq 1 ']'
+ '[' 1 -eq 1 ']'
+ '[' 1 -eq 1 ']'
+ cd /builddir/build/BUILD
+ rm -rf bazel-0.9.0
+ /usr/bin/mkdir -p bazel-0.9.0
+ cd bazel-0.9.0
+ /usr/bin/unzip -qq /builddir/build/SOURCES/bazel-0.9.0-dist.zip
+ STATUS=0
+ '[' 0 -ne 0 ']'
+ /usr/bin/chmod -Rf a+rX,u+w,g-w,o-w .
+ exit 0
Executing(%build): /bin/sh -e /var/tmp/rpm-tmp.MN6F89
+ umask 022
+ cd /builddir/build/BUILD
+ cd bazel-0.9.0
+ '[' 1 -eq 1 ']'
+ '[' 1 -eq 1 ']'
+ export CC=clang
+ CC=clang
+ export CXX=clang++
+ CXX=clang++
+ export BAZEL=/usr/bin/bazel
+ BAZEL=/usr/bin/bazel
+ CFLAGS='-O2 -g -pipe -Wformat -Werror=format-security -Wp,-D_FORTIFY_SOURCE=2 -fstack-protector --param=ssp-buffer-size=4'
+ export CFLAGS
+ CXXFLAGS='-O2 -g -pipe -Wformat -Werror=format-security -Wp,-D_FORTIFY_SOURCE=2 -fstack-protector --param=ssp-buffer-size=4'
+ export CXXFLAGS
+ FFLAGS='-O2 -g -pipe -Wformat -Werror=format-security -Wp,-D_FORTIFY_SOURCE=2 -fstack-protector --param=ssp-buffer-size=4'
+ export FFLAGS
+ LDFLAGS=' -Wl,--as-needed -Wl,--no-undefined -Wl,-z,relro -Wl,-O1 -Wl,--build-id -Wl,--enable-new-dtags'
+ export LDFLAGS
+ ./compile.sh compile /usr/bin/bazel
Building Bazel with Bazel.
.Extracting Bazel installation...
............
Loading: 
Loading: 0 packages loaded
Analyzing: target //src:bazel (2 packages loaded)
Analyzing: target //src:bazel (4 packages loaded)
Analyzing: target //src:bazel (39 packages loaded)
Analyzing: target //src:bazel (59 packages loaded)
Analyzing: target //src:bazel (169 packages loaded)
INFO: Analysed target //src:bazel (174 packages loaded).
INFO: Found 1 target...
[0 / 17] [-----] Writing file src/java_toolchain_content
[15 / 30] Compiling third_party/protobuf/3.4.0/src/google/protobuf/struct.pb.cc; 0s local ... (7 actions running)
[18 / 33] Compiling third_party/protobuf/3.4.0/src/google/protobuf/struct.pb.cc; 2s local ... (7 actions running)
[31 / 45] Compiling third_party/protobuf/3.4.0/src/google/protobuf/struct.pb.cc; 3s local ... (7 actions running)
[37 / 51] Compiling third_party/protobuf/3.4.0/src/google/protobuf/struct.pb.cc; 5s local ... (7 actions running)
[48 / 62] Compiling third_party/protobuf/3.4.0/src/google/protobuf/generated_message_reflection.cc; 6s local ... (8 actions running)
[62 / 75] Compiling third_party/protobuf/3.4.0/src/google/protobuf/descriptor.cc; 7s local ... (8 actions running)
[80 / 95] Compiling third_party/protobuf/3.4.0/src/google/protobuf/descriptor.cc; 9s local ... (8 actions running)
[86 / 101] Compiling third_party/protobuf/3.4.0/src/google/protobuf/descriptor.cc; 12s local ... (8 actions running)
[92 / 107] Compiling third_party/protobuf/3.4.0/src/google/protobuf/descriptor.cc; 15s local ... (8 actions running)
[99 / 114] Compiling third_party/protobuf/3.4.0/src/google/protobuf/descriptor.cc [for host]; 9s local ... (8 actions running)
[109 / 124] Compiling third_party/protobuf/3.4.0/src/google/protobuf/descriptor.cc [for host]; 13s local ... (8 actions running)
INFO: From Compiling third_party/protobuf/3.4.0/src/google/protobuf/compiler/js/embed.cc [for host]:
third_party/protobuf/3.4.0/src/google/protobuf/compiler/js/embed.cc:37:12: warning: unused variable 'output_file' [-Wunused-const-variable]
const char output_file[] = "well_known_types_embed.cc";
           ^
1 warning generated.
[127 / 145] Compiling third_party/protobuf/3.4.0/src/google/protobuf/util/internal/proto_writer.cc [for host]; 3s local ... (8 actions running)
[139 / 157] Compiling third_party/protobuf/3.4.0/src/google/protobuf/compiler/cpp/cpp_message.cc [for host]; 6s local ... (8 actions running)
[150 / 168] Compiling third_party/protobuf/3.4.0/src/google/protobuf/descriptor.pb.cc [for host]; 10s local ... (8 actions running)
[168 / 186] Compiling third_party/protobuf/3.4.0/src/google/protobuf/compiler/command_line_interface.cc [for host]; 6s local ... (8 actions running)
[194 / 212] Compiling third_party/protobuf/3.4.0/src/google/protobuf/generated_message_table_driven_lite.cc [for host]; 2s local ... (8 actions running)
[214 / 232] Compiling third_party/protobuf/3.4.0/src/google/protobuf/compiler/objectivec/objectivec_enum_field.cc [for host]; 3s local ... (8 actions running)
[236 / 254] Compiling third_party/protobuf/3.4.0/src/google/protobuf/generated_message_reflection.cc [for host]; 5s local ... (8 actions running)
[302 / 320] Compiling third_party/protobuf/3.4.0/src/google/protobuf/generated_message_util.cc; 2s local ... (8 actions running)
INFO: From Compiling third_party/ijar/zip.cc:
third_party/ijar/zip.cc:153:7: warning: private field 'uncompressed_data_' is not used [-Wunused-private-field]
  u1 *uncompressed_data_;
      ^
third_party/ijar/zip.cc:154:10: warning: private field 'uncompressed_data_allocated_' is not used [-Wunused-private-field]
  size_t uncompressed_data_allocated_;
         ^
2 warnings generated.
[368 / 399] Compiling external/com_google_protobuf/src/google/protobuf/util/message_differencer.cc [for host]; 5s local ... (8 actions running)
INFO: From Compiling external/com_google_protobuf/src/google/protobuf/compiler/js/embed.cc [for host]:
external/com_google_protobuf/src/google/protobuf/compiler/js/embed.cc:37:12: warning: unused variable 'output_file' [-Wunused-const-variable]
const char output_file[] = "well_known_types_embed.cc";
           ^
1 warning generated.
[416 / 441] Compiling external/com_google_protobuf/src/google/protobuf/descriptor.pb.cc [for host]; 5s local ... (8 actions running)
[461 / 487] Compiling external/com_google_protobuf/src/google/protobuf/extension_set.cc [for host]; 3s local ... (8 actions running)
[514 / 539] Compiling external/com_google_protobuf/src/google/protobuf/generated_message_reflection.cc [for host]; 6s local ... (8 actions running)
[584 / 613] Compiling external/com_google_protobuf/src/google/protobuf/util/internal/utility.cc; 3s local ... (8 actions running)
INFO: From Compiling third_party/ijar/zip.cc [for host]:
third_party/ijar/zip.cc:153:7: warning: private field 'uncompressed_data_' is not used [-Wunused-private-field]
  u1 *uncompressed_data_;
      ^
third_party/ijar/zip.cc:154:10: warning: private field 'uncompressed_data_allocated_' is not used [-Wunused-private-field]
  size_t uncompressed_data_allocated_;
         ^
2 warnings generated.
[1,017 / 1,654] JavacBootstrap third_party/checker_framework_dataflow/libbootstrap.jar [for host]; 3s local ... (8 actions running)
INFO: From JavacBootstrap src/java_tools/buildjar/java/com/google/devtools/build/buildjar/libbootstrap_JarOwner.jar [for host]:
warning: Implicitly compiled files were not subject to annotation processing.
  Use -proc:none to disable annotation processing or -implicit to specify a policy for implicit compilation.
1 warning
INFO: From JavacBootstrap src/main/java/com/google/devtools/build/lib/shell/libshell-skylark.jar [for host]:
warning: Implicitly compiled files were not subject to annotation processing.
  Use -proc:none to disable annotation processing or -implicit to specify a policy for implicit compilation.
1 warning
INFO: From JavacBootstrap src/java_tools/singlejar/java/com/google/devtools/build/singlejar/libbootstrap.jar [for host]:
warning: Implicitly compiled files were not subject to annotation processing.
  Use -proc:none to disable annotation processing or -implicit to specify a policy for implicit compilation.
1 warning
INFO: From SkylarkAction external/googleapis/google_watch_v1_java_grpc_srcs.jar:
google/watcher/v1/watch.proto: warning: Import google/protobuf/empty.proto but not used.
INFO: From SkylarkAction external/googleapis/google_bytestream_bytestream_java_grpc_srcs.jar:
google/bytestream/bytestream.proto: warning: Import google/protobuf/wrappers.proto but not used.
INFO: From Generating Java (Immutable) proto_library @googleapis//:google_watch_v1_proto:
google/watcher/v1/watch.proto: warning: Import google/protobuf/empty.proto but not used.
INFO: From Generating Java (Immutable) proto_library @googleapis//:google_devtools_build_v1_build_events_proto:
google/devtools/build/v1/build_events.proto: warning: Import google/rpc/status.proto but not used.
INFO: From Generating Java (Immutable) proto_library @googleapis//:google_bytestream_bytestream_proto:
google/bytestream/bytestream.proto: warning: Import google/protobuf/wrappers.proto but not used.
INFO: From Compiling src/main/cpp/blaze_util_posix.cc:
src/main/cpp/blaze_util_posix.cc:272:3: warning: ignoring return value of function declared with 'warn_unused_result' attribute [-Wunused-result]
  write(STDERR_FILENO, message, strlen(message));  // strlen should be OK
  ^~~~~ ~~~~~~~~~~~~~~~~~~~~~~~~~~~~~~~~~~~~~~~
src/main/cpp/blaze_util_posix.cc:273:3: warning: ignoring return value of function declared with 'warn_unused_result' attribute [-Wunused-result]
  write(STDERR_FILENO, ": ", 2);
  ^~~~~ ~~~~~~~~~~~~~~~~~~~~~~
src/main/cpp/blaze_util_posix.cc:274:3: warning: ignoring return value of function declared with 'warn_unused_result' attribute [-Wunused-result]
  write(STDERR_FILENO, error_string, strlen(error_string));
  ^~~~~ ~~~~~~~~~~~~~~~~~~~~~~~~~~~~~~~~~~~~~~~~~~~~~~~~~
src/main/cpp/blaze_util_posix.cc:275:3: warning: ignoring return value of function declared with 'warn_unused_result' attribute [-Wunused-result]
  write(STDERR_FILENO, "\n", 1);
  ^~~~~ ~~~~~~~~~~~~~~~~~~~~~~
src/main/cpp/blaze_util_posix.cc:402:1: warning: control may reach end of non-void function [-Wreturn-type]
}
^
5 warnings generated.
[1,327 / 1,768] JavacBootstrap src/java_tools/buildjar/java/com/google/devtools/build/buildjar/libskylark-deps.jar [for host]; 31s local ... (4 actions running)
INFO: From JavacBootstrap src/java_tools/buildjar/java/com/google/devtools/build/buildjar/libskylark-deps.jar [for host]:
Note: Some input files use or override a deprecated API.
Note: Recompile with -Xlint:deprecation for details.
INFO: From JavacBootstrap src/java_tools/buildjar/java/com/google/devtools/build/buildjar/libbootstrap.jar [for host]:
Note: src/java_tools/buildjar/java/com/google/devtools/build/buildjar/instrumentation/JacocoInstrumentationProcessor.java uses or overrides a deprecated API.
Note: Recompile with -Xlint:deprecation for details.
INFO: From Executing genrule //src/java_tools/junitrunner/java/com/google/testing/coverage:Jacoco_jarjar:
Jan 22, 2018 11:03:34 PM com.tonicsystems.jarjar.transform.JarTransformer transform
INFO: Transforming archive ZipArchive(/builddir/.cache/bazel/_bazel_root/18717fcc2876761641371df889eeda91/execroot/io_bazel/bazel-out/k8-opt/bin/src/java_tools/junitrunner/java/com/google/testing/coverage/JacocoCoverage_deploy.jar)
Jan 22, 2018 11:03:36 PM com.tonicsystems.jarjar.transform.jar.ClassTransformerJarProcessor process
WARNING: Failed to read class module-info.class: java.lang.RuntimeException: RemappingClassAdapter is deprecated, use ClassRemapper instead
[1,580 / 1,768] Building src/main/java/com/google/devtools/build/lib/buildeventstream/proto/libbuild_event_stream_proto-speed.jar (1 source jar); 2s worker ... (7 actions, 4 running)
[1,733 / 1,768] [-----] Extracting interface //src/main/java/com/google/devtools/build/lib:runtime
Target //src:bazel up-to-date:
  bazel-bin/src/bazel
INFO: Elapsed time: 362.426s, Critical Path: 110.25s
INFO: Build completed successfully, 1768 total actions
Build successful! Binary is here: /builddir/build/BUILD/bazel-0.9.0/output/bazel
+ /usr/bin/bazel build //scripts:bazel-complete.bash
Loading: 
Loading: 0 packages loaded
Analyzing: target //scripts:bazel-complete.bash (9 packages loaded)
INFO: Analysed target //scripts:bazel-complete.bash (10 packages loaded).
INFO: Found 1 target...
[0 / 1] [-----] BazelWorkspaceStatusAction stable-status.txt
[208 / 241] Compiling src/main/tools/build-runfiles.cc [for host]; 1s linux-sandbox ... (7 actions running)
[221 / 247] Compiling src/main/cpp/startup_options.cc [for host]; 2s linux-sandbox ... (7 actions running)
[251 / 277] Compiling third_party/grpc/src/cpp/server/server.cc [for host]; 0s linux-sandbox ... (6 actions running)
[274 / 300] Compiling third_party/grpc/src/cpp/server/server.cc [for host]; 1s linux-sandbox ... (7 actions running)
[293 / 320] Compiling third_party/grpc/src/cpp/server/server.cc [for host]; 2s linux-sandbox ... (7 actions running)
[431 / 466] Compiling third_party/grpc/src/cpp/client/channel.cc [for host]; 0s linux-sandbox ... (7 actions running)
[459 / 493] Compiling third_party/grpc/src/cpp/server/server_context.cc [for host]; 1s linux-sandbox ... (7 actions running)
[485 / 520] Compiling third_party/grpc/src/cpp/server/server_builder.cc [for host]; 2s linux-sandbox ... (7 actions running)
[515 / 551] Compiling src/main/cpp/option_processor.cc [for host]; 2s linux-sandbox ... (8 actions running)
INFO: From Compiling src/main/cpp/blaze_util_posix.cc [for host]:
src/main/cpp/blaze_util_posix.cc:272:3: warning: ignoring return value of function declared with 'warn_unused_result' attribute [-Wunused-result]
  write(STDERR_FILENO, message, strlen(message));  // strlen should be OK
  ^~~~~ ~~~~~~~~~~~~~~~~~~~~~~~~~~~~~~~~~~~~~~~
src/main/cpp/blaze_util_posix.cc:273:3: warning: ignoring return value of function declared with 'warn_unused_result' attribute [-Wunused-result]
  write(STDERR_FILENO, ": ", 2);
  ^~~~~ ~~~~~~~~~~~~~~~~~~~~~~
src/main/cpp/blaze_util_posix.cc:274:3: warning: ignoring return value of function declared with 'warn_unused_result' attribute [-Wunused-result]
  write(STDERR_FILENO, error_string, strlen(error_string));
  ^~~~~ ~~~~~~~~~~~~~~~~~~~~~~~~~~~~~~~~~~~~~~~~~~~~~~~~~
src/main/cpp/blaze_util_posix.cc:275:3: warning: ignoring return value of function declared with 'warn_unused_result' attribute [-Wunused-result]
  write(STDERR_FILENO, "\n", 1);
  ^~~~~ ~~~~~~~~~~~~~~~~~~~~~~
src/main/cpp/blaze_util_posix.cc:402:1: warning: control may reach end of non-void function [-Wreturn-type]
}
^
5 warnings generated.
[549 / 585] Compiling third_party/grpc/src/cpp/server/fixed_size_thread_pool.cc [for host]; 1s linux-sandbox ... (8 actions running)
[584 / 606] Compiling src/main/protobuf/execution_statistics.pb.cc [for host]; 1s linux-sandbox ... (7 actions, 6 running)
[628 / 643] Compiling third_party/grpc/src/cpp/client/create_channel_internal.cc [for host]; 0s linux-sandbox ... (7 actions running)
[646 / 664] Compiling src/main/protobuf/command_server.grpc.pb.cc [for host]; 3s linux-sandbox ... (8 actions, 7 running)
[710 / 746] Compiling Java headers src/main/java/com/google/devtools/build/lib/clock/libclock-hjar.jar (3 files) [for host]; 0s linux-sandbox ... (8 actions, 3 running)
[739 / 775] Compiling Java headers third_party/pprof/libprofile_proto-speed-hjar.jar (1 files) [for host]; 1s linux-sandbox ... (8 actions, 5 running)
[780 / 819] Compiling Java headers src/main/java/com/google/devtools/build/lib/libutil-hjar.jar (43 files) [for host]; 0s linux-sandbox ... (8 actions, 4 running)
INFO: From Generating Java (Immutable) proto_library @googleapis//:google_devtools_build_v1_build_events_proto [for host]:
google/devtools/build/v1/build_events.proto: warning: Import google/rpc/status.proto but not used.
[823 / 866] Compiling Java headers src/main/java/com/google/devtools/build/lib/causes/libcauses-hjar.jar (3 files) [for host]; 1s linux-sandbox ... (8 actions, 5 running)
[900 / 957] Compiling Java headers src/main/java/com/google/devtools/build/lib/query2/libabstract-blaze-query-env-hjar.jar (1 files) [for host]; 0s linux-sandbox ... (8 actions, 4 running)
INFO: From SkylarkAction external/googleapis/google_watch_v1_java_grpc_srcs.jar [for host]:
google/watcher/v1/watch.proto: warning: Import google/protobuf/empty.proto but not used.
INFO: From Generating Java (Immutable) proto_library @googleapis//:google_watch_v1_proto [for host]:
google/watcher/v1/watch.proto: warning: Import google/protobuf/empty.proto but not used.
INFO: From SkylarkAction external/googleapis/google_bytestream_bytestream_java_grpc_srcs.jar [for host]:
google/bytestream/bytestream.proto: warning: Import google/protobuf/wrappers.proto but not used.
INFO: From Generating Java (Immutable) proto_library @googleapis//:google_bytestream_bytestream_proto [for host]:
google/bytestream/bytestream.proto: warning: Import google/protobuf/wrappers.proto but not used.
[981 / 1,040] Compiling Java headers external/googleapis/libgoogle_devtools_remoteexecution_v1test_remote_execution_proto-speed-hjar.jar (1 files) [for host]; 1s linux-sandbox ... (8 actions, 5 running)
[1,038 / 1,077] Compiling Java headers src/main/java/com/google/devtools/build/lib/rules/cpp/proto/libCcProtoLibrary-hjar.jar (3 files) [for host]; 1s linux-sandbox ... (8 actions, 4 running)
[1,103 / 1,148] Executing genrule //src/main/java/com/google/devtools/build/lib:merge_licenses [for host]; 0s linux-sandbox ... (7 actions, 4 running)
[1,187 / 1,227] Compiling Java headers src/main/java/com/google/devtools/build/lib/sandbox/libsandbox-hjar.jar (14 files) [for host]; 1s linux-sandbox ... (8 actions, 4 running)
[1,214 / 1,231] Building src/main/java/com/google/devtools/build/lib/rules/objc/libobjc.jar (86 source files) and running annotation processors (OptionProcessor, AutoAnnotationProcessor, AutoValueProcessor) [for host]; 3s worker ... (8 actions, 3 running)
[1,294 / 1,308] Building src/main/java/com/google/devtools/build/lib/libpackages-internal.jar (112 source files) and running annotation processors (OptionProcessor, AutoAnnotationProcessor, AutoValueProcessor) [for host]; 1s worker ... (8 actions, 3 running)
[1,430 / 1,454] Building src/main/java/com/google/devtools/build/lib/libbuild-base.jar (441 source files) and running annotation processors (OptionProcessor, AutoAnnotationProcessor, AutoValueProcessor) [for host]; 13s worker ... (8 actions, 4 running)
INFO: From Executing genrule //src/java_tools/junitrunner/java/com/google/testing/coverage:Jacoco_jarjar [for host]:
Jan 22, 2018 11:07:05 PM com.tonicsystems.jarjar.transform.JarTransformer transform
INFO: Transforming archive ZipArchive(/builddir/.cache/bazel/_bazel_root/18717fcc2876761641371df889eeda91/bazel-sandbox/2599518665529075425/execroot/io_bazel/bazel-out/host/bin/src/java_tools/junitrunner/java/com/google/testing/coverage/JacocoCoverage_deploy.jar)
Jan 22, 2018 11:07:08 PM com.tonicsystems.jarjar.transform.jar.ClassTransformerJarProcessor process
WARNING: Failed to read class module-info.class: java.lang.RuntimeException: RemappingClassAdapter is deprecated, use ClassRemapper instead
[1,638 / 1,656] Building src/tools/android/java/com/google/devtools/build/android/libandroid_builder_lib.jar (91 source files) and running annotation processors (OptionProcessor) [for host]; 3s worker ... (8 actions, 5 running)
INFO: From Executing genrule //scripts:bash_completion:
Extracting Bazel installation...
Target //scripts:bazel-complete.bash up-to-date:
  bazel-bin/scripts/bazel-complete.bash
INFO: Elapsed time: 157.253s, Critical Path: 116.77s
INFO: Build completed successfully, 1259 total actions
+ /usr/bin/bazel shutdown
+ exit 0
Executing(%install): /bin/sh -e /var/tmp/rpm-tmp.5Qva9c
+ umask 022
+ cd /builddir/build/BUILD
+ '[' 1 -eq 1 ']'
+ '[' /builddir/build/BUILDROOT/bazel-0.9.0-2.mga7.x86_64 '!=' / ']'
+ rm -rf /builddir/build/BUILDROOT/bazel-0.9.0-2.mga7.x86_64
++ dirname /builddir/build/BUILDROOT/bazel-0.9.0-2.mga7.x86_64
+ mkdir -p /builddir/build/BUILDROOT
+ mkdir /builddir/build/BUILDROOT/bazel-0.9.0-2.mga7.x86_64
+ cd bazel-0.9.0
+ '[' 1 -eq 1 ']'
+ export DONT_STRIP=1
+ DONT_STRIP=1
+ install -Dm 0755 output/bazel /builddir/build/BUILDROOT/bazel-0.9.0-2.mga7.x86_64//usr/bin/bazel
+ install -Dm 0644 bazel-bin/scripts/bazel-complete.bash /builddir/build/BUILDROOT/bazel-0.9.0-2.mga7.x86_64/usr/share/bash-completion/completions/bazel
+ install -Dm 0644 scripts/zsh_completion/_bazel /builddir/build/BUILDROOT/bazel-0.9.0-2.mga7.x86_64/usr/share/zsh/5.4.2/functions/Completion/Linux/_bazel
Processing files: bazel-0.9.0-2.mga7.x86_64
Executing(%doc): /bin/sh -e /var/tmp/rpm-tmp.jJrRug
+ umask 022
+ cd /builddir/build/BUILD
+ cd bazel-0.9.0
+ DOCDIR=/builddir/build/BUILDROOT/bazel-0.9.0-2.mga7.x86_64/usr/share/doc/bazel
+ export LC_ALL=C
+ LC_ALL=C
+ export DOCDIR
+ /usr/bin/mkdir -p /builddir/build/BUILDROOT/bazel-0.9.0-2.mga7.x86_64/usr/share/doc/bazel
+ cp -pr LICENSE /builddir/build/BUILDROOT/bazel-0.9.0-2.mga7.x86_64/usr/share/doc/bazel
+ cp -pr AUTHORS /builddir/build/BUILDROOT/bazel-0.9.0-2.mga7.x86_64/usr/share/doc/bazel
+ cp -pr CONTRIBUTORS /builddir/build/BUILDROOT/bazel-0.9.0-2.mga7.x86_64/usr/share/doc/bazel
+ cp -pr CONTRIBUTING.md /builddir/build/BUILDROOT/bazel-0.9.0-2.mga7.x86_64/usr/share/doc/bazel
+ cp -pr README.md /builddir/build/BUILDROOT/bazel-0.9.0-2.mga7.x86_64/usr/share/doc/bazel
+ exit 0
Provides: bazel = 0.9.0-2.mga7 bazel(x86-64) = 0.9.0-2.mga7
Requires(rpmlib): rpmlib(CompressedFileNames) <= 3.0.4-1 rpmlib(FileDigests) <= 4.6.0-1 rpmlib(PayloadFilesHavePrefix) <= 4.0-1
Requires: libc.so.6()(64bit) libc.so.6(GLIBC_2.14)(64bit) libc.so.6(GLIBC_2.2.5)(64bit) libc.so.6(GLIBC_2.3)(64bit) libc.so.6(GLIBC_2.3.2)(64bit) libc.so.6(GLIBC_2.3.4)(64bit) libc.so.6(GLIBC_2.4)(64bit) libc.so.6(GLIBC_2.7)(64bit) libc.so.6(GLIBC_2.9)(64bit) libdl.so.2()(64bit) libdl.so.2(GLIBC_2.2.5)(64bit) libgcc_s.so.1()(64bit) libgcc_s.so.1(GCC_3.0)(64bit) libm.so.6()(64bit) libpthread.so.0()(64bit) libpthread.so.0(GLIBC_2.2.5)(64bit) libpthread.so.0(GLIBC_2.3.2)(64bit) librt.so.1()(64bit) librt.so.1(GLIBC_2.2.5)(64bit) libstdc++.so.6()(64bit) libstdc++.so.6(CXXABI_1.3)(64bit) libstdc++.so.6(GLIBCXX_3.4)(64bit) libstdc++.so.6(GLIBCXX_3.4.11)(64bit) libstdc++.so.6(GLIBCXX_3.4.14)(64bit) libstdc++.so.6(GLIBCXX_3.4.15)(64bit) libstdc++.so.6(GLIBCXX_3.4.18)(64bit) libstdc++.so.6(GLIBCXX_3.4.19)(64bit) libstdc++.so.6(GLIBCXX_3.4.20)(64bit) libstdc++.so.6(GLIBCXX_3.4.21)(64bit) libstdc++.so.6(GLIBCXX_3.4.22)(64bit) libstdc++.so.6(GLIBCXX_3.4.23)(64bit) libstdc++.so.6(GLIBCXX_3.4.9)(64bit)
Checking for unpackaged file(s): /usr/lib/rpm/check-files /builddir/build/BUILDROOT/bazel-0.9.0-2.mga7.x86_64
Wrote: /builddir/build/RPMS/bazel-0.9.0-2.mga7.x86_64.rpm
Executing(%clean): /bin/sh -e /var/tmp/rpm-tmp.RXptgE
+ umask 022
+ cd /builddir/build/BUILD
+ cd bazel-0.9.0
+ rm -rf /var/tmp/bazel
+ rm -rf '/tmp/bazel_*'
+ rm -rf /builddir/.cache/bazel
+ exit 0
Child return code was: 0
Mock Version: 1.4.8
Mock Version: 1.4.8
ENTER ['do'](['bash', '--login', '-c', '/usr/bin/rpmbuild -bs --target x86_64 --nodeps /builddir/build/SPECS/bazel.spec'], chrootPath='/var/lib/mock/mageia-cauldron-x86_64/root'env={'TERM': 'vt100', 'SHELL': '/bin/bash', 'HOME': '/builddir', 'HOSTNAME': 'mock', 'PATH': '/usr/bin:/bin:/usr/sbin:/sbin', 'PROMPT_COMMAND': 'printf "\\033]0;<mock-chroot>\\007"', 'PS1': '<mock-chroot> \\s-\\v\\$ ', 'LANG': 'en_US.UTF-8'}shell=Falselogger=<mockbuild.trace_decorator.getLog object at 0x7f041de71710>timeout=0uid=0gid=135user='mockbuild'nspawn_args=[]unshare_net=TrueprintOutput=True)
Executing command: ['/usr/bin/systemd-nspawn', '-q', '-M', 'e3d07bb08c7a49a59ae25fdb4a265d01', '-D', '/var/lib/mock/mageia-cauldron-x86_64/root', '-a', '--setenv=TERM=vt100', '--setenv=SHELL=/bin/bash', '--setenv=HOME=/builddir', '--setenv=HOSTNAME=mock', '--setenv=PATH=/usr/bin:/bin:/usr/sbin:/sbin', '--setenv=PROMPT_COMMAND=printf "\\033]0;<mock-chroot>\\007"', '--setenv=PS1=<mock-chroot> \\s-\\v\\$ ', '--setenv=LANG=en_US.UTF-8', '-u', 'mockbuild', 'bash', '--login', '-c', '/usr/bin/rpmbuild -bs --target x86_64 --nodeps /builddir/build/SPECS/bazel.spec'] with env {'TERM': 'vt100', 'SHELL': '/bin/bash', 'HOME': '/builddir', 'HOSTNAME': 'mock', 'PATH': '/usr/bin:/bin:/usr/sbin:/sbin', 'PROMPT_COMMAND': 'printf "\\033]0;<mock-chroot>\\007"', 'PS1': '<mock-chroot> \\s-\\v\\$ ', 'LANG': 'en_US.UTF-8'} and shell False
/etc/profile.d/lang.sh: line 28: warning: setlocale: LC_CTYPE: cannot change locale (en_US.UTF-8): No such file or directory
/etc/profile.d/lang.sh: line 29: warning: setlocale: LC_COLLATE: cannot change locale (en_US.UTF-8): No such file or directory
/etc/profile.d/lang.sh: line 32: warning: setlocale: LC_MESSAGES: cannot change locale (en_US.UTF-8): No such file or directory
/etc/profile.d/lang.sh: line 35: warning: setlocale: LC_NUMERIC: cannot change locale (en_US.UTF-8): No such file or directory
/etc/profile.d/lang.sh: line 38: warning: setlocale: LC_TIME: cannot change locale (en_US.UTF-8): No such file or directory
Building target platforms: x86_64
Building for target x86_64
Wrote: /builddir/build/SRPMS/bazel-0.9.0-2.mga7.src.rpm
Child return code was: 0
ENTER ['do'](['bash', '--login', '-c', '/usr/bin/rpmbuild -bb --target x86_64 --nodeps /builddir/build/SPECS/bazel.spec'], chrootPath='/var/lib/mock/mageia-cauldron-x86_64/root'env={'TERM': 'vt100', 'SHELL': '/bin/bash', 'HOME': '/builddir', 'HOSTNAME': 'mock', 'PATH': '/usr/bin:/bin:/usr/sbin:/sbin', 'PROMPT_COMMAND': 'printf "\\033]0;<mock-chroot>\\007"', 'PS1': '<mock-chroot> \\s-\\v\\$ ', 'LANG': 'en_US.UTF-8'}shell=Falselogger=<mockbuild.trace_decorator.getLog object at 0x7f041de71710>timeout=0uid=0gid=135user='mockbuild'nspawn_args=[]unshare_net=TrueprintOutput=True)
Executing command: ['/usr/bin/systemd-nspawn', '-q', '-M', '3e9fee760c854fa99cee12c41540f8ad', '-D', '/var/lib/mock/mageia-cauldron-x86_64/root', '-a', '--setenv=TERM=vt100', '--setenv=SHELL=/bin/bash', '--setenv=HOME=/builddir', '--setenv=HOSTNAME=mock', '--setenv=PATH=/usr/bin:/bin:/usr/sbin:/sbin', '--setenv=PROMPT_COMMAND=printf "\\033]0;<mock-chroot>\\007"', '--setenv=PS1=<mock-chroot> \\s-\\v\\$ ', '--setenv=LANG=en_US.UTF-8', '-u', 'mockbuild', 'bash', '--login', '-c', '/usr/bin/rpmbuild -bb --target x86_64 --nodeps /builddir/build/SPECS/bazel.spec'] with env {'TERM': 'vt100', 'SHELL': '/bin/bash', 'HOME': '/builddir', 'HOSTNAME': 'mock', 'PATH': '/usr/bin:/bin:/usr/sbin:/sbin', 'PROMPT_COMMAND': 'printf "\\033]0;<mock-chroot>\\007"', 'PS1': '<mock-chroot> \\s-\\v\\$ ', 'LANG': 'en_US.UTF-8'} and shell False
/etc/profile.d/lang.sh: line 28: warning: setlocale: LC_CTYPE: cannot change locale (en_US.UTF-8): No such file or directory
/etc/profile.d/lang.sh: line 29: warning: setlocale: LC_COLLATE: cannot change locale (en_US.UTF-8): No such file or directory
/etc/profile.d/lang.sh: line 32: warning: setlocale: LC_MESSAGES: cannot change locale (en_US.UTF-8): No such file or directory
/etc/profile.d/lang.sh: line 35: warning: setlocale: LC_NUMERIC: cannot change locale (en_US.UTF-8): No such file or directory
/etc/profile.d/lang.sh: line 38: warning: setlocale: LC_TIME: cannot change locale (en_US.UTF-8): No such file or directory
Building target platforms: x86_64
Building for target x86_64
Executing(%prep): /bin/sh -e /var/tmp/rpm-tmp.nTNHcd
+ umask 022
+ cd /builddir/build/BUILD
+ '[' 1 -eq 1 ']'
+ '[' 1 -eq 1 ']'
+ '[' 1 -eq 1 ']'
+ cd /builddir/build/BUILD
+ rm -rf bazel-0.9.0
+ /usr/bin/mkdir -p bazel-0.9.0
+ cd bazel-0.9.0
+ /usr/bin/unzip -qq /builddir/build/SOURCES/bazel-0.9.0-dist.zip
+ STATUS=0
+ '[' 0 -ne 0 ']'
+ /usr/bin/chmod -Rf a+rX,u+w,g-w,o-w .
+ exit 0
Executing(%build): /bin/sh -e /var/tmp/rpm-tmp.Rb8Zgi
+ umask 022
+ cd /builddir/build/BUILD
+ cd bazel-0.9.0
+ '[' 1 -eq 1 ']'
+ '[' 1 -eq 1 ']'
+ export BAZEL=/usr/bin/bazel
+ BAZEL=/usr/bin/bazel
+ CFLAGS='-O2 -g -pipe -Wformat -Werror=format-security -Wp,-D_FORTIFY_SOURCE=2 -fstack-protector --param=ssp-buffer-size=4'
+ export CFLAGS
+ CXXFLAGS='-O2 -g -pipe -Wformat -Werror=format-security -Wp,-D_FORTIFY_SOURCE=2 -fstack-protector --param=ssp-buffer-size=4'
+ export CXXFLAGS
+ FFLAGS='-O2 -g -pipe -Wformat -Werror=format-security -Wp,-D_FORTIFY_SOURCE=2 -fstack-protector --param=ssp-buffer-size=4'
+ export FFLAGS
+ LDFLAGS=' -Wl,--as-needed -Wl,--no-undefined -Wl,-z,relro -Wl,-O1 -Wl,--build-id -Wl,--enable-new-dtags'
+ export LDFLAGS
+ ./compile.sh compile /usr/bin/bazel
Building Bazel with Bazel.
.Extracting Bazel installation...
............
Loading: 
Loading: 0 packages loaded
Analyzing: target //src:bazel (1 packages loaded)
Analyzing: target //src:bazel (4 packages loaded)
Analyzing: target //src:bazel (45 packages loaded)
Analyzing: target //src:bazel (59 packages loaded)
Analyzing: target //src:bazel (169 packages loaded)
INFO: Analysed target //src:bazel (174 packages loaded).
INFO: Found 1 target...
[0 / 18] [-----] Writing file src/main/java/com/google/devtools/build/lib/bazel/BazelServer_deploy.jar-2.params
[15 / 38] Compiling third_party/protobuf/3.4.0/src/google/protobuf/util/message_differencer.cc; 0s local ... (8 actions running)
[24 / 47] Compiling third_party/protobuf/3.4.0/src/google/protobuf/util/message_differencer.cc; 2s local ... (8 actions running)
[31 / 54] Compiling third_party/protobuf/3.4.0/src/google/protobuf/util/message_differencer.cc; 3s local ... (8 actions running)
[37 / 60] Compiling third_party/protobuf/3.4.0/src/google/protobuf/util/message_differencer.cc; 4s local ... (8 actions running)
[49 / 72] Compiling third_party/protobuf/3.4.0/src/google/protobuf/map_field.cc; 4s local ... (8 actions running)
[65 / 90] Compiling third_party/protobuf/3.4.0/src/google/protobuf/timestamp.pb.cc; 1s local ... (7 actions running)
[77 / 105] Compiling third_party/protobuf/3.4.0/src/google/protobuf/util/internal/utility.cc [for host]; 2s local ... (7 actions running)
[85 / 113] Compiling third_party/protobuf/3.4.0/src/google/protobuf/compiler/java/java_enum_field.cc [for host]; 3s local ... (7 actions running)
[93 / 121] Compiling third_party/protobuf/3.4.0/src/google/protobuf/compiler/javanano/javanano_primitive_field.cc [for host]; 3s local ... (7 actions running)
[103 / 131] Compiling third_party/protobuf/3.4.0/src/google/protobuf/descriptor.cc [for host]; 6s local ... (7 actions running)
[113 / 141] Compiling third_party/protobuf/3.4.0/src/google/protobuf/descriptor.cc [for host]; 11s local ... (8 actions running)
[127 / 155] Compiling third_party/protobuf/3.4.0/src/google/protobuf/dynamic_message.cc [for host]; 2s local ... (7 actions running)
[140 / 168] Compiling third_party/protobuf/3.4.0/src/google/protobuf/compiler/cpp/cpp_message.cc [for host]; 7s local ... (7 actions running)
[156 / 184] Compiling third_party/protobuf/3.4.0/src/google/protobuf/util/internal/default_value_objectwriter.cc [for host]; 3s local ... (7 actions running)
[177 / 205] Compiling third_party/protobuf/3.4.0/src/google/protobuf/compiler/command_line_interface.cc [for host]; 5s local ... (7 actions running)
[199 / 227] Compiling third_party/protobuf/3.4.0/src/google/protobuf/generated_message_reflection.cc [for host]; 6s local ... (7 actions running)
[226 / 254] Compiling third_party/protobuf/3.4.0/src/google/protobuf/compiler/cpp/cpp_message_field.cc [for host]; 4s local ... (7 actions running)
[282 / 311] Compiling third_party/protobuf/3.4.0/src/google/protobuf/descriptor.cc; 6s local ... (7 actions running)
INFO: From Compiling src/main/cpp/blaze_util_posix.cc:
src/main/cpp/blaze_util_posix.cc: In function 'int blaze::ExecuteDaemon(const string&, const std::vector<std::__cxx11::basic_string<char> >&, const string&, const string&, blaze::BlazeServerStartup**)':
src/main/cpp/blaze_util_posix.cc:402:1: warning: control reaches end of non-void function [-Wreturn-type]
 }
 ^
src/main/cpp/blaze_util_posix.cc: In function 'void blaze::Daemonize(const char*)':
src/main/cpp/blaze_util_posix.cc:225:3: warning: ignoring return value of 'int dup(int)', declared with attribute warn_unused_result [-Wunused-result]
   (void) dup(STDOUT_FILENO);  // stderr (2>&1)
   ^~~~~~~~~~~~~~~~~~~~~~~~~
src/main/cpp/blaze_util_posix.cc: In function 'void blaze::DieAfterFork(const char*)':
src/main/cpp/blaze_util_posix.cc:272:8: warning: ignoring return value of 'ssize_t write(int, const void*, size_t)', declared with attribute warn_unused_result [-Wunused-result]
   write(STDERR_FILENO, message, strlen(message));  // strlen should be OK
   ~~~~~^~~~~~~~~~~~~~~~~~~~~~~~~~~~~~~~~~~~~~~~~
src/main/cpp/blaze_util_posix.cc:273:8: warning: ignoring return value of 'ssize_t write(int, const void*, size_t)', declared with attribute warn_unused_result [-Wunused-result]
   write(STDERR_FILENO, ": ", 2);
   ~~~~~^~~~~~~~~~~~~~~~~~~~~~~~
src/main/cpp/blaze_util_posix.cc:274:8: warning: ignoring return value of 'ssize_t write(int, const void*, size_t)', declared with attribute warn_unused_result [-Wunused-result]
   write(STDERR_FILENO, error_string, strlen(error_string));
   ~~~~~^~~~~~~~~~~~~~~~~~~~~~~~~~~~~~~~~~~~~~~~~~~~~~~~~~~
src/main/cpp/blaze_util_posix.cc:275:8: warning: ignoring return value of 'ssize_t write(int, const void*, size_t)', declared with attribute warn_unused_result [-Wunused-result]
   write(STDERR_FILENO, "\n", 1);
   ~~~~~^~~~~~~~~~~~~~~~~~~~~~~~
src/main/cpp/blaze_util_posix.cc: In function 'uint64_t blaze::AcquireLock(const string&, bool, bool, blaze::BlazeLock*)':
src/main/cpp/blaze_util_posix.cc:667:3: warning: ignoring return value of 'int ftruncate(int, __off_t)', declared with attribute warn_unused_result [-Wunused-result]
   (void) ftruncate(lockfd, 0);
   ^~~~~~~~~~~~~~~~~~~~~~~~~~~
[385 / 418] Compiling third_party/protobuf/3.4.0/src/google/protobuf/type.pb.cc; 2s local ... (7 actions running)
[553 / 630] Compiling third_party/protobuf/3.4.0/src/google/protobuf/descriptor.pb.cc; 8s local ... (7 actions running)
[597 / 674] Compiling external/com_google_protobuf/src/google/protobuf/descriptor.cc [for host]; 9s local ... (7 actions running)
[650 / 727] Compiling external/com_google_protobuf/src/google/protobuf/compiler/java/java_shared_code_generator.cc [for host]; 1s local ... (7 actions running)
[713 / 793] Compiling external/com_google_protobuf/src/google/protobuf/compiler/command_line_interface.cc [for host]; 6s local ... (7 actions running)
INFO: From Generating Java (Immutable) proto_library @googleapis//:google_devtools_build_v1_build_events_proto:
google/devtools/build/v1/build_events.proto: warning: Import google/rpc/status.proto but not used.
INFO: From Generating Java (Immutable) proto_library @googleapis//:google_watch_v1_proto:
google/watcher/v1/watch.proto: warning: Import google/protobuf/empty.proto but not used.
INFO: From Generating Java (Immutable) proto_library @googleapis//:google_bytestream_bytestream_proto:
google/bytestream/bytestream.proto: warning: Import google/protobuf/wrappers.proto but not used.
INFO: From SkylarkAction external/googleapis/google_watch_v1_java_grpc_srcs.jar:
google/watcher/v1/watch.proto: warning: Import google/protobuf/empty.proto but not used.
INFO: From SkylarkAction external/googleapis/google_bytestream_bytestream_java_grpc_srcs.jar:
google/bytestream/bytestream.proto: warning: Import google/protobuf/wrappers.proto but not used.
INFO: From JavacBootstrap src/main/java/com/google/devtools/build/lib/shell/libshell-skylark.jar [for host]:
warning: Implicitly compiled files were not subject to annotation processing.
  Use -proc:none to disable annotation processing or -implicit to specify a policy for implicit compilation.
1 warning
INFO: From JavacBootstrap src/java_tools/buildjar/java/com/google/devtools/build/buildjar/libbootstrap_JarOwner.jar [for host]:
warning: Implicitly compiled files were not subject to annotation processing.
  Use -proc:none to disable annotation processing or -implicit to specify a policy for implicit compilation.
1 warning
INFO: From JavacBootstrap src/java_tools/singlejar/java/com/google/devtools/build/singlejar/libbootstrap.jar [for host]:
warning: Implicitly compiled files were not subject to annotation processing.
  Use -proc:none to disable annotation processing or -implicit to specify a policy for implicit compilation.
1 warning
[1,052 / 1,363] JavacBootstrap src/java_tools/buildjar/java/com/google/devtools/build/buildjar/libskylark-deps.jar [for host]; 10s local ... (7 actions, 6 running)
INFO: From JavacBootstrap src/java_tools/buildjar/java/com/google/devtools/build/buildjar/libskylark-deps.jar [for host]:
Note: Some input files use or override a deprecated API.
Note: Recompile with -Xlint:deprecation for details.
[1,119 / 1,427] Compiling external/com_google_protobuf/src/google/protobuf/struct.pb.cc; 4s local ... (8 actions, 6 running)
INFO: From JavacBootstrap src/java_tools/buildjar/java/com/google/devtools/build/buildjar/libbootstrap.jar [for host]:
Note: src/java_tools/buildjar/java/com/google/devtools/build/buildjar/instrumentation/JacocoInstrumentationProcessor.java uses or overrides a deprecated API.
Note: Recompile with -Xlint:deprecation for details.
INFO: From Executing genrule //src/java_tools/junitrunner/java/com/google/testing/coverage:Jacoco_jarjar:
Jan 22, 2018 11:14:31 PM com.tonicsystems.jarjar.transform.JarTransformer transform
INFO: Transforming archive ZipArchive(/builddir/.cache/bazel/_bazel_root/18717fcc2876761641371df889eeda91/execroot/io_bazel/bazel-out/k8-opt/bin/src/java_tools/junitrunner/java/com/google/testing/coverage/JacocoCoverage_deploy.jar)
Jan 22, 2018 11:14:33 PM com.tonicsystems.jarjar.transform.jar.ClassTransformerJarProcessor process
WARNING: Failed to read class module-info.class: java.lang.RuntimeException: RemappingClassAdapter is deprecated, use ClassRemapper instead
[1,523 / 1,768] Building src/main/protobuf/libcrosstool_config_proto-speed.jar (1 source jar); 3s worker ... (8 actions, 4 running)
[1,706 / 1,768] Building src/main/java/com/google/devtools/build/lib/rules/cpp/libcpp.jar (97 source files) and running annotation processors (OptionProcessor, AutoAnnotationProcessor, AutoValueProcessor); 3s worker
Target //src:bazel up-to-date:
  bazel-bin/src/bazel
INFO: Elapsed time: 336.466s, Critical Path: 120.62s
INFO: Build completed successfully, 1768 total actions
Build successful! Binary is here: /builddir/build/BUILD/bazel-0.9.0/output/bazel
+ /usr/bin/bazel build //scripts:bazel-complete.bash
Loading: 
Loading: 0 packages loaded
Analyzing: target //scripts:bazel-complete.bash (10 packages loaded)
INFO: Analysed target //scripts:bazel-complete.bash (10 packages loaded).
INFO: Found 1 target...
[0 / 1] [-----] BazelWorkspaceStatusAction stable-status.txt
[35 / 47] Compiling src/main/cpp/workspace_layout.cc [for host]; 0s linux-sandbox ... (6 actions running)
[60 / 72] Compiling third_party/grpc/src/cpp/client/generic_stub.cc [for host]; 0s linux-sandbox ... (7 actions running)
[79 / 91] Compiling third_party/grpc/src/cpp/client/generic_stub.cc [for host]; 2s linux-sandbox ... (7 actions running)
[223 / 238] Compiling src/main/cpp/option_processor.cc [for host]; 0s linux-sandbox ... (8 actions, 7 running)
[252 / 269] Compiling src/main/cpp/option_processor.cc [for host]; 1s linux-sandbox ... (7 actions running)
INFO: From Compiling src/main/cpp/blaze_util_posix.cc [for host]:
src/main/cpp/blaze_util_posix.cc: In function 'int blaze::ExecuteDaemon(const string&, const std::vector<std::__cxx11::basic_string<char> >&, const string&, const string&, blaze::BlazeServerStartup**)':
src/main/cpp/blaze_util_posix.cc:402:1: warning: control reaches end of non-void function [-Wreturn-type]
 }
 ^
src/main/cpp/blaze_util_posix.cc: In function 'void blaze::Daemonize(const char*)':
src/main/cpp/blaze_util_posix.cc:225:3: warning: ignoring return value of 'int dup(int)', declared with attribute warn_unused_result [-Wunused-result]
   (void) dup(STDOUT_FILENO);  // stderr (2>&1)
   ^~~~~~~~~~~~~~~~~~~~~~~~~
src/main/cpp/blaze_util_posix.cc: In function 'void blaze::DieAfterFork(const char*)':
src/main/cpp/blaze_util_posix.cc:272:8: warning: ignoring return value of 'ssize_t write(int, const void*, size_t)', declared with attribute warn_unused_result [-Wunused-result]
   write(STDERR_FILENO, message, strlen(message));  // strlen should be OK
   ~~~~~^~~~~~~~~~~~~~~~~~~~~~~~~~~~~~~~~~~~~~~~~
src/main/cpp/blaze_util_posix.cc:273:8: warning: ignoring return value of 'ssize_t write(int, const void*, size_t)', declared with attribute warn_unused_result [-Wunused-result]
   write(STDERR_FILENO, ": ", 2);
   ~~~~~^~~~~~~~~~~~~~~~~~~~~~~~
src/main/cpp/blaze_util_posix.cc:274:8: warning: ignoring return value of 'ssize_t write(int, const void*, size_t)', declared with attribute warn_unused_result [-Wunused-result]
   write(STDERR_FILENO, error_string, strlen(error_string));
   ~~~~~^~~~~~~~~~~~~~~~~~~~~~~~~~~~~~~~~~~~~~~~~~~~~~~~~~~
src/main/cpp/blaze_util_posix.cc:275:8: warning: ignoring return value of 'ssize_t write(int, const void*, size_t)', declared with attribute warn_unused_result [-Wunused-result]
   write(STDERR_FILENO, "\n", 1);
   ~~~~~^~~~~~~~~~~~~~~~~~~~~~~~
src/main/cpp/blaze_util_posix.cc: In function 'uint64_t blaze::AcquireLock(const string&, bool, bool, blaze::BlazeLock*)':
src/main/cpp/blaze_util_posix.cc:667:3: warning: ignoring return value of 'int ftruncate(int, __off_t)', declared with attribute warn_unused_result [-Wunused-result]
   (void) ftruncate(lockfd, 0);
   ^~~~~~~~~~~~~~~~~~~~~~~~~~~
[285 / 304] Compiling src/main/cpp/blaze_util_linux.cc [for host]; 0s linux-sandbox ... (7 actions running)
[308 / 327] Compiling third_party/grpc/src/core/compression/message_compress.c [for host]; 0s linux-sandbox ... (7 actions running)
[334 / 354] Compiling third_party/grpc/src/cpp/server/server_builder.cc [for host]; 1s linux-sandbox ... (7 actions running)
[374 / 394] Compiling third_party/grpc/src/cpp/util/status.cc [for host]; 0s linux-sandbox ... (8 actions, 7 running)
[418 / 430] Compiling third_party/grpc/src/cpp/client/create_channel.cc [for host]; 1s linux-sandbox ... (8 actions running)
[619 / 639] Compiling src/main/protobuf/command_server.grpc.pb.cc [for host]; 2s linux-sandbox ... (8 actions running)
[640 / 658] Compiling src/main/cpp/blaze.cc [for host]; 5s linux-sandbox ... (8 actions, 7 running)
[728 / 784] Compiling Java headers src/main/protobuf/libcrosstool_config_proto-speed-hjar.jar (1 files) [for host]; 1s linux-sandbox ... (8 actions, 7 running)
[754 / 809] Compiling Java headers src/main/java/com/google/devtools/common/options/liboptions_internal-hjar.jar (35 files) [for host]; 1s linux-sandbox ... (8 actions, 5 running)
[821 / 885] Compiling Java headers src/main/protobuf/libcommand_server_proto-speed-hjar.jar (1 files) [for host]; 1s linux-sandbox ... (8 actions, 6 running)
INFO: From Generating Java (Immutable) proto_library @googleapis//:google_devtools_build_v1_build_events_proto [for host]:
google/devtools/build/v1/build_events.proto: warning: Import google/rpc/status.proto but not used.
[881 / 949] Compiling Java headers src/main/java/com/google/devtools/build/lib/windows/jni/libprocesses-hjar.jar (1 files) [for host]; 0s linux-sandbox ... (8 actions running)
[925 / 987] Compiling Java headers external/googleapis/libgoogle_devtools_build_v1_build_events_proto-speed-hjar.jar (1 files) [for host]; 1s linux-sandbox ... (8 actions, 5 running)
INFO: From SkylarkAction external/googleapis/google_watch_v1_java_grpc_srcs.jar [for host]:
google/watcher/v1/watch.proto: warning: Import google/protobuf/empty.proto but not used.
INFO: From SkylarkAction external/googleapis/google_bytestream_bytestream_java_grpc_srcs.jar [for host]:
google/bytestream/bytestream.proto: warning: Import google/protobuf/wrappers.proto but not used.
INFO: From Generating Java (Immutable) proto_library @googleapis//:google_bytestream_bytestream_proto [for host]:
google/bytestream/bytestream.proto: warning: Import google/protobuf/wrappers.proto but not used.
INFO: From Generating Java (Immutable) proto_library @googleapis//:google_watch_v1_proto [for host]:
google/watcher/v1/watch.proto: warning: Import google/protobuf/empty.proto but not used.
[986 / 1,056] Building src/main/protobuf/libaction_cache_proto-speed.jar (1 source jar) [for host]; 0s worker ... (8 actions, 4 running)
[1,081 / 1,158] Compiling Java headers src/main/java/com/google/devtools/build/lib/libmaven-connector-hjar.jar (1 files) [for host]; 0s linux-sandbox ... (8 actions, 3 running)
[1,122 / 1,192] Building src/main/protobuf/libbuild_proto-speed.jar (1 source jar) [for host]; 4s worker ... (8 actions, 4 running)
[1,149 / 1,204] Building src/main/java/com/google/devtools/build/lib/libbuild-base.jar (441 source files) and running annotation processors (OptionProcessor, AutoAnnotationProcessor, AutoValueProcessor) [for host]; 12s worker ... (8 actions, 4 running)
[1,200 / 1,246] Compiling Java headers src/main/java/com/google/devtools/build/lib/rules/genrule/libgenrule-hjar.jar (4 files) [for host]; 1s linux-sandbox ... (8 actions, 4 running)
[1,256 / 1,299] Building src/main/java/com/google/devtools/build/lib/rules/objc/libobjc.jar (86 source files) and running annotation processors (OptionProcessor, AutoAnnotationProcessor, AutoValueProcessor) [for host]; 3s worker ... (8 actions, 3 running)
[1,314 / 1,337] Compiling Java headers src/main/java/com/google/devtools/build/lib/exec/apple/libapple-hjar.jar (2 files) [for host]; 0s linux-sandbox ... (8 actions, 4 running)
[1,499 / 1,518] Building src/tools/android/java/com/google/devtools/build/android/libandroid_builder_lib.jar (91 source files) and running annotation processors (OptionProcessor) [for host]; 0s worker ... (8 actions, 3 running)
INFO: From Executing genrule //src/java_tools/junitrunner/java/com/google/testing/coverage:Jacoco_jarjar [for host]:
Jan 22, 2018 11:18:18 PM com.tonicsystems.jarjar.transform.JarTransformer transform
INFO: Transforming archive ZipArchive(/builddir/.cache/bazel/_bazel_root/18717fcc2876761641371df889eeda91/bazel-sandbox/3474328324396121058/execroot/io_bazel/bazel-out/host/bin/src/java_tools/junitrunner/java/com/google/testing/coverage/JacocoCoverage_deploy.jar)
Jan 22, 2018 11:18:20 PM com.tonicsystems.jarjar.transform.jar.ClassTransformerJarProcessor process
WARNING: Failed to read class module-info.class: java.lang.RuntimeException: RemappingClassAdapter is deprecated, use ClassRemapper instead
[1,678 / 1,682] [-----] Executing genrule //src:install_base_key-file [for host]
INFO: From Executing genrule //scripts:bash_completion:
Extracting Bazel installation...
Target //scripts:bazel-complete.bash up-to-date:
  bazel-bin/scripts/bazel-complete.bash
INFO: Elapsed time: 154.623s, Critical Path: 86.31s
INFO: Build completed successfully, 1259 total actions
+ /usr/bin/bazel shutdown
+ exit 0
Executing(%install): /bin/sh -e /var/tmp/rpm-tmp.x4ks0R
+ umask 022
+ cd /builddir/build/BUILD
+ '[' 1 -eq 1 ']'
+ '[' /builddir/build/BUILDROOT/bazel-0.9.0-2.mga7.x86_64 '!=' / ']'
+ rm -rf /builddir/build/BUILDROOT/bazel-0.9.0-2.mga7.x86_64
++ dirname /builddir/build/BUILDROOT/bazel-0.9.0-2.mga7.x86_64
+ mkdir -p /builddir/build/BUILDROOT
+ mkdir /builddir/build/BUILDROOT/bazel-0.9.0-2.mga7.x86_64
+ cd bazel-0.9.0
+ '[' 1 -eq 1 ']'
+ export DONT_STRIP=1
+ DONT_STRIP=1
+ install -Dm 0755 output/bazel /builddir/build/BUILDROOT/bazel-0.9.0-2.mga7.x86_64//usr/bin/bazel
+ install -Dm 0644 bazel-bin/scripts/bazel-complete.bash /builddir/build/BUILDROOT/bazel-0.9.0-2.mga7.x86_64/usr/share/bash-completion/completions/bazel
+ install -Dm 0644 scripts/zsh_completion/_bazel /builddir/build/BUILDROOT/bazel-0.9.0-2.mga7.x86_64/usr/share/zsh/5.4.2/functions/Completion/Linux/_bazel
Processing files: bazel-0.9.0-2.mga7.x86_64
Executing(%doc): /bin/sh -e /var/tmp/rpm-tmp.k32Y7r
+ umask 022
+ cd /builddir/build/BUILD
+ cd bazel-0.9.0
+ DOCDIR=/builddir/build/BUILDROOT/bazel-0.9.0-2.mga7.x86_64/usr/share/doc/bazel
+ export LC_ALL=C
+ LC_ALL=C
+ export DOCDIR
+ /usr/bin/mkdir -p /builddir/build/BUILDROOT/bazel-0.9.0-2.mga7.x86_64/usr/share/doc/bazel
+ cp -pr LICENSE /builddir/build/BUILDROOT/bazel-0.9.0-2.mga7.x86_64/usr/share/doc/bazel
+ cp -pr AUTHORS /builddir/build/BUILDROOT/bazel-0.9.0-2.mga7.x86_64/usr/share/doc/bazel
+ cp -pr CONTRIBUTORS /builddir/build/BUILDROOT/bazel-0.9.0-2.mga7.x86_64/usr/share/doc/bazel
+ cp -pr CONTRIBUTING.md /builddir/build/BUILDROOT/bazel-0.9.0-2.mga7.x86_64/usr/share/doc/bazel
+ cp -pr README.md /builddir/build/BUILDROOT/bazel-0.9.0-2.mga7.x86_64/usr/share/doc/bazel
+ exit 0
Provides: bazel = 0.9.0-2.mga7 bazel(x86-64) = 0.9.0-2.mga7
Requires(rpmlib): rpmlib(CompressedFileNames) <= 3.0.4-1 rpmlib(FileDigests) <= 4.6.0-1 rpmlib(PayloadFilesHavePrefix) <= 4.0-1
Requires: libc.so.6()(64bit) libc.so.6(GLIBC_2.14)(64bit) libc.so.6(GLIBC_2.2.5)(64bit) libc.so.6(GLIBC_2.3)(64bit) libc.so.6(GLIBC_2.3.2)(64bit) libc.so.6(GLIBC_2.3.4)(64bit) libc.so.6(GLIBC_2.4)(64bit) libc.so.6(GLIBC_2.7)(64bit) libc.so.6(GLIBC_2.9)(64bit) libdl.so.2()(64bit) libdl.so.2(GLIBC_2.2.5)(64bit) libgcc_s.so.1()(64bit) libgcc_s.so.1(GCC_3.0)(64bit) libm.so.6()(64bit) libpthread.so.0()(64bit) libpthread.so.0(GLIBC_2.2.5)(64bit) libpthread.so.0(GLIBC_2.3.2)(64bit) librt.so.1()(64bit) librt.so.1(GLIBC_2.2.5)(64bit) libstdc++.so.6()(64bit) libstdc++.so.6(CXXABI_1.3)(64bit) libstdc++.so.6(CXXABI_1.3.8)(64bit) libstdc++.so.6(GLIBCXX_3.4)(64bit) libstdc++.so.6(GLIBCXX_3.4.11)(64bit) libstdc++.so.6(GLIBCXX_3.4.14)(64bit) libstdc++.so.6(GLIBCXX_3.4.15)(64bit) libstdc++.so.6(GLIBCXX_3.4.18)(64bit) libstdc++.so.6(GLIBCXX_3.4.19)(64bit) libstdc++.so.6(GLIBCXX_3.4.20)(64bit) libstdc++.so.6(GLIBCXX_3.4.21)(64bit) libstdc++.so.6(GLIBCXX_3.4.22)(64bit) libstdc++.so.6(GLIBCXX_3.4.9)(64bit)
Checking for unpackaged file(s): /usr/lib/rpm/check-files /builddir/build/BUILDROOT/bazel-0.9.0-2.mga7.x86_64
Wrote: /builddir/build/RPMS/bazel-0.9.0-2.mga7.x86_64.rpm
Executing(%clean): /bin/sh -e /var/tmp/rpm-tmp.PGJJ0r
+ umask 022
+ cd /builddir/build/BUILD
+ cd bazel-0.9.0
+ rm -rf /var/tmp/bazel
+ rm -rf '/tmp/bazel_*'
+ rm -rf /builddir/.cache/bazel
+ exit 0
Child return code was: 0
Mock Version: 1.4.8
ENTER ['do'](['bash', '--login', '-c', '/usr/bin/rpmbuild -bs --target i586 --nodeps /builddir/build/SPECS/bazel.spec'], chrootPath='/var/lib/mock/mageia-cauldron-i586/root'env={'TERM': 'vt100', 'SHELL': '/bin/bash', 'HOME': '/builddir', 'HOSTNAME': 'mock', 'PATH': '/usr/bin:/bin:/usr/sbin:/sbin', 'PROMPT_COMMAND': 'printf "\\033]0;<mock-chroot>\\007"', 'PS1': '<mock-chroot> \\s-\\v\\$ ', 'LANG': 'en_US.UTF-8'}shell=Falselogger=<mockbuild.trace_decorator.getLog object at 0x7f5e93ecd780>timeout=0uid=0gid=135user='mockbuild'nspawn_args=[]unshare_net=TrueprintOutput=True)
Executing command: ['/usr/bin/systemd-nspawn', '-q', '-M', '1f3f64656bd24e0aa347ea05c6c71946', '-D', '/var/lib/mock/mageia-cauldron-i586/root', '-a', '--setenv=TERM=vt100', '--setenv=SHELL=/bin/bash', '--setenv=HOME=/builddir', '--setenv=HOSTNAME=mock', '--setenv=PATH=/usr/bin:/bin:/usr/sbin:/sbin', '--setenv=PROMPT_COMMAND=printf "\\033]0;<mock-chroot>\\007"', '--setenv=PS1=<mock-chroot> \\s-\\v\\$ ', '--setenv=LANG=en_US.UTF-8', '-u', 'mockbuild', 'bash', '--login', '-c', '/usr/bin/rpmbuild -bs --target i586 --nodeps /builddir/build/SPECS/bazel.spec'] with env {'TERM': 'vt100', 'SHELL': '/bin/bash', 'HOME': '/builddir', 'HOSTNAME': 'mock', 'PATH': '/usr/bin:/bin:/usr/sbin:/sbin', 'PROMPT_COMMAND': 'printf "\\033]0;<mock-chroot>\\007"', 'PS1': '<mock-chroot> \\s-\\v\\$ ', 'LANG': 'en_US.UTF-8'} and shell False
/etc/profile.d/lang.sh: line 28: warning: setlocale: LC_CTYPE: cannot change locale (en_US.UTF-8): No such file or directory
/etc/profile.d/lang.sh: line 29: warning: setlocale: LC_COLLATE: cannot change locale (en_US.UTF-8): No such file or directory
/etc/profile.d/lang.sh: line 32: warning: setlocale: LC_MESSAGES: cannot change locale (en_US.UTF-8): No such file or directory
/etc/profile.d/lang.sh: line 35: warning: setlocale: LC_NUMERIC: cannot change locale (en_US.UTF-8): No such file or directory
/etc/profile.d/lang.sh: line 38: warning: setlocale: LC_TIME: cannot change locale (en_US.UTF-8): No such file or directory
Building target platforms: i586
Building for target i586
Wrote: /builddir/build/SRPMS/bazel-0.9.0-2.mga7.src.rpm
Child return code was: 0
ENTER ['do'](['bash', '--login', '-c', '/usr/bin/rpmbuild -bb --target i586 --nodeps /builddir/build/SPECS/bazel.spec'], chrootPath='/var/lib/mock/mageia-cauldron-i586/root'env={'TERM': 'vt100', 'SHELL': '/bin/bash', 'HOME': '/builddir', 'HOSTNAME': 'mock', 'PATH': '/usr/bin:/bin:/usr/sbin:/sbin', 'PROMPT_COMMAND': 'printf "\\033]0;<mock-chroot>\\007"', 'PS1': '<mock-chroot> \\s-\\v\\$ ', 'LANG': 'en_US.UTF-8'}shell=Falselogger=<mockbuild.trace_decorator.getLog object at 0x7f5e93ecd780>timeout=0uid=0gid=135user='mockbuild'nspawn_args=[]unshare_net=TrueprintOutput=True)
Executing command: ['/usr/bin/systemd-nspawn', '-q', '-M', '20345be7cf51464c96a233b0739091ef', '-D', '/var/lib/mock/mageia-cauldron-i586/root', '-a', '--setenv=TERM=vt100', '--setenv=SHELL=/bin/bash', '--setenv=HOME=/builddir', '--setenv=HOSTNAME=mock', '--setenv=PATH=/usr/bin:/bin:/usr/sbin:/sbin', '--setenv=PROMPT_COMMAND=printf "\\033]0;<mock-chroot>\\007"', '--setenv=PS1=<mock-chroot> \\s-\\v\\$ ', '--setenv=LANG=en_US.UTF-8', '-u', 'mockbuild', 'bash', '--login', '-c', '/usr/bin/rpmbuild -bb --target i586 --nodeps /builddir/build/SPECS/bazel.spec'] with env {'TERM': 'vt100', 'SHELL': '/bin/bash', 'HOME': '/builddir', 'HOSTNAME': 'mock', 'PATH': '/usr/bin:/bin:/usr/sbin:/sbin', 'PROMPT_COMMAND': 'printf "\\033]0;<mock-chroot>\\007"', 'PS1': '<mock-chroot> \\s-\\v\\$ ', 'LANG': 'en_US.UTF-8'} and shell False
/etc/profile.d/lang.sh: line 28: warning: setlocale: LC_CTYPE: cannot change locale (en_US.UTF-8): No such file or directory
/etc/profile.d/lang.sh: line 29: warning: setlocale: LC_COLLATE: cannot change locale (en_US.UTF-8): No such file or directory
/etc/profile.d/lang.sh: line 32: warning: setlocale: LC_MESSAGES: cannot change locale (en_US.UTF-8): No such file or directory
/etc/profile.d/lang.sh: line 35: warning: setlocale: LC_NUMERIC: cannot change locale (en_US.UTF-8): No such file or directory
/etc/profile.d/lang.sh: line 38: warning: setlocale: LC_TIME: cannot change locale (en_US.UTF-8): No such file or directory
Building target platforms: i586
Building for target i586
Executing(%prep): /bin/sh -e /var/tmp/rpm-tmp.gmHJuO
+ umask 022
+ cd /builddir/build/BUILD
+ '[' 1 -eq 1 ']'
+ '[' 1 -eq 1 ']'
+ '[' 1 -eq 1 ']'
+ cd /builddir/build/BUILD
+ rm -rf bazel-0.9.0
+ /usr/bin/mkdir -p bazel-0.9.0
+ cd bazel-0.9.0
+ /usr/bin/unzip -qq /builddir/build/SOURCES/bazel-0.9.0-dist.zip
+ STATUS=0
+ '[' 0 -ne 0 ']'
+ /usr/bin/chmod -Rf a+rX,u+w,g-w,o-w .
Patch #0 (bazel-0.9.0-mga-fix-32bit-build.patch):
+ echo 'Patch #0 (bazel-0.9.0-mga-fix-32bit-build.patch):'
+ /usr/bin/patch --no-backup-if-mismatch -p1 --fuzz=0
patching file src/tools/singlejar/mapped_file.h
+ exit 0
Executing(%build): /bin/sh -e /var/tmp/rpm-tmp.ZrsUdh
+ umask 022
+ cd /builddir/build/BUILD
+ cd bazel-0.9.0
+ '[' 1 -eq 1 ']'
+ '[' 1 -eq 1 ']'
+ export BAZEL=/usr/bin/bazel
+ BAZEL=/usr/bin/bazel
+ CFLAGS='-O2 -g -pipe -Wformat -Werror=format-security -Wp,-D_FORTIFY_SOURCE=2 -fstack-protector --param=ssp-buffer-size=4 -fomit-frame-pointer -march=i586 -mtune=generic -fasynchronous-unwind-tables'
+ export CFLAGS
+ CXXFLAGS='-O2 -g -pipe -Wformat -Werror=format-security -Wp,-D_FORTIFY_SOURCE=2 -fstack-protector --param=ssp-buffer-size=4 -fomit-frame-pointer -march=i586 -mtune=generic -fasynchronous-unwind-tables'
+ export CXXFLAGS
+ FFLAGS='-O2 -g -pipe -Wformat -Werror=format-security -Wp,-D_FORTIFY_SOURCE=2 -fstack-protector --param=ssp-buffer-size=4 -fomit-frame-pointer -march=i586 -mtune=generic -fasynchronous-unwind-tables'
+ export FFLAGS
+ LDFLAGS=' -Wl,--as-needed -Wl,--no-undefined -Wl,-z,relro -Wl,-O1 -Wl,--build-id -Wl,--enable-new-dtags'
+ export LDFLAGS
+ ./compile.sh compile /usr/bin/bazel
Building Bazel with Bazel.
.Extracting Bazel installation...
...........
Loading: 
Loading: 0 packages loaded
Analyzing: target //src:bazel (4 packages loaded)
Analyzing: target //src:bazel (5 packages loaded)
Analyzing: target //src:bazel (54 packages loaded)
Analyzing: target //src:bazel (63 packages loaded)
Analyzing: target //src:bazel (171 packages loaded)
INFO: Analysed target //src:bazel (174 packages loaded).
INFO: Found 1 target...
[0 / 12] no action
[18 / 47] Compiling src/main/cpp/blaze_util_posix.cc; 1s local ... (6 actions running)
INFO: From Compiling src/main/cpp/blaze_util_posix.cc:
src/main/cpp/blaze_util_posix.cc: In function 'int blaze::ExecuteDaemon(const string&, const std::vector<std::__cxx11::basic_string<char> >&, const string&, const string&, blaze::BlazeServerStartup**)':
src/main/cpp/blaze_util_posix.cc:402:1: warning: control reaches end of non-void function [-Wreturn-type]
 }
 ^
src/main/cpp/blaze_util_posix.cc: In function 'void blaze::Daemonize(const char*)':
src/main/cpp/blaze_util_posix.cc:225:3: warning: ignoring return value of 'int dup(int)', declared with attribute warn_unused_result [-Wunused-result]
   (void) dup(STDOUT_FILENO);  // stderr (2>&1)
   ^~~~~~~~~~~~~~~~~~~~~~~~~
src/main/cpp/blaze_util_posix.cc: In function 'void blaze::DieAfterFork(const char*)':
src/main/cpp/blaze_util_posix.cc:272:8: warning: ignoring return value of 'ssize_t write(int, const void*, size_t)', declared with attribute warn_unused_result [-Wunused-result]
   write(STDERR_FILENO, message, strlen(message));  // strlen should be OK
   ~~~~~^~~~~~~~~~~~~~~~~~~~~~~~~~~~~~~~~~~~~~~~~
src/main/cpp/blaze_util_posix.cc:273:8: warning: ignoring return value of 'ssize_t write(int, const void*, size_t)', declared with attribute warn_unused_result [-Wunused-result]
   write(STDERR_FILENO, ": ", 2);
   ~~~~~^~~~~~~~~~~~~~~~~~~~~~~~
src/main/cpp/blaze_util_posix.cc:274:8: warning: ignoring return value of 'ssize_t write(int, const void*, size_t)', declared with attribute warn_unused_result [-Wunused-result]
   write(STDERR_FILENO, error_string, strlen(error_string));
   ~~~~~^~~~~~~~~~~~~~~~~~~~~~~~~~~~~~~~~~~~~~~~~~~~~~~~~~~
src/main/cpp/blaze_util_posix.cc:275:8: warning: ignoring return value of 'ssize_t write(int, const void*, size_t)', declared with attribute warn_unused_result [-Wunused-result]
   write(STDERR_FILENO, "\n", 1);
   ~~~~~^~~~~~~~~~~~~~~~~~~~~~~~
src/main/cpp/blaze_util_posix.cc: In function 'uint64_t blaze::AcquireLock(const string&, bool, bool, blaze::BlazeLock*)':
src/main/cpp/blaze_util_posix.cc:667:3: warning: ignoring return value of 'int ftruncate(int, __off_t)', declared with attribute warn_unused_result [-Wunused-result]
   (void) ftruncate(lockfd, 0);
   ^~~~~~~~~~~~~~~~~~~~~~~~~~~
[43 / 151] Compiling src/main/cpp/util/file_posix.cc [for host]; 0s local ... (6 actions, 5 running)
[77 / 354] Compiling third_party/ijar/classfile.cc [for host]; 2s local ... (8 actions, 7 running)
[85 / 354] Compiling third_party/ijar/classfile.cc [for host]; 3s local ... (8 actions running)
[90 / 354] Compiling external/com_google_protobuf/src/google/protobuf/extension_set.cc [for host]; 3s local ... (7 actions running)
[100 / 354] Compiling external/com_google_protobuf/src/google/protobuf/struct.pb.cc; 5s local ... (7 actions running)
[109 / 354] Compiling external/com_google_protobuf/src/google/protobuf/generated_message_util.cc [for host]; 2s local ... (7 actions running)
[115 / 354] Compiling external/com_google_protobuf/src/google/protobuf/descriptor_database.cc [for host]; 4s local ... (7 actions running)
[121 / 354] Compiling external/com_google_protobuf/src/google/protobuf/util/message_differencer.cc [for host]; 4s local ... (7 actions running)
[130 / 354] Compiling external/com_google_protobuf/src/google/protobuf/type.pb.cc [for host]; 3s local ... (8 actions running)
[142 / 354] Compiling external/com_google_protobuf/src/google/protobuf/compiler/parser.cc [for host]; 4s local ... (7 actions running)
[153 / 354] Compiling external/com_google_protobuf/src/google/protobuf/descriptor.cc [for host]; 6s local ... (7 actions running)
[167 / 354] Compiling external/com_google_protobuf/src/google/protobuf/descriptor.cc [for host]; 11s local ... (7 actions running)
[182 / 354] Compiling external/com_google_protobuf/src/google/protobuf/compiler/php/php_generator.cc [for host]; 4s local ... (7 actions running)
[201 / 354] Compiling external/com_google_protobuf/src/google/protobuf/compiler/js/js_generator.cc [for host]; 4s local ... (7 actions running)
[221 / 354] Compiling external/com_google_protobuf/src/google/protobuf/compiler/objectivec/objectivec_helpers.cc [for host]; 4s local ... (7 actions running)
[243 / 354] Compiling external/com_google_protobuf/src/google/protobuf/compiler/command_line_interface.cc [for host]; 3s local ... (8 actions running)
[273 / 382] Compiling external/com_google_protobuf/src/google/protobuf/descriptor.pb.cc [for host]; 10s local ... (7 actions running)
[393 / 884] Compiling external/com_google_protobuf/src/google/protobuf/descriptor.cc; 13s local ... (8 actions, 7 running)
[625 / 1,440] JavacBootstrap src/main/java/com/google/devtools/build/lib/shell/libshell-skylark.jar [for host]; 2s local ... (6 actions running)
INFO: From JavacBootstrap src/java_tools/buildjar/java/com/google/devtools/build/buildjar/libbootstrap_JarOwner.jar [for host]:
warning: Implicitly compiled files were not subject to annotation processing.
  Use -proc:none to disable annotation processing or -implicit to specify a policy for implicit compilation.
1 warning
INFO: From Compiling src/tools/singlejar/input_jar.cc:
In file included from ./src/tools/singlejar/input_jar.h:25:0,
                 from src/tools/singlejar/input_jar.cc:15:
src/tools/singlejar/input_jar.cc: In member function 'bool InputJar::Open(const string&)':
./src/tools/singlejar/diag.h:27:42: warning: format '%lx' expects argument of type 'long unsigned int', but argument 5 has type 'size_t {aka unsigned int}' [-Wformat=]
 #define diag_warnx(...) warnx(__VA_ARGS__)
                                          ^
src/tools/singlejar/input_jar.cc:29:5: note: in expansion of macro 'diag_warnx'
     diag_warnx(
     ^~~~~~~~~~
./src/tools/singlejar/diag.h:27:42: warning: format '%lx' expects argument of type 'long unsigned int', but argument 6 has type 'unsigned int' [-Wformat=]
 #define diag_warnx(...) warnx(__VA_ARGS__)
                                          ^
src/tools/singlejar/input_jar.cc:29:5: note: in expansion of macro 'diag_warnx'
     diag_warnx(
     ^~~~~~~~~~
src/tools/singlejar/input_jar.cc:86:34: warning: comparison between signed and unsigned integer expressions [-Wsign-compare]
     if (mapped_file_.offset(ecd) < cen_position) {
         ~~~~~~~~~~~~~~~~~~~~~~~~~^~~~~~~~~~~~~~
In file included from ./src/tools/singlejar/input_jar.h:25:0,
                 from src/tools/singlejar/input_jar.cc:15:
./src/tools/singlejar/diag.h:27:42: warning: format '%llx' expects argument of type 'long long unsigned int', but argument 5 has type 'off_t {aka long int}' [-Wformat=]
 #define diag_warnx(...) warnx(__VA_ARGS__)
                                          ^
src/tools/singlejar/input_jar.cc:87:7: note: in expansion of macro 'diag_warnx'
       diag_warnx("%s:%d: %s is corrupt: End of Central Directory at 0x%" PRIx64
       ^~~~~~~~~~
src/tools/singlejar/input_jar.cc:97:18: warning: comparison between signed and unsigned integer expressions [-Wsign-compare]
     if (cen_size > mapped_file_.offset(ecd)) {
         ~~~~~~~~~^~~~~~~~~~~~~~~~~~~~~~~~~~
In file included from ./src/tools/singlejar/input_jar.h:25:0,
                 from src/tools/singlejar/input_jar.cc:15:
./src/tools/singlejar/diag.h:27:42: warning: format '%llx' expects argument of type 'long long unsigned int', but argument 5 has type 'off_t {aka long int}' [-Wformat=]
 #define diag_warnx(...) warnx(__VA_ARGS__)
                                          ^
src/tools/singlejar/input_jar.cc:116:9: note: in expansion of macro 'diag_warnx'
         diag_warnx(
         ^~~~~~~~~~
./src/tools/singlejar/diag.h:27:42: warning: format '%llx' expects argument of type 'long long unsigned int', but argument 5 has type 'off_t {aka long int}' [-Wformat=]
 #define diag_warnx(...) warnx(__VA_ARGS__)
                                          ^
src/tools/singlejar/input_jar.cc:130:9: note: in expansion of macro 'diag_warnx'
         diag_warnx(
         ^~~~~~~~~~
./src/tools/singlejar/diag.h:27:42: warning: format '%llx' expects argument of type 'long long unsigned int', but argument 5 has type 'off_t {aka long int}' [-Wformat=]
 #define diag_warnx(...) warnx(__VA_ARGS__)
                                          ^
src/tools/singlejar/input_jar.cc:140:7: note: in expansion of macro 'diag_warnx'
       diag_warnx(
       ^~~~~~~~~~
INFO: From JavacBootstrap src/main/java/com/google/devtools/build/lib/shell/libshell-skylark.jar [for host]:
warning: Implicitly compiled files were not subject to annotation processing.
  Use -proc:none to disable annotation processing or -implicit to specify a policy for implicit compilation.
1 warning
INFO: From JavacBootstrap src/java_tools/singlejar/java/com/google/devtools/build/singlejar/libbootstrap.jar [for host]:
warning: Implicitly compiled files were not subject to annotation processing.
  Use -proc:none to disable annotation processing or -implicit to specify a policy for implicit compilation.
1 warning
[653 / 1,440] JavacBootstrap src/java_tools/buildjar/java/com/google/devtools/build/buildjar/libskylark-deps.jar [for host]; 20s local ... (8 actions, 7 running)
INFO: From JavacBootstrap src/java_tools/buildjar/java/com/google/devtools/build/buildjar/libskylark-deps.jar [for host]:
Note: Some input files use or override a deprecated API.
Note: Recompile with -Xlint:deprecation for details.
[698 / 1,440] Compiling third_party/protobuf/3.4.0/src/google/protobuf/compiler/java/java_message.cc [for host]; 3s local ... (8 actions, 7 running)
INFO: From JavacBootstrap src/java_tools/buildjar/java/com/google/devtools/build/buildjar/libbootstrap.jar [for host]:
Note: src/java_tools/buildjar/java/com/google/devtools/build/buildjar/instrumentation/JacocoInstrumentationProcessor.java uses or overrides a deprecated API.
Note: Recompile with -Xlint:deprecation for details.
[767 / 1,440] Compiling third_party/protobuf/3.4.0/src/google/protobuf/generated_message_reflection.cc [for host]; 4s local ... (8 actions, 7 running)
INFO: From Compiling src/tools/singlejar/singlejar_main.cc:
In file included from ./src/tools/singlejar/transient_bytes.h:23:0,
                 from ./src/tools/singlejar/combiners.h:24,
                 from src/tools/singlejar/singlejar_main.cc:15:
./src/tools/singlejar/transient_bytes.h: In member function 'uint8_t* TransientBytes::advance(size_t)':
./src/tools/singlejar/diag.h:25:40: warning: format '%ld' expects argument of type 'long int', but argument 5 has type 'size_t {aka unsigned int}' [-Wformat=]
 #define diag_errx(...) errx(__VA_ARGS__)
                                        ^
./src/tools/singlejar/transient_bytes.h:279:7: note: in expansion of macro 'diag_errx'
       diag_errx(2, "%s: %d: Cannot advance %ld bytes, only %" PRIu64
       ^~~~~~~~~
INFO: From Compiling src/tools/singlejar/combiners.cc:
In file included from ./src/tools/singlejar/transient_bytes.h:23:0,
                 from ./src/tools/singlejar/combiners.h:24,
                 from src/tools/singlejar/combiners.cc:15:
./src/tools/singlejar/transient_bytes.h: In member function 'uint8_t* TransientBytes::advance(size_t)':
./src/tools/singlejar/diag.h:25:40: warning: format '%ld' expects argument of type 'long int', but argument 5 has type 'size_t {aka unsigned int}' [-Wformat=]
 #define diag_errx(...) errx(__VA_ARGS__)
                                        ^
./src/tools/singlejar/transient_bytes.h:279:7: note: in expansion of macro 'diag_errx'
       diag_errx(2, "%s: %d: Cannot advance %ld bytes, only %" PRIu64
       ^~~~~~~~~
INFO: From Compiling src/tools/singlejar/output_jar.cc:
In file included from ./src/tools/singlejar/transient_bytes.h:23:0,
                 from ./src/tools/singlejar/combiners.h:24,
                 from ./src/tools/singlejar/output_jar.h:26,
                 from src/tools/singlejar/output_jar.cc:18:
./src/tools/singlejar/transient_bytes.h: In member function 'uint8_t* TransientBytes::advance(size_t)':
./src/tools/singlejar/diag.h:25:40: warning: format '%ld' expects argument of type 'long int', but argument 5 has type 'size_t {aka unsigned int}' [-Wformat=]
 #define diag_errx(...) errx(__VA_ARGS__)
                                        ^
./src/tools/singlejar/transient_bytes.h:279:7: note: in expansion of macro 'diag_errx'
       diag_errx(2, "%s: %d: Cannot advance %ld bytes, only %" PRIu64
       ^~~~~~~~~
src/tools/singlejar/output_jar.cc: In member function 'int OutputJar::Doit(Options*)':
src/tools/singlejar/output_jar.cc:102:70: warning: format '%ld' expects argument of type 'long int', but argument 3 has type 'std::vector<std::pair<std::__cxx11::basic_string<char>, std::__cxx11::basic_string<char> > >::size_type {aka unsigned int}' [-Wformat=]
     fprintf(stderr, "%ld source files\n", options_->input_jars.size());
                                           ~~~~~~~~~~~~~~~~~~~~~~~~~~~^
src/tools/singlejar/output_jar.cc:103:76: warning: format '%ld' expects argument of type 'long int', but argument 3 has type 'std::vector<std::__cxx11::basic_string<char> >::size_type {aka unsigned int}' [-Wformat=]
     fprintf(stderr, "%ld manifest lines\n", options_->manifest_lines.size());
                                             ~~~~~~~~~~~~~~~~~~~~~~~~~~~~~~~^
In file included from ./src/tools/singlejar/transient_bytes.h:23:0,
                 from ./src/tools/singlejar/combiners.h:24,
                 from ./src/tools/singlejar/output_jar.h:26,
                 from src/tools/singlejar/output_jar.cc:18:
./src/tools/singlejar/diag.h:24:38: warning: format '%ld' expects argument of type 'long int', but argument 5 has type 'ssize_t {aka int}' [-Wformat=]
 #define diag_err(...) err(__VA_ARGS__)
                                      ^
src/tools/singlejar/output_jar.cc:126:7: note: in expansion of macro 'diag_err'
       diag_err(1, "%s:%d: Copied only %ld bytes out of %" PRIu64 " from %s",
       ^~~~~~~~
./src/tools/singlejar/diag.h:24:38: warning: format '%llu' expects argument of type 'long long unsigned int', but argument 6 has type '__off_t {aka long int}' [-Wformat=]
 #define diag_err(...) err(__VA_ARGS__)
                                      ^
src/tools/singlejar/output_jar.cc:126:7: note: in expansion of macro 'diag_err'
       diag_err(1, "%s:%d: Copied only %ld bytes out of %" PRIu64 " from %s",
       ^~~~~~~~
src/tools/singlejar/output_jar.cc:132:30: warning: format '%llu' expects argument of type 'long long unsigned int', but argument 4 has type '__off_t {aka long int}' [-Wformat=]
               statbuf.st_size);
               ~~~~~~~~~~~~~~~^
In file included from ./src/tools/singlejar/transient_bytes.h:23:0,
                 from ./src/tools/singlejar/combiners.h:24,
                 from ./src/tools/singlejar/output_jar.h:26,
                 from src/tools/singlejar/output_jar.cc:18:
src/tools/singlejar/output_jar.cc: In member function 'bool OutputJar::AddJar(int)':
./src/tools/singlejar/diag.h:24:38: warning: format '%ld' expects argument of type 'long int', but argument 5 has type 'size_t {aka unsigned int}' [-Wformat=]
 #define diag_err(...) err(__VA_ARGS__)
                                      ^
src/tools/singlejar/output_jar.cc:484:7: note: in expansion of macro 'diag_err'
       diag_err(1, "%s:%d: Cannot write %ld bytes of %.*s from %s", __FILE__,
       ^~~~~~~~
src/tools/singlejar/output_jar.cc: In member function 'void OutputJar::WriteEntry(void*)':
src/tools/singlejar/output_jar.cc:520:42: warning: format '%lu' expects argument of type 'long unsigned int', but argument 5 has type 'size_t {aka unsigned int}' [-Wformat=]
src/tools/singlejar/output_jar.cc:517:13:
             entry->uncompressed_file_size(),
             ~~~~~~~~~~~~~~~~~~~~~~~~~~~~~~~
src/tools/singlejar/output_jar.cc:520:42:
             entry->compressed_file_size());
                                          ^
src/tools/singlejar/output_jar.cc:520:42: warning: format '%lu' expects argument of type 'long unsigned int', but argument 7 has type 'size_t {aka unsigned int}' [-Wformat=]
In file included from ./src/tools/singlejar/transient_bytes.h:23:0,
                 from ./src/tools/singlejar/combiners.h:24,
                 from ./src/tools/singlejar/output_jar.h:26,
                 from src/tools/singlejar/output_jar.cc:18:
src/tools/singlejar/output_jar.cc: In member function 'uint8_t* OutputJar::ReserveCdr(size_t)':
./src/tools/singlejar/diag.h:25:40: warning: format '%ld' expects argument of type 'long int', but argument 5 has type 'size_t {aka unsigned int}' [-Wformat=]
 #define diag_errx(...) errx(__VA_ARGS__)
                                        ^
src/tools/singlejar/output_jar.cc:745:7: note: in expansion of macro 'diag_errx'
       diag_errx(1, "%s:%d: Cannot allocate %ld bytes for the directory",
       ^~~~~~~~~
src/tools/singlejar/output_jar.cc: In member function 'bool OutputJar::Close()':
src/tools/singlejar/output_jar.cc:775:42: warning: comparison between signed and unsigned integer expressions [-Wsign-compare]
   bool write_zip64_ecd = output_position >= 0xFFFFFFFF || entries_ >= 0xFFFF ||
                          ~~~~~~~~~~~~~~~~^~~~~~~~~~~~~
[865 / 1,471] Compiling third_party/protobuf/3.4.0/src/google/protobuf/generated_message_reflection.cc; 2s local ... (7 actions running)
INFO: From Generating Java (Immutable) proto_library @googleapis//:google_watch_v1_proto:
google/watcher/v1/watch.proto: warning: Import google/protobuf/empty.proto but not used.
INFO: From Generating Java (Immutable) proto_library @googleapis//:google_devtools_build_v1_build_events_proto:
google/devtools/build/v1/build_events.proto: warning: Import google/rpc/status.proto but not used.
INFO: From Generating Java (Immutable) proto_library @googleapis//:google_bytestream_bytestream_proto:
google/bytestream/bytestream.proto: warning: Import google/protobuf/wrappers.proto but not used.
INFO: From SkylarkAction external/googleapis/google_bytestream_bytestream_java_grpc_srcs.jar:
google/bytestream/bytestream.proto: warning: Import google/protobuf/wrappers.proto but not used.
INFO: From SkylarkAction external/googleapis/google_watch_v1_java_grpc_srcs.jar:
google/watcher/v1/watch.proto: warning: Import google/protobuf/empty.proto but not used.
[1,242 / 1,652] Building src/main/java/com/google/devtools/common/options/liboptions_internal.jar (35 source files); 0s worker ... (8 actions, 3 running)
INFO: From Executing genrule //src/java_tools/junitrunner/java/com/google/testing/coverage:Jacoco_jarjar:
Jan 22, 2018 11:28:55 PM com.tonicsystems.jarjar.transform.JarTransformer transform
INFO: Transforming archive ZipArchive(/builddir/.cache/bazel/_bazel_root/18717fcc2876761641371df889eeda91/execroot/io_bazel/bazel-out/piii-opt/bin/src/java_tools/junitrunner/java/com/google/testing/coverage/JacocoCoverage_deploy.jar)
Jan 22, 2018 11:28:58 PM com.tonicsystems.jarjar.transform.jar.ClassTransformerJarProcessor process
WARNING: Failed to read class module-info.class: java.lang.RuntimeException: RemappingClassAdapter is deprecated, use ClassRemapper instead
[1,569 / 1,700] Compiling third_party/protobuf/3.4.0/src/google/protobuf/util/internal/type_info_test_helper.cc; 1s local ... (8 actions running)
[1,733 / 1,768] [-----] Extracting interface //src/main/java/com/google/devtools/build/lib:runtime
Target //src:bazel up-to-date:
  bazel-bin/src/bazel
INFO: Elapsed time: 321.792s, Critical Path: 123.32s
INFO: Build completed successfully, 1768 total actions
Build successful! Binary is here: /builddir/build/BUILD/bazel-0.9.0/output/bazel
+ /usr/bin/bazel build //scripts:bazel-complete.bash
Loading: 
Loading: 0 packages loaded
Analyzing: target //scripts:bazel-complete.bash (5 packages loaded)
INFO: Analysed target //scripts:bazel-complete.bash (10 packages loaded).
INFO: Found 1 target...
[0 / 1] [-----] BazelWorkspaceStatusAction stable-status.txt
[200 / 223] Compiling src/main/cpp/util/strings.cc [for host]; 1s linux-sandbox ... (7 actions, 6 running)
[215 / 236] Building third_party/java/dd_plist/libdd_plist.jar (16 source files) [for host]; 1s worker ... (7 actions, 6 running)
[225 / 248] Building third_party/java/dd_plist/libdd_plist.jar (16 source files) [for host]; 2s worker ... (8 actions, 6 running)
[241 / 263] Building third_party/java/dd_plist/libdd_plist.jar (16 source files) [for host]; 3s worker ... (8 actions, 5 running)
[246 / 266] Compiling Java headers src/main/java/com/google/devtools/common/options/liboptions_internal-hjar.jar (35 files) [for host]; 1s linux-sandbox ... (8 actions, 3 running)
[255 / 277] Building src/main/protobuf/libbuild_proto-speed.jar (1 source jar) [for host]; 1s worker ... (8 actions, 4 running)
[267 / 292] Building src/main/protobuf/libbuild_proto-speed.jar (1 source jar) [for host]; 2s worker ... (8 actions, 4 running)
[280 / 306] Building src/main/protobuf/libbuild_proto-speed.jar (1 source jar) [for host]; 4s worker ... (8 actions, 4 running)
[295 / 325] Building src/main/protobuf/libbuild_proto-speed.jar (1 source jar) [for host]; 6s worker ... (8 actions, 5 running)
[319 / 351] Compiling Java headers src/main/java/com/google/devtools/build/lib/libevents-hjar.jar (17 files) [for host]; 0s linux-sandbox ... (8 actions, 5 running)
[339 / 367] Building external/com_google_protobuf/libwell_known_types_descriptor_proto-speed.jar (1 source jar) [for host]; 1s worker ... (8 actions, 3 running)
[351 / 375] Building external/com_google_protobuf/libwell_known_types_descriptor_proto-speed.jar (1 source jar) [for host]; 4s worker ... (8 actions, 5 running)
INFO: From Generating Java (Immutable) proto_library @googleapis//:google_devtools_build_v1_build_events_proto [for host]:
google/devtools/build/v1/build_events.proto: warning: Import google/rpc/status.proto but not used.
[585 / 609] Compiling Java headers src/main/java/com/google/devtools/build/lib/libpackages-internal-hjar.jar (112 files) [for host]; 1s linux-sandbox ... (8 actions, 7 running)
[623 / 650] Compiling Java headers src/main/java/com/google/devtools/build/lib/actions/libactions-hjar.jar (101 files) [for host]; 0s linux-sandbox ... (8 actions, 5 running)
[690 / 730] Compiling Java headers src/main/java/com/google/devtools/build/lib/libbuild-base-hjar.jar (441 files) [for host]; 1s linux-sandbox ... (8 actions, 4 running)
[734 / 770] Compiling Java headers src/main/protobuf/libcommand_server_java_grpc-hjar.jar (1 files) [for host]; 0s linux-sandbox ... (8 actions, 4 running)
[775 / 813] Building src/main/protobuf/libcrosstool_config_proto-speed.jar (1 source jar) [for host]; 3s worker ... (8 actions, 5 running)
INFO: From SkylarkAction external/googleapis/google_watch_v1_java_grpc_srcs.jar [for host]:
[832 / 876] Building src/main/protobuf/libcommand_line_proto-speed.jar (1 source jar) [for host]; 0s worker ... (8 actions, 5 running)
google/watcher/v1/watch.proto: warning: Import google/protobuf/empty.proto but not used.
INFO: From Generating Java (Immutable) proto_library @googleapis//:google_watch_v1_proto [for host]:
google/watcher/v1/watch.proto: warning: Import google/protobuf/empty.proto but not used.
INFO: From Generating Java (Immutable) proto_library @googleapis//:google_bytestream_bytestream_proto [for host]:
google/bytestream/bytestream.proto: warning: Import google/protobuf/wrappers.proto but not used.
INFO: From SkylarkAction external/googleapis/google_bytestream_bytestream_java_grpc_srcs.jar [for host]:
google/bytestream/bytestream.proto: warning: Import google/protobuf/wrappers.proto but not used.
[927 / 985] Building external/googleapis/libgoogle_devtools_remoteexecution_v1test_remote_execution_proto-speed.jar (1 source jar) [for host]; 1s worker ... (8 actions, 5 running)
[1,003 / 1,047] Building src/main/java/com/google/devtools/build/lib/libjava-compilation.jar (45 source files) and running annotation processors (OptionProcessor, AutoAnnotationProcessor, AutoValueProcessor) [for host]; 1s worker ... (8 actions, 3 running)
[1,024 / 1,047] Building src/main/java/com/google/devtools/build/lib/libbuild-base.jar (441 source files) and running annotation processors (OptionProcessor, AutoAnnotationProcessor, AutoValueProcessor) [for host]; 5s worker ... (8 actions, 4 running)
[1,070 / 1,084] Compiling Java headers src/main/java/com/google/devtools/build/lib/libbazel-rules-hjar.jar (109 files) [for host]; 1s linux-sandbox ... (8 actions, 4 running)
INFO: From Compiling src/tools/singlejar/singlejar_main.cc [for host]:
In file included from ./src/tools/singlejar/transient_bytes.h:23:0,
                 from ./src/tools/singlejar/combiners.h:24,
                 from src/tools/singlejar/singlejar_main.cc:15:
./src/tools/singlejar/transient_bytes.h: In member function 'uint8_t* TransientBytes::advance(size_t)':
./src/tools/singlejar/diag.h:25:40: warning: format '%ld' expects argument of type 'long int', but argument 5 has type 'size_t {aka unsigned int}' [-Wformat=]
 #define diag_errx(...) errx(__VA_ARGS__)
                                        ^
./src/tools/singlejar/transient_bytes.h:279:7: note: in expansion of macro 'diag_errx'
       diag_errx(2, "%s: %d: Cannot advance %ld bytes, only %" PRIu64
       ^~~~~~~~~
INFO: From Compiling src/tools/singlejar/input_jar.cc [for host]:
In file included from ./src/tools/singlejar/input_jar.h:25:0,
                 from src/tools/singlejar/input_jar.cc:15:
src/tools/singlejar/input_jar.cc: In member function 'bool InputJar::Open(const string&)':
./src/tools/singlejar/diag.h:27:42: warning: format '%lx' expects argument of type 'long unsigned int', but argument 5 has type 'size_t {aka unsigned int}' [-Wformat=]
 #define diag_warnx(...) warnx(__VA_ARGS__)
                                          ^
src/tools/singlejar/input_jar.cc:29:5: note: in expansion of macro 'diag_warnx'
     diag_warnx(
     ^~~~~~~~~~
./src/tools/singlejar/diag.h:27:42: warning: format '%lx' expects argument of type 'long unsigned int', but argument 6 has type 'unsigned int' [-Wformat=]
 #define diag_warnx(...) warnx(__VA_ARGS__)
                                          ^
src/tools/singlejar/input_jar.cc:29:5: note: in expansion of macro 'diag_warnx'
     diag_warnx(
     ^~~~~~~~~~
src/tools/singlejar/input_jar.cc:86:34: warning: comparison between signed and unsigned integer expressions [-Wsign-compare]
     if (mapped_file_.offset(ecd) < cen_position) {
         ~~~~~~~~~~~~~~~~~~~~~~~~~^~~~~~~~~~~~~~
In file included from ./src/tools/singlejar/input_jar.h:25:0,
                 from src/tools/singlejar/input_jar.cc:15:
./src/tools/singlejar/diag.h:27:42: warning: format '%llx' expects argument of type 'long long unsigned int', but argument 5 has type 'off_t {aka long int}' [-Wformat=]
 #define diag_warnx(...) warnx(__VA_ARGS__)
                                          ^
src/tools/singlejar/input_jar.cc:87:7: note: in expansion of macro 'diag_warnx'
       diag_warnx("%s:%d: %s is corrupt: End of Central Directory at 0x%" PRIx64
       ^~~~~~~~~~
src/tools/singlejar/input_jar.cc:97:18: warning: comparison between signed and unsigned integer expressions [-Wsign-compare]
     if (cen_size > mapped_file_.offset(ecd)) {
         ~~~~~~~~~^~~~~~~~~~~~~~~~~~~~~~~~~~
In file included from ./src/tools/singlejar/input_jar.h:25:0,
                 from src/tools/singlejar/input_jar.cc:15:
./src/tools/singlejar/diag.h:27:42: warning: format '%llx' expects argument of type 'long long unsigned int', but argument 5 has type 'off_t {aka long int}' [-Wformat=]
 #define diag_warnx(...) warnx(__VA_ARGS__)
                                          ^
src/tools/singlejar/input_jar.cc:116:9: note: in expansion of macro 'diag_warnx'
         diag_warnx(
         ^~~~~~~~~~
./src/tools/singlejar/diag.h:27:42: warning: format '%llx' expects argument of type 'long long unsigned int', but argument 5 has type 'off_t {aka long int}' [-Wformat=]
 #define diag_warnx(...) warnx(__VA_ARGS__)
                                          ^
src/tools/singlejar/input_jar.cc:130:9: note: in expansion of macro 'diag_warnx'
         diag_warnx(
         ^~~~~~~~~~
./src/tools/singlejar/diag.h:27:42: warning: format '%llx' expects argument of type 'long long unsigned int', but argument 5 has type 'off_t {aka long int}' [-Wformat=]
 #define diag_warnx(...) warnx(__VA_ARGS__)
                                          ^
src/tools/singlejar/input_jar.cc:140:7: note: in expansion of macro 'diag_warnx'
       diag_warnx(
       ^~~~~~~~~~
INFO: From Compiling src/tools/singlejar/combiners.cc [for host]:
In file included from ./src/tools/singlejar/transient_bytes.h:23:0,
                 from ./src/tools/singlejar/combiners.h:24,
                 from src/tools/singlejar/combiners.cc:15:
./src/tools/singlejar/transient_bytes.h: In member function 'uint8_t* TransientBytes::advance(size_t)':
./src/tools/singlejar/diag.h:25:40: warning: format '%ld' expects argument of type 'long int', but argument 5 has type 'size_t {aka unsigned int}' [-Wformat=]
 #define diag_errx(...) errx(__VA_ARGS__)
                                        ^
./src/tools/singlejar/transient_bytes.h:279:7: note: in expansion of macro 'diag_errx'
       diag_errx(2, "%s: %d: Cannot advance %ld bytes, only %" PRIu64
       ^~~~~~~~~
INFO: From Compiling src/tools/singlejar/output_jar.cc [for host]:
In file included from ./src/tools/singlejar/transient_bytes.h:23:0,
                 from ./src/tools/singlejar/combiners.h:24,
                 from ./src/tools/singlejar/output_jar.h:26,
                 from src/tools/singlejar/output_jar.cc:18:
./src/tools/singlejar/transient_bytes.h: In member function 'uint8_t* TransientBytes::advance(size_t)':
./src/tools/singlejar/diag.h:25:40: warning: format '%ld' expects argument of type 'long int', but argument 5 has type 'size_t {aka unsigned int}' [-Wformat=]
 #define diag_errx(...) errx(__VA_ARGS__)
                                        ^
./src/tools/singlejar/transient_bytes.h:279:7: note: in expansion of macro 'diag_errx'
       diag_errx(2, "%s: %d: Cannot advance %ld bytes, only %" PRIu64
       ^~~~~~~~~
src/tools/singlejar/output_jar.cc: In member function 'int OutputJar::Doit(Options*)':
src/tools/singlejar/output_jar.cc:102:70: warning: format '%ld' expects argument of type 'long int', but argument 3 has type 'std::vector<std::pair<std::__cxx11::basic_string<char>, std::__cxx11::basic_string<char> > >::size_type {aka unsigned int}' [-Wformat=]
     fprintf(stderr, "%ld source files\n", options_->input_jars.size());
                                           ~~~~~~~~~~~~~~~~~~~~~~~~~~~^
src/tools/singlejar/output_jar.cc:103:76: warning: format '%ld' expects argument of type 'long int', but argument 3 has type 'std::vector<std::__cxx11::basic_string<char> >::size_type {aka unsigned int}' [-Wformat=]
     fprintf(stderr, "%ld manifest lines\n", options_->manifest_lines.size());
                                             ~~~~~~~~~~~~~~~~~~~~~~~~~~~~~~~^
In file included from ./src/tools/singlejar/transient_bytes.h:23:0,
                 from ./src/tools/singlejar/combiners.h:24,
                 from ./src/tools/singlejar/output_jar.h:26,
                 from src/tools/singlejar/output_jar.cc:18:
./src/tools/singlejar/diag.h:24:38: warning: format '%ld' expects argument of type 'long int', but argument 5 has type 'ssize_t {aka int}' [-Wformat=]
 #define diag_err(...) err(__VA_ARGS__)
                                      ^
src/tools/singlejar/output_jar.cc:126:7: note: in expansion of macro 'diag_err'
       diag_err(1, "%s:%d: Copied only %ld bytes out of %" PRIu64 " from %s",
       ^~~~~~~~
./src/tools/singlejar/diag.h:24:38: warning: format '%llu' expects argument of type 'long long unsigned int', but argument 6 has type '__off_t {aka long int}' [-Wformat=]
 #define diag_err(...) err(__VA_ARGS__)
                                      ^
src/tools/singlejar/output_jar.cc:126:7: note: in expansion of macro 'diag_err'
       diag_err(1, "%s:%d: Copied only %ld bytes out of %" PRIu64 " from %s",
       ^~~~~~~~
src/tools/singlejar/output_jar.cc:132:30: warning: format '%llu' expects argument of type 'long long unsigned int', but argument 4 has type '__off_t {aka long int}' [-Wformat=]
               statbuf.st_size);
               ~~~~~~~~~~~~~~~^
In file included from ./src/tools/singlejar/transient_bytes.h:23:0,
                 from ./src/tools/singlejar/combiners.h:24,
                 from ./src/tools/singlejar/output_jar.h:26,
                 from src/tools/singlejar/output_jar.cc:18:
src/tools/singlejar/output_jar.cc: In member function 'bool OutputJar::AddJar(int)':
./src/tools/singlejar/diag.h:24:38: warning: format '%ld' expects argument of type 'long int', but argument 5 has type 'size_t {aka unsigned int}' [-Wformat=]
 #define diag_err(...) err(__VA_ARGS__)
                                      ^
src/tools/singlejar/output_jar.cc:484:7: note: in expansion of macro 'diag_err'
       diag_err(1, "%s:%d: Cannot write %ld bytes of %.*s from %s", __FILE__,
       ^~~~~~~~
src/tools/singlejar/output_jar.cc: In member function 'void OutputJar::WriteEntry(void*)':
src/tools/singlejar/output_jar.cc:520:42: warning: format '%lu' expects argument of type 'long unsigned int', but argument 5 has type 'size_t {aka unsigned int}' [-Wformat=]
src/tools/singlejar/output_jar.cc:517:13:
             entry->uncompressed_file_size(),
             ~~~~~~~~~~~~~~~~~~~~~~~~~~~~~~~
src/tools/singlejar/output_jar.cc:520:42:
             entry->compressed_file_size());
                                          ^
src/tools/singlejar/output_jar.cc:520:42: warning: format '%lu' expects argument of type 'long unsigned int', but argument 7 has type 'size_t {aka unsigned int}' [-Wformat=]
In file included from ./src/tools/singlejar/transient_bytes.h:23:0,
                 from ./src/tools/singlejar/combiners.h:24,
                 from ./src/tools/singlejar/output_jar.h:26,
                 from src/tools/singlejar/output_jar.cc:18:
src/tools/singlejar/output_jar.cc: In member function 'uint8_t* OutputJar::ReserveCdr(size_t)':
./src/tools/singlejar/diag.h:25:40: warning: format '%ld' expects argument of type 'long int', but argument 5 has type 'size_t {aka unsigned int}' [-Wformat=]
 #define diag_errx(...) errx(__VA_ARGS__)
                                        ^
src/tools/singlejar/output_jar.cc:745:7: note: in expansion of macro 'diag_errx'
       diag_errx(1, "%s:%d: Cannot allocate %ld bytes for the directory",
       ^~~~~~~~~
src/tools/singlejar/output_jar.cc: In member function 'bool OutputJar::Close()':
src/tools/singlejar/output_jar.cc:775:42: warning: comparison between signed and unsigned integer expressions [-Wsign-compare]
   bool write_zip64_ecd = output_position >= 0xFFFFFFFF || entries_ >= 0xFFFF ||
                          ~~~~~~~~~~~~~~~~^~~~~~~~~~~~~
[1,239 / 1,260] Compiling Java headers src/java_tools/junitrunner/java/com/google/testing/junit/runner/util/libutil-hjar.jar (16 files) [for host]; 0s linux-sandbox ... (8 actions, 5 running)
INFO: From Executing genrule //src/java_tools/junitrunner/java/com/google/testing/coverage:Jacoco_jarjar [for host]:
Jan 22, 2018 11:31:41 PM com.tonicsystems.jarjar.transform.JarTransformer transform
INFO: Transforming archive ZipArchive(/builddir/.cache/bazel/_bazel_root/18717fcc2876761641371df889eeda91/bazel-sandbox/4354441176360590690/execroot/io_bazel/bazel-out/host/bin/src/java_tools/junitrunner/java/com/google/testing/coverage/JacocoCoverage_deploy.jar)
Jan 22, 2018 11:31:44 PM com.tonicsystems.jarjar.transform.jar.ClassTransformerJarProcessor process
WARNING: Failed to read class module-info.class: java.lang.RuntimeException: RemappingClassAdapter is deprecated, use ClassRemapper instead
[1,460 / 1,475] Building src/tools/android/java/com/google/devtools/build/android/libandroid_builder_lib.jar (91 source files) and running annotation processors (OptionProcessor) [for host]; 2s worker ... (7 actions, 6 running)
INFO: From Compiling src/main/cpp/blaze_util_posix.cc [for host]:
src/main/cpp/blaze_util_posix.cc: In function 'int blaze::ExecuteDaemon(const string&, const std::vector<std::__cxx11::basic_string<char> >&, const string&, const string&, blaze::BlazeServerStartup**)':
src/main/cpp/blaze_util_posix.cc:402:1: warning: control reaches end of non-void function [-Wreturn-type]
 }
 ^
src/main/cpp/blaze_util_posix.cc: In function 'void blaze::Daemonize(const char*)':
src/main/cpp/blaze_util_posix.cc:225:3: warning: ignoring return value of 'int dup(int)', declared with attribute warn_unused_result [-Wunused-result]
   (void) dup(STDOUT_FILENO);  // stderr (2>&1)
   ^~~~~~~~~~~~~~~~~~~~~~~~~
src/main/cpp/blaze_util_posix.cc: In function 'void blaze::DieAfterFork(const char*)':
src/main/cpp/blaze_util_posix.cc:272:8: warning: ignoring return value of 'ssize_t write(int, const void*, size_t)', declared with attribute warn_unused_result [-Wunused-result]
   write(STDERR_FILENO, message, strlen(message));  // strlen should be OK
   ~~~~~^~~~~~~~~~~~~~~~~~~~~~~~~~~~~~~~~~~~~~~~~
src/main/cpp/blaze_util_posix.cc:273:8: warning: ignoring return value of 'ssize_t write(int, const void*, size_t)', declared with attribute warn_unused_result [-Wunused-result]
   write(STDERR_FILENO, ": ", 2);
   ~~~~~^~~~~~~~~~~~~~~~~~~~~~~~
src/main/cpp/blaze_util_posix.cc:274:8: warning: ignoring return value of 'ssize_t write(int, const void*, size_t)', declared with attribute warn_unused_result [-Wunused-result]
   write(STDERR_FILENO, error_string, strlen(error_string));
   ~~~~~^~~~~~~~~~~~~~~~~~~~~~~~~~~~~~~~~~~~~~~~~~~~~~~~~~~
src/main/cpp/blaze_util_posix.cc:275:8: warning: ignoring return value of 'ssize_t write(int, const void*, size_t)', declared with attribute warn_unused_result [-Wunused-result]
   write(STDERR_FILENO, "\n", 1);
   ~~~~~^~~~~~~~~~~~~~~~~~~~~~~~
src/main/cpp/blaze_util_posix.cc: In function 'uint64_t blaze::AcquireLock(const string&, bool, bool, blaze::BlazeLock*)':
src/main/cpp/blaze_util_posix.cc:667:3: warning: ignoring return value of 'int ftruncate(int, __off_t)', declared with attribute warn_unused_result [-Wunused-result]
   (void) ftruncate(lockfd, 0);
   ^~~~~~~~~~~~~~~~~~~~~~~~~~~
[1,677 / 1,682] [-----] Linking src/main/cpp/client [for host]
INFO: From Executing genrule //scripts:bash_completion:
Extracting Bazel installation...
Target //scripts:bazel-complete.bash up-to-date:
  bazel-bin/scripts/bazel-complete.bash
INFO: Elapsed time: 134.536s, Critical Path: 62.60s
INFO: Build completed successfully, 1259 total actions
+ /usr/bin/bazel shutdown
+ exit 0
Executing(%install): /bin/sh -e /var/tmp/rpm-tmp.XYvoE9
+ umask 022
+ cd /builddir/build/BUILD
+ '[' 1 -eq 1 ']'
+ '[' /builddir/build/BUILDROOT/bazel-0.9.0-2.mga7.i386 '!=' / ']'
+ rm -rf /builddir/build/BUILDROOT/bazel-0.9.0-2.mga7.i386
++ dirname /builddir/build/BUILDROOT/bazel-0.9.0-2.mga7.i386
+ mkdir -p /builddir/build/BUILDROOT
+ mkdir /builddir/build/BUILDROOT/bazel-0.9.0-2.mga7.i386
+ cd bazel-0.9.0
+ '[' 1 -eq 1 ']'
+ export DONT_STRIP=1
+ DONT_STRIP=1
+ install -Dm 0755 output/bazel /builddir/build/BUILDROOT/bazel-0.9.0-2.mga7.i386//usr/bin/bazel
+ install -Dm 0644 bazel-bin/scripts/bazel-complete.bash /builddir/build/BUILDROOT/bazel-0.9.0-2.mga7.i386/usr/share/bash-completion/completions/bazel
+ install -Dm 0644 scripts/zsh_completion/_bazel /builddir/build/BUILDROOT/bazel-0.9.0-2.mga7.i386/usr/share/zsh/5.4.2/functions/Completion/Linux/_bazel
Processing files: bazel-0.9.0-2.mga7.i586
Executing(%doc): /bin/sh -e /var/tmp/rpm-tmp.iFUst2
+ umask 022
+ cd /builddir/build/BUILD
+ cd bazel-0.9.0
+ DOCDIR=/builddir/build/BUILDROOT/bazel-0.9.0-2.mga7.i386/usr/share/doc/bazel
+ export LC_ALL=C
+ LC_ALL=C
+ export DOCDIR
+ /usr/bin/mkdir -p /builddir/build/BUILDROOT/bazel-0.9.0-2.mga7.i386/usr/share/doc/bazel
+ cp -pr LICENSE /builddir/build/BUILDROOT/bazel-0.9.0-2.mga7.i386/usr/share/doc/bazel
+ cp -pr AUTHORS /builddir/build/BUILDROOT/bazel-0.9.0-2.mga7.i386/usr/share/doc/bazel
+ cp -pr CONTRIBUTORS /builddir/build/BUILDROOT/bazel-0.9.0-2.mga7.i386/usr/share/doc/bazel
+ cp -pr CONTRIBUTING.md /builddir/build/BUILDROOT/bazel-0.9.0-2.mga7.i386/usr/share/doc/bazel
+ cp -pr README.md /builddir/build/BUILDROOT/bazel-0.9.0-2.mga7.i386/usr/share/doc/bazel
+ exit 0
Provides: bazel = 0.9.0-2.mga7 bazel(x86-32) = 0.9.0-2.mga7
Requires(rpmlib): rpmlib(CompressedFileNames) <= 3.0.4-1 rpmlib(FileDigests) <= 4.6.0-1 rpmlib(PayloadFilesHavePrefix) <= 4.0-1
Requires: libc.so.6 libc.so.6(GLIBC_2.0) libc.so.6(GLIBC_2.1) libc.so.6(GLIBC_2.1.2) libc.so.6(GLIBC_2.1.3) libc.so.6(GLIBC_2.2) libc.so.6(GLIBC_2.3) libc.so.6(GLIBC_2.3.2) libc.so.6(GLIBC_2.3.4) libc.so.6(GLIBC_2.4) libc.so.6(GLIBC_2.7) libc.so.6(GLIBC_2.9) libdl.so.2 libdl.so.2(GLIBC_2.0) libgcc_s.so.1 libgcc_s.so.1(GCC_3.0) libm.so.6 libpthread.so.0 libpthread.so.0(GLIBC_2.0) libpthread.so.0(GLIBC_2.1) libpthread.so.0(GLIBC_2.2) libpthread.so.0(GLIBC_2.3.2) librt.so.1 librt.so.1(GLIBC_2.2) libstdc++.so.6 libstdc++.so.6(CXXABI_1.3) libstdc++.so.6(CXXABI_1.3.8) libstdc++.so.6(GLIBCXX_3.4) libstdc++.so.6(GLIBCXX_3.4.11) libstdc++.so.6(GLIBCXX_3.4.14) libstdc++.so.6(GLIBCXX_3.4.15) libstdc++.so.6(GLIBCXX_3.4.18) libstdc++.so.6(GLIBCXX_3.4.19) libstdc++.so.6(GLIBCXX_3.4.20) libstdc++.so.6(GLIBCXX_3.4.21) libstdc++.so.6(GLIBCXX_3.4.22) libstdc++.so.6(GLIBCXX_3.4.9)
Checking for unpackaged file(s): /usr/lib/rpm/check-files /builddir/build/BUILDROOT/bazel-0.9.0-2.mga7.i386
Wrote: /builddir/build/RPMS/bazel-0.9.0-2.mga7.i586.rpm
Executing(%clean): /bin/sh -e /var/tmp/rpm-tmp.hfzeHq
+ umask 022
+ cd /builddir/build/BUILD
+ cd bazel-0.9.0
+ rm -rf /var/tmp/bazel
+ rm -rf '/tmp/bazel_*'
+ rm -rf /builddir/.cache/bazel
+ exit 0
Child return code was: 0
