Mock Version: 1.4.9
Mock Version: 1.4.9
Mock Version: 1.4.9
Mock Version: 1.4.9
Mock Version: 1.4.9
Mock Version: 1.4.9
ENTER ['do'](['bash', '--login', '-c', '/usr/bin/rpmbuild -bs --target x86_64 --nodeps /builddir/build/SPECS/ecflow.spec'], chrootPath='/home/stig/rpmbuild/mock/cauldron/x86_64'env={'TERM': 'vt100', 'SHELL': '/bin/bash', 'HOME': '/builddir', 'HOSTNAME': 'mock', 'PATH': '/usr/bin:/bin:/usr/sbin:/sbin', 'PROMPT_COMMAND': 'printf "\\033]0;<mock-chroot>\\007"', 'PS1': '<mock-chroot> \\s-\\v\\$ ', 'LANG': 'en_US.UTF-8'}shell=Falselogger=<mockbuild.trace_decorator.getLog object at 0x7f3050d22c88>timeout=0uid=1000gid=135user='mockbuild'nspawn_args=[]unshare_net=TrueprintOutput=True)
Executing command: ['/usr/bin/systemd-nspawn', '-q', '-M', 'dbd3cabc1e7c44cf87b14bb2bc4f0abb', '-D', '/home/stig/rpmbuild/mock/cauldron/x86_64', '-a', '--setenv=TERM=vt100', '--setenv=SHELL=/bin/bash', '--setenv=HOME=/builddir', '--setenv=HOSTNAME=mock', '--setenv=PATH=/usr/bin:/bin:/usr/sbin:/sbin', '--setenv=PROMPT_COMMAND=printf "\\033]0;<mock-chroot>\\007"', '--setenv=PS1=<mock-chroot> \\s-\\v\\$ ', '--setenv=LANG=en_US.UTF-8', '-u', 'mockbuild', 'bash', '--login', '-c', '/usr/bin/rpmbuild -bs --target x86_64 --nodeps /builddir/build/SPECS/ecflow.spec'] with env {'TERM': 'vt100', 'SHELL': '/bin/bash', 'HOME': '/builddir', 'HOSTNAME': 'mock', 'PATH': '/usr/bin:/bin:/usr/sbin:/sbin', 'PROMPT_COMMAND': 'printf "\\033]0;<mock-chroot>\\007"', 'PS1': '<mock-chroot> \\s-\\v\\$ ', 'LANG': 'en_US.UTF-8'} and shell False
BUILDSTDERR: /etc/profile.d/lang.sh: line 28: warning: setlocale: LC_CTYPE: cannot change locale (en_US.UTF-8): No such file or directory
BUILDSTDERR: /etc/profile.d/lang.sh: line 29: warning: setlocale: LC_COLLATE: cannot change locale (en_US.UTF-8): No such file or directory
BUILDSTDERR: /etc/profile.d/lang.sh: line 32: warning: setlocale: LC_MESSAGES: cannot change locale (en_US.UTF-8): No such file or directory
BUILDSTDERR: /etc/profile.d/lang.sh: line 35: warning: setlocale: LC_NUMERIC: cannot change locale (en_US.UTF-8): No such file or directory
BUILDSTDERR: /etc/profile.d/lang.sh: line 38: warning: setlocale: LC_TIME: cannot change locale (en_US.UTF-8): No such file or directory
Building target platforms: x86_64
Building for target x86_64
Wrote: /builddir/build/SRPMS/ecflow-4.8.0-10.mga7.src.rpm
Child return code was: 0
ENTER ['do'](['bash', '--login', '-c', '/usr/bin/rpmbuild -bb --target x86_64 --nodeps /builddir/build/SPECS/ecflow.spec'], chrootPath='/home/stig/rpmbuild/mock/cauldron/x86_64'env={'TERM': 'vt100', 'SHELL': '/bin/bash', 'HOME': '/builddir', 'HOSTNAME': 'mock', 'PATH': '/usr/bin:/bin:/usr/sbin:/sbin', 'PROMPT_COMMAND': 'printf "\\033]0;<mock-chroot>\\007"', 'PS1': '<mock-chroot> \\s-\\v\\$ ', 'LANG': 'en_US.UTF-8'}shell=Falselogger=<mockbuild.trace_decorator.getLog object at 0x7f3050d22c88>timeout=0uid=1000gid=135user='mockbuild'nspawn_args=[]unshare_net=TrueprintOutput=True)
Executing command: ['/usr/bin/systemd-nspawn', '-q', '-M', '379f8a2713cb42a99dc9cd06dfede2a4', '-D', '/home/stig/rpmbuild/mock/cauldron/x86_64', '-a', '--setenv=TERM=vt100', '--setenv=SHELL=/bin/bash', '--setenv=HOME=/builddir', '--setenv=HOSTNAME=mock', '--setenv=PATH=/usr/bin:/bin:/usr/sbin:/sbin', '--setenv=PROMPT_COMMAND=printf "\\033]0;<mock-chroot>\\007"', '--setenv=PS1=<mock-chroot> \\s-\\v\\$ ', '--setenv=LANG=en_US.UTF-8', '-u', 'mockbuild', 'bash', '--login', '-c', '/usr/bin/rpmbuild -bb --target x86_64 --nodeps /builddir/build/SPECS/ecflow.spec'] with env {'TERM': 'vt100', 'SHELL': '/bin/bash', 'HOME': '/builddir', 'HOSTNAME': 'mock', 'PATH': '/usr/bin:/bin:/usr/sbin:/sbin', 'PROMPT_COMMAND': 'printf "\\033]0;<mock-chroot>\\007"', 'PS1': '<mock-chroot> \\s-\\v\\$ ', 'LANG': 'en_US.UTF-8'} and shell False
BUILDSTDERR: /etc/profile.d/lang.sh: line 28: warning: setlocale: LC_CTYPE: cannot change locale (en_US.UTF-8): No such file or directory
BUILDSTDERR: /etc/profile.d/lang.sh: line 29: warning: setlocale: LC_COLLATE: cannot change locale (en_US.UTF-8): No such file or directory
BUILDSTDERR: /etc/profile.d/lang.sh: line 32: warning: setlocale: LC_MESSAGES: cannot change locale (en_US.UTF-8): No such file or directory
BUILDSTDERR: /etc/profile.d/lang.sh: line 35: warning: setlocale: LC_NUMERIC: cannot change locale (en_US.UTF-8): No such file or directory
BUILDSTDERR: /etc/profile.d/lang.sh: line 38: warning: setlocale: LC_TIME: cannot change locale (en_US.UTF-8): No such file or directory
Building target platforms: x86_64
Building for target x86_64
Executing(%prep): /bin/sh -e /var/tmp/rpm-tmp.C6lwAe
+ umask 022
+ cd /builddir/build/BUILD
+ '[' 1 -eq 1 ']'
+ '[' 1 -eq 1 ']'
+ '[' 1 -eq 1 ']'
+ cd /builddir/build/BUILD
+ rm -rf ecFlow-4.8.0-Source
+ /usr/bin/gzip -dc /builddir/build/SOURCES/ecflow-4.8.0.tar.gz
+ /usr/bin/tar -xof -
+ STATUS=0
+ '[' 0 -ne 0 ']'
+ cd ecFlow-4.8.0-Source
+ /usr/bin/chmod -Rf a+rX,u+w,g-w,o-w .
+ /usr/bin/cat /builddir/build/SOURCES/ecflow-4.8.0-set-ecf-home.patch
+ /usr/bin/patch -p1 -s --fuzz=0 --no-backup-if-mismatch
+ /usr/bin/cat /builddir/build/SOURCES/ecflow-4.8.0-debian-gcc7-fix.patch
+ /usr/bin/patch -p1 -s --fuzz=0 --no-backup-if-mismatch
+ /usr/bin/cat /builddir/build/SOURCES/ecflow-4.8.0-debian-auto_ptr.patch
+ /usr/bin/patch -p1 -s --fuzz=0 --no-backup-if-mismatch
+ /usr/bin/cat /builddir/build/SOURCES/ecflow-4.8.0-debian-boost_python_tuple.patch
+ /usr/bin/patch -p1 -s --fuzz=0 --no-backup-if-mismatch
+ /usr/bin/cat /builddir/build/SOURCES/ecflow-4.8.0-debian-format-security.patch
+ /usr/bin/patch -p1 -s --fuzz=0 --no-backup-if-mismatch
+ /usr/bin/cat /builddir/build/SOURCES/ecflow-4.8.0-debian-python2-3-fix.patch
+ /usr/bin/patch -p1 -s --fuzz=0 --no-backup-if-mismatch
+ /usr/bin/cat /builddir/build/SOURCES/ecflow-4.8.0-debian-python-minver.patch
+ /usr/bin/patch -p1 -s --fuzz=0 --no-backup-if-mismatch
+ cp /builddir/build/SOURCES/2017-01-19-ecFlowUI-for-ecFlow-training-course.pdf .
+ cp /builddir/build/SOURCES/ecflowcourse-20180122.pdf .
+ cp /builddir/build/SOURCES/ecflowcourse-20180122_python.pdf .
+ cp -a . /builddir/build/BUILD/python3-ecflow-4.8.0-10.mga7
+ exit 0
Executing(%build): /bin/sh -e /var/tmp/rpm-tmp.D2CFlx
+ umask 022
+ cd /builddir/build/BUILD
+ cd ecFlow-4.8.0-Source
~/build/BUILD/python3-ecflow-4.8.0-10.mga7 ~/build/BUILD/ecFlow-4.8.0-Source
+ '[' 1 -eq 1 ']'
+ '[' 1 -eq 1 ']'
+ pushd /builddir/build/BUILD/python3-ecflow-4.8.0-10.mga7
+ export 'CFLAGS=-Wno-error -Wno-format-security'
+ CFLAGS='-Wno-error -Wno-format-security'
+ export 'CXXFLAGS=-Wno-error -Wno-format-security'
+ CXXFLAGS='-Wno-error -Wno-format-security'
+ CFLAGS='-Wno-error -Wno-format-security'
+ export CFLAGS
+ CXXFLAGS='-Wno-error -Wno-format-security'
+ export CXXFLAGS
+ FFLAGS='-O2 -g -pipe   -fstack-protector --param=ssp-buffer-size=4'
+ export FFLAGS
+ LDFLAGS=' -Wl,--as-needed -Wl,-z,relro -Wl,-O1 -Wl,--build-id -Wl,--enable-new-dtags'
+ export LDFLAGS
+ mkdir -p build
+ cd build
+ /usr/bin/cmake .. -DCMAKE_INSTALL_PREFIX:PATH=/usr -DCMAKE_INSTALL_LIBDIR:PATH=/usr/lib64 -DCMAKE_INSTALL_LIBEXECDIR:PATH=/usr/libexec -DCMAKE_INSTALL_SYSCONFDIR:PATH=/etc -DINCLUDE_INSTALL_DIR:PATH=/usr/include -DLIB_INSTALL_DIR:PATH=/usr/lib64 -DSYSCONF_INSTALL_DIR:PATH=/etc -DSHARE_INSTALL_PREFIX:PATH=/usr/share -DCMAKE_BUILD_TYPE=RelWithDebInfo -DCMAKE_CXX_FLAGS_RELWITHDEBINFO:STRING=-DNDEBUG -DCMAKE_C_FLAGS_RELWITHDEBINFO:STRING=-DNDEBUG -DLIB_SUFFIX=64 -DCMAKE_SKIP_RPATH:BOOL=ON -DCMAKE_VERBOSE_MAKEFILE:BOOL=ON '-DCMAKE_MODULE_LINKER_FLAGS=-Wl,--as-needed -Wl,-z,relro -Wl,-O1 -Wl,--build-id -Wl,--enable-new-dtags' -DBUILD_SHARED_LIBS:BOOL=ON -DBUILD_STATIC_LIBS:BOOL=OFF -GNinja -DENABLE_STATIC_BOOST_LIBS=OFF -DENABLE_SSL=ON -DENABLE_UI_USAGE_LOG=OFF -DENABLE_SECURE_USER=ON -DENABLE_PYTHON_PTR_REGISTER=ON -DBOOST_ROOT=/usr -DECFLOW_QT5=ON -DENABLE_GUI=OFF -DPYTHON_EXECUTABLE=/usr/bin/python3 -DPYTHON_MIN_VERSION=3.6 -DBoost_PYTHON_LIBRARY_RELEASE=/usr/lib64/libboost_python3.so '-DCMAKE_CXX_FLAGS=-Wno-error -Wno-format-security -ftemplate-depth=512'
-- The CXX compiler identification is GNU 7.3.0
-- Check for working CXX compiler: /usr/bin/c++
-- Check for working CXX compiler: /usr/bin/c++ -- works
-- Detecting CXX compiler ABI info
-- Detecting CXX compiler ABI info - done
-- Detecting CXX compile features
-- Detecting CXX compile features - done
BUILDSTDERR: CMake Deprecation Warning at cmake/ecbuild_policies.cmake:28 (cmake_policy):
BUILDSTDERR:   The OLD behavior for policy CMP0026 will be removed from a future version
BUILDSTDERR:   of CMake.
BUILDSTDERR:   The cmake-policies(7) manual explains that the OLD behaviors of all
BUILDSTDERR:   policies are deprecated and that a policy should be set to OLD only under
BUILDSTDERR:   specific short-term circumstances.  Projects should be ported to the NEW
BUILDSTDERR:   behavior and not rely on setting a policy to OLD.
BUILDSTDERR: Call Stack (most recent call first):
BUILDSTDERR:   cmake/ecbuild_system.cmake:43 (include)
BUILDSTDERR:   CMakeLists.txt:30 (include)
-- ecbuild   2.7.3	/builddir/build/BUILD/python3-ecflow-4.8.0-10.mga7/cmake
-- cmake     3.10.2	/usr/bin/cmake
-- ---------------------------------------------------------
-- Could NOT find Git (missing: GIT_EXECUTABLE) 
BUILDSTDERR: CMake Deprecation Warning at cmake/ecbuild_policies.cmake:28 (cmake_policy):
BUILDSTDERR:   The OLD behavior for policy CMP0026 will be removed from a future version
BUILDSTDERR:   of CMake.
BUILDSTDERR:   The cmake-policies(7) manual explains that the OLD behaviors of all
BUILDSTDERR:   policies are deprecated and that a policy should be set to OLD only under
BUILDSTDERR:   specific short-term circumstances.  Projects should be ported to the NEW
BUILDSTDERR:   behavior and not rely on setting a policy to OLD.
BUILDSTDERR: Call Stack (most recent call first):
BUILDSTDERR:   cmake/ecbuild_bundle.cmake:10 (include)
BUILDSTDERR:   cmake/ecbuild_system.cmake:217 (include)
BUILDSTDERR:   CMakeLists.txt:30 (include)
-- Could NOT find Git (missing: GIT_EXECUTABLE) 
-- The C compiler identification is GNU 7.3.0
-- Check for working C compiler: /usr/bin/cc
-- Check for working C compiler: /usr/bin/cc -- works
-- Detecting C compiler ABI info
-- Detecting C compiler ABI info - done
-- Detecting C compile features
-- Detecting C compile features - done
-- Performing Test EC_HAVE_C_INLINE
-- Performing Test EC_HAVE_C_INLINE - Success
-- Performing Test EC_HAVE_FUNCTION_DEF
-- Performing Test EC_HAVE_FUNCTION_DEF - Success
-- Performing Test EC_HAVE_CXXABI_H
-- Performing Test EC_HAVE_CXXABI_H - Success
-- Performing Test EC_HAVE_CXX_BOOL
-- Performing Test EC_HAVE_CXX_BOOL - Success
-- Performing Test EC_HAVE_CXX_SSTREAM
-- Performing Test EC_HAVE_CXX_SSTREAM - Success
-- Performing Test EC_HAVE_CXX_INT_128
-- Performing Test EC_HAVE_CXX_INT_128 - Success
-- Performing Test C_FLAG_TEST_1
-- Performing Test C_FLAG_TEST_1 - Success
-- Performing Test CXX_FLAG_TEST_1
-- Performing Test CXX_FLAG_TEST_1 - Success
-- Looking for sys/types.h
-- Looking for sys/types.h - found
-- Looking for stdint.h
-- Looking for stdint.h - found
-- Looking for stddef.h
-- Looking for stddef.h - found
-- Check size of char
-- Check size of char - done
-- Check size of short
-- Check size of short - done
-- Check size of int
-- Check size of int - done
-- Check size of long
-- Check size of long - done
-- Check size of long long
-- Check size of long long - done
-- Check size of float
-- Check size of float - done
-- Check size of double
-- Check size of double - done
-- Check size of long double
-- Check size of long double - done
-- Check size of size_t
-- Check size of size_t - done
-- Check size of ssize_t
-- Check size of ssize_t - done
-- Check size of off_t
-- Check size of off_t - done
-- Check if the system is big endian
-- Searching 16 bit integer
-- Check size of unsigned short
-- Check size of unsigned short - done
-- Using unsigned short
-- Check if the system is big endian - little endian
-- Performing Test IEEE_BE
-- Performing Test IEEE_BE - Failed
-- Performing Test IEEE_LE
-- Performing Test IEEE_LE - Success
-- Looking for fseek
-- Looking for fseek - found
-- Looking for fseeko
-- Looking for fseeko - found
-- Looking for ftello
-- Looking for ftello - found
-- Looking for lseek
-- Looking for lseek - not found
-- Looking for open
-- Looking for open - not found
-- Looking for fopen
-- Looking for fopen - found
-- Looking for fmemopen
-- Looking for fmemopen - found
-- Looking for funopen
-- Looking for funopen - not found
-- Looking for flock
-- Looking for flock - found
-- Looking for mmap
-- Looking for mmap - found
-- Looking for posix_memalign
-- Looking for posix_memalign - found
-- Looking for F_GETLK
-- Looking for F_GETLK - found
-- Looking for F_SETLK
-- Looking for F_SETLK - found
-- Looking for F_SETLKW
-- Looking for F_SETLKW - found
-- Looking for F_GETLK64
-- Looking for F_GETLK64 - found
-- Looking for F_SETLK64
-- Looking for F_SETLK64 - found
-- Looking for F_SETLKW64
-- Looking for F_SETLKW64 - found
-- Looking for MAP_ANONYMOUS
-- Looking for MAP_ANONYMOUS - found
-- Looking for MAP_ANON
-- Looking for MAP_ANON - found
-- Looking for include file assert.h
-- Looking for include file assert.h - found
-- Looking for include file stdlib.h
-- Looking for include file stdlib.h - found
-- Looking for include file unistd.h
-- Looking for include file unistd.h - found
-- Looking for include file string.h
-- Looking for include file string.h - found
-- Looking for include file strings.h
-- Looking for include file strings.h - found
-- Looking for include file sys/stat.h
-- Looking for include file sys/stat.h - found
-- Looking for include file sys/time.h
-- Looking for include file sys/time.h - found
-- Looking for include file sys/types.h
-- Looking for include file sys/types.h - found
-- Looking for include file malloc.h
-- Looking for include file malloc.h - found
-- Looking for include file sys/malloc.h
-- Looking for include file sys/malloc.h - not found
-- Looking for include file sys/param.h
-- Looking for include file sys/param.h - found
-- Looking for include file sys/mount.h
-- Looking for include file sys/mount.h - found
-- Looking for include file sys/vfs.h
-- Looking for include file sys/vfs.h - found
-- Performing Test EC_HAVE_OFFT
-- Performing Test EC_HAVE_OFFT - Success
-- Performing Test EC_HAVE_OFF64T
-- Performing Test EC_HAVE_OFF64T - Success
-- Performing Test EC_HAVE_STRUCT_STAT
-- Performing Test EC_HAVE_STRUCT_STAT - Success
-- Performing Test EC_HAVE_STRUCT_STAT64
-- Performing Test EC_HAVE_STRUCT_STAT64 - Success
-- Performing Test EC_HAVE_STAT
-- Performing Test EC_HAVE_STAT - Success
-- Performing Test EC_HAVE_STAT64
-- Performing Test EC_HAVE_STAT64 - Success
-- Performing Test EC_HAVE_FSTAT
-- Performing Test EC_HAVE_FSTAT - Success
-- Performing Test EC_HAVE_FSTAT64
-- Performing Test EC_HAVE_FSTAT64 - Success
-- Performing Test EC_HAVE_FSEEKO64
-- Performing Test EC_HAVE_FSEEKO64 - Success
-- Performing Test EC_HAVE_FTELLO64
-- Performing Test EC_HAVE_FTELLO64 - Success
-- Performing Test EC_HAVE_LSEEK64
-- Performing Test EC_HAVE_LSEEK64 - Success
-- Performing Test EC_HAVE_OPEN64
-- Performing Test EC_HAVE_OPEN64 - Success
-- Performing Test EC_HAVE_FOPEN64
-- Performing Test EC_HAVE_FOPEN64 - Success
-- Performing Test EC_HAVE_FTRUNCATE64
-- Performing Test EC_HAVE_FTRUNCATE64 - Success
-- Performing Test EC_HAVE_FLOCK64
-- Performing Test EC_HAVE_FLOCK64 - Success
-- Performing Test EC_HAVE_MMAP64
-- Performing Test EC_HAVE_MMAP64 - Success
-- Performing Test EC_HAVE_STRUCT_STATVFS
-- Performing Test EC_HAVE_STRUCT_STATVFS - Success
-- Performing Test EC_HAVE_STRUCT_STATVFS64
-- Performing Test EC_HAVE_STRUCT_STATVFS64 - Success
-- Performing Test EC_HAVE_FOPENCOOKIE
-- Performing Test EC_HAVE_FOPENCOOKIE - Success
-- Looking for fsync
-- Looking for fsync - found
-- Looking for fdatasync
-- Looking for fdatasync - found
-- Performing Test EC_HAVE_DIRFD
-- Performing Test EC_HAVE_DIRFD - Success
-- Performing Test EC_HAVE_SYSPROC
-- Performing Test EC_HAVE_SYSPROC - Failed
-- Performing Test EC_HAVE_SYSPROCFS
-- Performing Test EC_HAVE_SYSPROCFS - Success
-- Performing Test EC_HAVE_EXECINFO_BACKTRACE
-- Performing Test EC_HAVE_EXECINFO_BACKTRACE - Success
-- Performing Test EC_HAVE_GMTIME_R
-- Performing Test EC_HAVE_GMTIME_R - Success
-- Performing Test EC_HAVE_GETPWUID_R
-- Performing Test EC_HAVE_GETPWUID_R - Success
-- Performing Test EC_HAVE_GETPWNAM_R
-- Performing Test EC_HAVE_GETPWNAM_R - Success
-- Performing Test EC_HAVE_READDIR_R
-- Performing Test EC_HAVE_READDIR_R - Success
-- Performing Test EC_HAVE_DIRENT_D_TYPE
-- Performing Test EC_HAVE_DIRENT_D_TYPE - Success
-- Performing Test EC_HAVE_GETHOSTBYNAME_R
-- Performing Test EC_HAVE_GETHOSTBYNAME_R - Success
-- Performing Test EC_HAVE_ATTRIBUTE_CONSTRUCTOR
-- Performing Test EC_HAVE_ATTRIBUTE_CONSTRUCTOR - Success
-- Looking for include file dlfcn.h
-- Looking for include file dlfcn.h - found
-- Performing Test EC_HAVE_DLADDR
-- Performing Test EC_HAVE_DLADDR - Success
-- Feature TESTS enabled
-- Boost version: 1.66.0
-- Found the following Boost libraries:
--   unit_test_framework
-- Using Boost for unit tests:
    INC [/usr/include]
    LIB [/usr/lib64/libboost_unit_test_framework.so]
-- ---------------------------------------------------------
-- ---------------------------------------------------------
-- [ecflow] (4.8.0)
-- CMAKE_INSTALL_PREFIX     : /usr
-- ECFLOW_RELEASE           : 4
-- ECFLOW_MAJOR             : 8
-- ECFLOW_MINOR             : 0
-- ECFLOW_VERSION           : 4.8.0
-- 
-- ------------------------------ Qt start ---------------------------
-- ecFlowUI is enabled - searching for Qt5  if not found, will try Qt4
-- To use a self-built Qt installation, try setting CMAKE_PREFIX_PATH
-- Qt5 version 5.9.3 was found
-- ------------------------------ Qt end----------------------------
-- 
-- ENABLE_SERVER              : ON
-- ENABLE_PYTHON              : ON
-- ENABLE_PYTHON_PTR_REGISTER : ON
-- ENABLE_GUI                 : OFF
-- ENABLE_UI                  : ON
-- ENABLE_ALL_TESTS           : OFF
-- ENABLE_STATIC_BOOST_LIBS   : OFF
-- ENABLE_SSL                 : ON
-- ENABLE_SECURE_USER         : ON
-- ENABLE_UI_BACKTRACE      : OFF
-- ENABLE_UI_USAGE_LOG      : OFF
-- 
-- Looking for pthread.h
-- Looking for pthread.h - found
-- Looking for pthread_create
-- Looking for pthread_create - not found
-- Looking for pthread_create in pthreads
-- Looking for pthread_create in pthreads - not found
-- Looking for pthread_create in pthread
-- Looking for pthread_create in pthread - found
-- Found Threads: TRUE  
BUILDSTDERR: CMake Error at /usr/share/cmake/Modules/FindBoost.cmake:1928 (message):
BUILDSTDERR:   Unable to find the requested Boost libraries.
BUILDSTDERR:   Boost version: 1.66.0
BUILDSTDERR:   Boost include path: /usr/include
BUILDSTDERR:   Could not find the following Boost libraries:
BUILDSTDERR:           boost_test_exec_monitor
BUILDSTDERR:   Some (but not all) of the required Boost libraries were found.  You may
BUILDSTDERR:   need to install these additional Boost libraries.  Alternatively, set
BUILDSTDERR:   BOOST_LIBRARYDIR to the directory containing Boost libraries or BOOST_ROOT
BUILDSTDERR:   to the location of Boost.
BUILDSTDERR: Call Stack (most recent call first):
BUILDSTDERR:   CMakeLists.txt:219 (find_package)
-- Found OpenSSL: /usr/lib64/libcrypto.so (found version "1.0.2n") 
-- Found PythonInterp: /usr/bin/python3 (found version "3.6.2") 
-- Found PythonLibs: /usr/include/python3.6m;/usr/include/python3.6m  
-- Found Python: TRUE  
-- python install *LOCAL* +++ lib/python3.6/site-packages/ecflow +++++++
-- ECFLOW_TPLS: 
-- ---------------------------------------------------------
-- Project ecflow summary
-- ---------------------------------------------------------
-- ------------------------------------------------------
-- Python exec     : /usr/bin/python3
--        include  : /usr/include/python3.6m
--        libs     : -L/usr/lib64  -lpython3.6m -lpthread -ldl  -lutil -lm  -Xlinker -export-dynamic
-- OpenSSL VERSION  1.0.2n
--         LIBS     /usr/lib64/libssl.so /usr/lib64/libcrypto.so
--         INCLUDES /usr/include
-- ---------------------------------------------------------
-- Build summary
-- ---------------------------------------------------------
-- system : [379f8a2713cb42a99dc9cd06dfede2a4] [Linux-4.14.20-server-1.mga7] [linux.64]
-- processor        : [x86_64]
-- endiness         : Little Endian -- IEEE [1]
-- build type       : [RelWithDebInfo]
-- timestamp        : [20180224215457]
-- install prefix   : [/usr]
--   bin dir        : [/usr/bin]
--   lib dir        : [/usr/lib]
--   include dir    : [/usr/include]
--   data dir       : [/usr/share/ecflow]
--   cmake dir      : [/usr/share/ecflow/cmake]
-- ---------------------------------------------------------
-- C -- GNU 7.3.0
--     compiler   : /usr/bin/cc
--     flags      : -Wno-error -Wno-format-security -pipe -O2 -g  
--     link flags : 
-- CXX -- GNU 7.3.0
--     compiler   : /usr/bin/c++
--     flags      : -Wno-error -Wno-format-security -ftemplate-depth=512 -pipe -O2 -g  
--     link flags : 
-- linker : /usr/bin/ld
-- ar     : /usr/bin/ar
-- ranlib : /usr/bin/ranlib
-- link flags
--     executable [-Wl,--as-needed -Wl,-z,relro -Wl,-O1 -Wl,--build-id -Wl,--enable-new-dtags    -Wl,--disable-new-dtags ]
--     shared lib [-Wl,--as-needed -Wl,-z,relro -Wl,-O1 -Wl,--build-id -Wl,--enable-new-dtags -Wl,--disable-new-dtags ]
--     static lib [-Wl,--as-needed -Wl,-z,relro -Wl,-O1 -Wl,--build-id -Wl,--enable-new-dtags -Wl,--disable-new-dtags ]
-- install rpath  : $ORIGIN/../lib
-- common definitions: ECFLOW_QT5 QT_NO_KEYWORDS ECF_OPENSSL ECF_SECURE_USER ECF_ENABLE_PYTHON_PTR_REGISTER
-- ---------------------------------------------------------
-- Feature summary
-- ---------------------------------------------------------
-- The following features have been enabled:
 * TESTS, ecflow: Enable the unit tests
-- The following OPTIONAL packages have been found:
 * Qt5Core (required version >= 5.9.3)
 * Qt5Widgets (required version >= 5.0.0)
 * Qt5Gui (required version >= 5.0.0)
 * Qt5Network (required version >= 5.0.0)
 * Qt5Svg (required version >= 5.0.0)
 * Threads
 * PkgConfig
-- The following REQUIRED packages have been found:
 * OpenSSL
 * PythonInterp, Python interpreter, <http://python.org>
-- The following OPTIONAL packages have not been found:
 * Git
-- The following REQUIRED packages have not been found:
 * Boost (required version >= 1.53.0)
-- Configuring incomplete, errors occurred!
See also "/builddir/build/BUILD/python3-ecflow-4.8.0-10.mga7/build/CMakeFiles/CMakeOutput.log".
See also "/builddir/build/BUILD/python3-ecflow-4.8.0-10.mga7/build/CMakeFiles/CMakeError.log".
RPM build errors:
BUILDSTDERR: error: Bad exit status from /var/tmp/rpm-tmp.D2CFlx (%build)
BUILDSTDERR:     Bad exit status from /var/tmp/rpm-tmp.D2CFlx (%build)
Child return code was: 1
EXCEPTION: [Error()]
Traceback (most recent call last):
  File "/usr/lib/python3.6/site-packages/mockbuild/trace_decorator.py", line 96, in trace
    result = func(*args, **kw)
  File "/usr/lib/python3.6/site-packages/mockbuild/util.py", line 626, in do
    raise exception.Error("Command failed: \n # %s\n%s" % (command, output), child.returncode)
mockbuild.exception.Error: Command failed: 
 # /usr/bin/systemd-nspawn -q -M 379f8a2713cb42a99dc9cd06dfede2a4 -D /home/stig/rpmbuild/mock/cauldron/x86_64 -a --setenv=TERM=vt100 --setenv=SHELL=/bin/bash --setenv=HOME=/builddir --setenv=HOSTNAME=mock --setenv=PATH=/usr/bin:/bin:/usr/sbin:/sbin --setenv=PROMPT_COMMAND=printf "\033]0;<mock-chroot>\007" --setenv=PS1=<mock-chroot> \s-\v\$  --setenv=LANG=en_US.UTF-8 -u mockbuild bash --login -c /usr/bin/rpmbuild -bb --target x86_64 --nodeps /builddir/build/SPECS/ecflow.spec

