Mock Version: 1.4.8
ENTER ['do'](['bash', '--login', '-c', '/usr/bin/rpmbuild -bs --target x86_64 --nodeps /builddir/build/SPECS/ecflow.spec'], chrootPath='/home/stig/rpmbuild/mock/cauldron/x86_64'env={'TERM': 'vt100', 'SHELL': '/bin/bash', 'HOME': '/builddir', 'HOSTNAME': 'mock', 'PATH': '/usr/bin:/bin:/usr/sbin:/sbin', 'PROMPT_COMMAND': 'printf "\\033]0;<mock-chroot>\\007"', 'PS1': '<mock-chroot> \\s-\\v\\$ ', 'LANG': 'en_US.UTF-8'}shell=Falselogger=<mockbuild.trace_decorator.getLog object at 0x7f913e743ac8>timeout=0uid=1000gid=135user='mockbuild'nspawn_args=[]unshare_net=TrueprintOutput=True)
Executing command: ['/usr/bin/systemd-nspawn', '-q', '-M', 'a8af34ba37e4471c8e2898c4d043d2ef', '-D', '/home/stig/rpmbuild/mock/cauldron/x86_64', '-a', '--setenv=TERM=vt100', '--setenv=SHELL=/bin/bash', '--setenv=HOME=/builddir', '--setenv=HOSTNAME=mock', '--setenv=PATH=/usr/bin:/bin:/usr/sbin:/sbin', '--setenv=PROMPT_COMMAND=printf "\\033]0;<mock-chroot>\\007"', '--setenv=PS1=<mock-chroot> \\s-\\v\\$ ', '--setenv=LANG=en_US.UTF-8', '-u', 'mockbuild', 'bash', '--login', '-c', '/usr/bin/rpmbuild -bs --target x86_64 --nodeps /builddir/build/SPECS/ecflow.spec'] with env {'TERM': 'vt100', 'SHELL': '/bin/bash', 'HOME': '/builddir', 'HOSTNAME': 'mock', 'PATH': '/usr/bin:/bin:/usr/sbin:/sbin', 'PROMPT_COMMAND': 'printf "\\033]0;<mock-chroot>\\007"', 'PS1': '<mock-chroot> \\s-\\v\\$ ', 'LANG': 'en_US.UTF-8'} and shell False
/etc/profile.d/lang.sh: line 28: warning: setlocale: LC_CTYPE: cannot change locale (en_US.UTF-8): No such file or directory
/etc/profile.d/lang.sh: line 29: warning: setlocale: LC_COLLATE: cannot change locale (en_US.UTF-8): No such file or directory
/etc/profile.d/lang.sh: line 32: warning: setlocale: LC_MESSAGES: cannot change locale (en_US.UTF-8): No such file or directory
/etc/profile.d/lang.sh: line 35: warning: setlocale: LC_NUMERIC: cannot change locale (en_US.UTF-8): No such file or directory
/etc/profile.d/lang.sh: line 38: warning: setlocale: LC_TIME: cannot change locale (en_US.UTF-8): No such file or directory
Building target platforms: x86_64
Building for target x86_64
Wrote: /builddir/build/SRPMS/ecflow-4.8.0-1.mga7.src.rpm
Child return code was: 0
ENTER ['do'](['bash', '--login', '-c', '/usr/bin/rpmbuild -bb --target x86_64 --nodeps /builddir/build/SPECS/ecflow.spec'], chrootPath='/home/stig/rpmbuild/mock/cauldron/x86_64'env={'TERM': 'vt100', 'SHELL': '/bin/bash', 'HOME': '/builddir', 'HOSTNAME': 'mock', 'PATH': '/usr/bin:/bin:/usr/sbin:/sbin', 'PROMPT_COMMAND': 'printf "\\033]0;<mock-chroot>\\007"', 'PS1': '<mock-chroot> \\s-\\v\\$ ', 'LANG': 'en_US.UTF-8'}shell=Falselogger=<mockbuild.trace_decorator.getLog object at 0x7f913e743ac8>timeout=0uid=1000gid=135user='mockbuild'nspawn_args=[]unshare_net=TrueprintOutput=True)
Executing command: ['/usr/bin/systemd-nspawn', '-q', '-M', 'f351cbf601ea4459889fdba901420659', '-D', '/home/stig/rpmbuild/mock/cauldron/x86_64', '-a', '--setenv=TERM=vt100', '--setenv=SHELL=/bin/bash', '--setenv=HOME=/builddir', '--setenv=HOSTNAME=mock', '--setenv=PATH=/usr/bin:/bin:/usr/sbin:/sbin', '--setenv=PROMPT_COMMAND=printf "\\033]0;<mock-chroot>\\007"', '--setenv=PS1=<mock-chroot> \\s-\\v\\$ ', '--setenv=LANG=en_US.UTF-8', '-u', 'mockbuild', 'bash', '--login', '-c', '/usr/bin/rpmbuild -bb --target x86_64 --nodeps /builddir/build/SPECS/ecflow.spec'] with env {'TERM': 'vt100', 'SHELL': '/bin/bash', 'HOME': '/builddir', 'HOSTNAME': 'mock', 'PATH': '/usr/bin:/bin:/usr/sbin:/sbin', 'PROMPT_COMMAND': 'printf "\\033]0;<mock-chroot>\\007"', 'PS1': '<mock-chroot> \\s-\\v\\$ ', 'LANG': 'en_US.UTF-8'} and shell False
/etc/profile.d/lang.sh: line 28: warning: setlocale: LC_CTYPE: cannot change locale (en_US.UTF-8): No such file or directory
/etc/profile.d/lang.sh: line 29: warning: setlocale: LC_COLLATE: cannot change locale (en_US.UTF-8): No such file or directory
/etc/profile.d/lang.sh: line 32: warning: setlocale: LC_MESSAGES: cannot change locale (en_US.UTF-8): No such file or directory
/etc/profile.d/lang.sh: line 35: warning: setlocale: LC_NUMERIC: cannot change locale (en_US.UTF-8): No such file or directory
/etc/profile.d/lang.sh: line 38: warning: setlocale: LC_TIME: cannot change locale (en_US.UTF-8): No such file or directory
Building target platforms: x86_64
Building for target x86_64
Executing(%prep): /bin/sh -e /var/tmp/rpm-tmp.BX25jn
+ umask 022
+ cd /builddir/build/BUILD
+ '[' 1 -eq 1 ']'
+ '[' 1 -eq 1 ']'
+ '[' 1 -eq 1 ']'
+ cd /builddir/build/BUILD
+ rm -rf ecFlow-4.8.0-Source
+ /usr/bin/gzip -dc /builddir/build/SOURCES/ecflow-4.8.0.tar.gz
+ /usr/bin/tar -xof -
+ STATUS=0
+ '[' 0 -ne 0 ']'
+ cd ecFlow-4.8.0-Source
+ /usr/bin/chmod -Rf a+rX,u+w,g-w,o-w .
+ exit 0
Executing(%build): /bin/sh -e /var/tmp/rpm-tmp.PARoWN
+ umask 022
+ cd /builddir/build/BUILD
+ cd ecFlow-4.8.0-Source
+ '[' 1 -eq 1 ']'
+ '[' 1 -eq 1 ']'
+ export CC=clang
+ CC=clang
+ export CXX=clang++
+ CXX=clang++
+ QTDIR=/usr/lib64/qt5
+ export QTDIR
+ PATH=/usr/lib64/qt5/bin:/usr/bin:/bin:/usr/sbin:/sbin:/usr/local/games:/usr/games:/usr/lib64/qt5/bin:/builddir/.local/bin:/builddir/bin
+ export PATH
+ CFLAGS='-O2 -g -pipe -Wformat -Werror=format-security -Wp,-D_FORTIFY_SOURCE=2 -fstack-protector --param=ssp-buffer-size=4'
+ export CFLAGS
+ CXXFLAGS='-O2 -g -pipe -Wformat -Werror=format-security -Wp,-D_FORTIFY_SOURCE=2 -fstack-protector --param=ssp-buffer-size=4'
+ export CXXFLAGS
+ FFLAGS='-O2 -g -pipe -Wformat -Werror=format-security -Wp,-D_FORTIFY_SOURCE=2 -fstack-protector --param=ssp-buffer-size=4'
+ export FFLAGS
+ LDFLAGS=' -Wl,--as-needed -Wl,--no-undefined -Wl,-z,relro -Wl,-O1 -Wl,--build-id -Wl,--enable-new-dtags'
+ export LDFLAGS
+ mkdir -p build
+ cd build
+ /usr/bin/cmake .. -DCMAKE_INSTALL_PREFIX:PATH=/usr -DCMAKE_INSTALL_LIBDIR:PATH=/usr/lib64 -DCMAKE_INSTALL_LIBEXECDIR:PATH=/usr/libexec -DCMAKE_INSTALL_SYSCONFDIR:PATH=/etc -DINCLUDE_INSTALL_DIR:PATH=/usr/include -DLIB_INSTALL_DIR:PATH=/usr/lib64 -DSYSCONF_INSTALL_DIR:PATH=/etc -DSHARE_INSTALL_PREFIX:PATH=/usr/share -DCMAKE_BUILD_TYPE=RelWithDebInfo -DCMAKE_CXX_FLAGS_RELWITHDEBINFO:STRING=-DNDEBUG -DCMAKE_C_FLAGS_RELWITHDEBINFO:STRING=-DNDEBUG -DLIB_SUFFIX=64 -DCMAKE_SKIP_RPATH:BOOL=ON -DCMAKE_VERBOSE_MAKEFILE:BOOL=ON '-DCMAKE_MODULE_LINKER_FLAGS=-Wl,--as-needed  -Wl,-z,relro -Wl,-O1 -Wl,--build-id -Wl,--enable-new-dtags' -DBUILD_SHARED_LIBS:BOOL=ON -DBUILD_STATIC_LIBS:BOOL=OFF -DDBUS_SERVICES_DIR=/usr/share/dbus-1/services -DDBUS_INTERFACES_DIR=/usr/share/dbus-1/interfaces -GNinja -DENABLE_STATIC_BOOST_LIBS=ON -DENABLE_SSL=OFF -DENABLE_UI_USAGE_LOG=OFF -DENABLE_SECURE_USER=ON -DENABLE_PYTHON_PTR_REGISTER=ON -DBOOST_ROOT=/usr -DECFLOW_QT5=ON
-- The CXX compiler identification is Clang 5.0.1
-- Check for working CXX compiler: /usr/bin/clang++
-- Check for working CXX compiler: /usr/bin/clang++ -- works
-- Detecting CXX compiler ABI info
-- Detecting CXX compiler ABI info - done
-- Detecting CXX compile features
-- Detecting CXX compile features - done
CMake Deprecation Warning at cmake/ecbuild_policies.cmake:28 (cmake_policy):
  The OLD behavior for policy CMP0026 will be removed from a future version
  of CMake.
  The cmake-policies(7) manual explains that the OLD behaviors of all
  policies are deprecated and that a policy should be set to OLD only under
  specific short-term circumstances.  Projects should be ported to the NEW
  behavior and not rely on setting a policy to OLD.
Call Stack (most recent call first):
  cmake/ecbuild_system.cmake:43 (include)
  CMakeLists.txt:30 (include)
-- ecbuild   2.7.3	/builddir/build/BUILD/ecFlow-4.8.0-Source/cmake
-- cmake     3.10.2	/usr/bin/cmake
-- ---------------------------------------------------------
-- Could NOT find Git (missing: GIT_EXECUTABLE) 
CMake Deprecation Warning at cmake/ecbuild_policies.cmake:28 (cmake_policy):
  The OLD behavior for policy CMP0026 will be removed from a future version
  of CMake.
  The cmake-policies(7) manual explains that the OLD behaviors of all
  policies are deprecated and that a policy should be set to OLD only under
  specific short-term circumstances.  Projects should be ported to the NEW
  behavior and not rely on setting a policy to OLD.
Call Stack (most recent call first):
  cmake/ecbuild_bundle.cmake:10 (include)
  cmake/ecbuild_system.cmake:217 (include)
  CMakeLists.txt:30 (include)
-- Could NOT find Git (missing: GIT_EXECUTABLE) 
-- The C compiler identification is Clang 5.0.1
-- Check for working C compiler: /usr/bin/clang
-- Check for working C compiler: /usr/bin/clang -- works
-- Detecting C compiler ABI info
-- Detecting C compiler ABI info - done
-- Detecting C compile features
-- Detecting C compile features - done
-- Performing Test EC_HAVE_C_INLINE
-- Performing Test EC_HAVE_C_INLINE - Success
-- Performing Test EC_HAVE_FUNCTION_DEF
-- Performing Test EC_HAVE_FUNCTION_DEF - Success
-- Performing Test EC_HAVE_CXXABI_H
-- Performing Test EC_HAVE_CXXABI_H - Success
-- Performing Test EC_HAVE_CXX_BOOL
-- Performing Test EC_HAVE_CXX_BOOL - Success
-- Performing Test EC_HAVE_CXX_SSTREAM
-- Performing Test EC_HAVE_CXX_SSTREAM - Success
-- Performing Test EC_HAVE_CXX_INT_128
-- Performing Test EC_HAVE_CXX_INT_128 - Success
-- Looking for sys/types.h
-- Looking for sys/types.h - found
-- Looking for stdint.h
-- Looking for stdint.h - found
-- Looking for stddef.h
-- Looking for stddef.h - found
-- Check size of char
-- Check size of char - done
-- Check size of short
-- Check size of short - done
-- Check size of int
-- Check size of int - done
-- Check size of long
-- Check size of long - done
-- Check size of long long
-- Check size of long long - done
-- Check size of float
-- Check size of float - done
-- Check size of double
-- Check size of double - done
-- Check size of long double
-- Check size of long double - done
-- Check size of size_t
-- Check size of size_t - done
-- Check size of ssize_t
-- Check size of ssize_t - done
-- Check size of off_t
-- Check size of off_t - done
-- Check if the system is big endian
-- Searching 16 bit integer
-- Check size of unsigned short
-- Check size of unsigned short - done
-- Using unsigned short
-- Check if the system is big endian - little endian
-- Performing Test IEEE_BE
-- Performing Test IEEE_BE - Failed
-- Performing Test IEEE_LE
-- Performing Test IEEE_LE - Success
-- Looking for fseek
-- Looking for fseek - found
-- Looking for fseeko
-- Looking for fseeko - found
-- Looking for ftello
-- Looking for ftello - found
-- Looking for lseek
-- Looking for lseek - not found
-- Looking for open
-- Looking for open - not found
-- Looking for fopen
-- Looking for fopen - found
-- Looking for fmemopen
-- Looking for fmemopen - found
-- Looking for funopen
-- Looking for funopen - not found
-- Looking for flock
-- Looking for flock - found
-- Looking for mmap
-- Looking for mmap - found
-- Looking for posix_memalign
-- Looking for posix_memalign - found
-- Looking for F_GETLK
-- Looking for F_GETLK - found
-- Looking for F_SETLK
-- Looking for F_SETLK - found
-- Looking for F_SETLKW
-- Looking for F_SETLKW - found
-- Looking for F_GETLK64
-- Looking for F_GETLK64 - found
-- Looking for F_SETLK64
-- Looking for F_SETLK64 - found
-- Looking for F_SETLKW64
-- Looking for F_SETLKW64 - found
-- Looking for MAP_ANONYMOUS
-- Looking for MAP_ANONYMOUS - found
-- Looking for MAP_ANON
-- Looking for MAP_ANON - found
-- Looking for include file assert.h
-- Looking for include file assert.h - found
-- Looking for include file stdlib.h
-- Looking for include file stdlib.h - found
-- Looking for include file unistd.h
-- Looking for include file unistd.h - found
-- Looking for include file string.h
-- Looking for include file string.h - found
-- Looking for include file strings.h
-- Looking for include file strings.h - found
-- Looking for include file sys/stat.h
-- Looking for include file sys/stat.h - found
-- Looking for include file sys/time.h
-- Looking for include file sys/time.h - found
-- Looking for include file sys/types.h
-- Looking for include file sys/types.h - found
-- Looking for include file malloc.h
-- Looking for include file malloc.h - found
-- Looking for include file sys/malloc.h
-- Looking for include file sys/malloc.h - not found
-- Looking for include file sys/param.h
-- Looking for include file sys/param.h - found
-- Looking for include file sys/mount.h
-- Looking for include file sys/mount.h - found
-- Looking for include file sys/vfs.h
-- Looking for include file sys/vfs.h - found
-- Performing Test EC_HAVE_OFFT
-- Performing Test EC_HAVE_OFFT - Success
-- Performing Test EC_HAVE_OFF64T
-- Performing Test EC_HAVE_OFF64T - Success
-- Performing Test EC_HAVE_STRUCT_STAT
-- Performing Test EC_HAVE_STRUCT_STAT - Success
-- Performing Test EC_HAVE_STRUCT_STAT64
-- Performing Test EC_HAVE_STRUCT_STAT64 - Success
-- Performing Test EC_HAVE_STAT
-- Performing Test EC_HAVE_STAT - Success
-- Performing Test EC_HAVE_STAT64
-- Performing Test EC_HAVE_STAT64 - Success
-- Performing Test EC_HAVE_FSTAT
-- Performing Test EC_HAVE_FSTAT - Success
-- Performing Test EC_HAVE_FSTAT64
-- Performing Test EC_HAVE_FSTAT64 - Success
-- Performing Test EC_HAVE_FSEEKO64
-- Performing Test EC_HAVE_FSEEKO64 - Success
-- Performing Test EC_HAVE_FTELLO64
-- Performing Test EC_HAVE_FTELLO64 - Success
-- Performing Test EC_HAVE_LSEEK64
-- Performing Test EC_HAVE_LSEEK64 - Success
-- Performing Test EC_HAVE_OPEN64
-- Performing Test EC_HAVE_OPEN64 - Success
-- Performing Test EC_HAVE_FOPEN64
-- Performing Test EC_HAVE_FOPEN64 - Success
-- Performing Test EC_HAVE_FTRUNCATE64
-- Performing Test EC_HAVE_FTRUNCATE64 - Success
-- Performing Test EC_HAVE_FLOCK64
-- Performing Test EC_HAVE_FLOCK64 - Success
-- Performing Test EC_HAVE_MMAP64
-- Performing Test EC_HAVE_MMAP64 - Success
-- Performing Test EC_HAVE_STRUCT_STATVFS
-- Performing Test EC_HAVE_STRUCT_STATVFS - Success
-- Performing Test EC_HAVE_STRUCT_STATVFS64
-- Performing Test EC_HAVE_STRUCT_STATVFS64 - Success
-- Performing Test EC_HAVE_FOPENCOOKIE
-- Performing Test EC_HAVE_FOPENCOOKIE - Success
-- Looking for fsync
-- Looking for fsync - found
-- Looking for fdatasync
-- Looking for fdatasync - found
-- Performing Test EC_HAVE_DIRFD
-- Performing Test EC_HAVE_DIRFD - Success
-- Performing Test EC_HAVE_SYSPROC
-- Performing Test EC_HAVE_SYSPROC - Failed
-- Performing Test EC_HAVE_SYSPROCFS
-- Performing Test EC_HAVE_SYSPROCFS - Success
-- Performing Test EC_HAVE_EXECINFO_BACKTRACE
-- Performing Test EC_HAVE_EXECINFO_BACKTRACE - Success
-- Performing Test EC_HAVE_GMTIME_R
-- Performing Test EC_HAVE_GMTIME_R - Success
-- Performing Test EC_HAVE_GETPWUID_R
-- Performing Test EC_HAVE_GETPWUID_R - Success
-- Performing Test EC_HAVE_GETPWNAM_R
-- Performing Test EC_HAVE_GETPWNAM_R - Success
-- Performing Test EC_HAVE_READDIR_R
-- Performing Test EC_HAVE_READDIR_R - Success
-- Performing Test EC_HAVE_DIRENT_D_TYPE
-- Performing Test EC_HAVE_DIRENT_D_TYPE - Success
-- Performing Test EC_HAVE_GETHOSTBYNAME_R
-- Performing Test EC_HAVE_GETHOSTBYNAME_R - Success
-- Performing Test EC_HAVE_ATTRIBUTE_CONSTRUCTOR
-- Performing Test EC_HAVE_ATTRIBUTE_CONSTRUCTOR - Success
-- Looking for include file dlfcn.h
-- Looking for include file dlfcn.h - found
-- Performing Test EC_HAVE_DLADDR
-- Performing Test EC_HAVE_DLADDR - Success
-- Feature TESTS enabled
-- Boost version: 1.66.0
-- Found the following Boost libraries:
--   unit_test_framework
-- Using Boost for unit tests:
    INC [/usr/include]
    LIB [/usr/lib64/libboost_unit_test_framework.so]
-- ---------------------------------------------------------
-- ---------------------------------------------------------
-- [ecflow] (4.8.0)
-- CMAKE_INSTALL_PREFIX     : /usr
-- ECFLOW_RELEASE           : 4
-- ECFLOW_MAJOR             : 8
-- ECFLOW_MINOR             : 0
-- ECFLOW_VERSION           : 4.8.0
-- 
-- ------------------------------ Qt start ---------------------------
-- ecFlowUI is enabled - searching for Qt5  if not found, will try Qt4
-- To use a self-built Qt installation, try setting CMAKE_PREFIX_PATH
-- Qt5 version 5.9.3 was found
-- ------------------------------ Qt end----------------------------
-- 
-- ENABLE_SERVER              : ON
-- ENABLE_PYTHON              : ON
-- ENABLE_PYTHON_PTR_REGISTER : ON
-- ENABLE_GUI                 : ON
-- ENABLE_UI                  : ON
-- ENABLE_ALL_TESTS           : OFF
-- ENABLE_STATIC_BOOST_LIBS   : ON
-- ENABLE_SSL                 : OFF
-- ENABLE_SECURE_USER         : ON
-- ENABLE_UI_BACKTRACE      : OFF
-- ENABLE_UI_USAGE_LOG      : OFF
-- 
-- Looking for XOpenDisplay in /usr/lib64/libX11.so;/usr/lib64/libXext.so
-- Looking for XOpenDisplay in /usr/lib64/libX11.so;/usr/lib64/libXext.so - found
-- Looking for gethostbyname
-- Looking for gethostbyname - found
-- Looking for connect
-- Looking for connect - found
-- Looking for remove
-- Looking for remove - found
-- Looking for shmat
-- Looking for shmat - found
-- Looking for IceConnectionNumber in ICE
-- Looking for IceConnectionNumber in ICE - found
-- Found X11: /usr/lib64/libX11.so
-- Found Motif: /usr/lib64/libXm.so  
-- Looking for pthread.h
-- Looking for pthread.h - found
-- Looking for pthread_create
-- Looking for pthread_create - not found
-- Looking for pthread_create in pthreads
-- Looking for pthread_create in pthreads - not found
-- Looking for pthread_create in pthread
-- Looking for pthread_create in pthread - found
-- Found Threads: TRUE  
-- Boost version: 1.66.0
-- Found the following Boost libraries:
--   python
--   serialization
--   system
--   thread
--   unit_test_framework
--   test_exec_monitor
--   filesystem
--   program_options
--   date_time
--   regex
--   chrono
--   atomic
-- Found PythonInterp: /usr/bin/python (found version "2.7.14") 
-- Found PythonLibs: /usr/include/python2.7;/usr/include/python2.7  
-- Found Python: TRUE  
-- python install *LOCAL* +++ lib/python2.7/site-packages/ecflow +++++++
-- Found CMath: /usr/lib64/libm.so  
-- ECFLOW_TPLS: 
-- ---------------------------------------------------------
-- Project ecflow summary
-- ---------------------------------------------------------
-- ------------------------------------------------------
--  Boost    include : [/usr/include]
--           libs    : [/usr/lib64/libboost_system.a]
--           libs    : [/usr/lib64/libboost_serialization.a]
--           libs    : [/usr/lib64/libboost_thread.a]
--           libs    : [/usr/lib64/libboost_filesystem.a]
--           libs    : [/usr/lib64/libboost_program_options.a]
--           libs    : [/usr/lib64/libboost_date_time.a]
--           libs    : [/usr/lib64/libboost_unit_test_framework.a]
--           libs    : [/usr/lib64/libboost_test_exec_monitor.a]
--           libs    : [/usr/lib64/libboost_python.a]
-- Python exec     : /usr/bin/python
--        include  : /usr/include/python2.7
--        libs     : -lpython2.7 -lpthread -ldl -lutil -lm -Xlinker -export-dynamic
-- ---------------------------------------------------------
-- Build summary
-- ---------------------------------------------------------
-- system : [f351cbf601ea4459889fdba901420659] [Linux-4.14.17-server-2.mga7] [linux.64]
-- processor        : [x86_64]
-- endiness         : Little Endian -- IEEE [1]
-- build type       : [RelWithDebInfo]
-- timestamp        : [20180206211714]
-- install prefix   : [/usr]
--   bin dir        : [/usr/bin]
--   lib dir        : [/usr/lib]
--   include dir    : [/usr/include]
--   data dir       : [/usr/share/ecflow]
--   cmake dir      : [/usr/share/ecflow/cmake]
-- ---------------------------------------------------------
-- C -- Clang 5.0.1
--     compiler   : /usr/bin/clang
--     flags      : -O2 -g -pipe -Wformat -Werror=format-security -Wp,-D_FORTIFY_SOURCE=2 -fstack-protector --param=ssp-buffer-size=4 -O2 -g  
--     link flags : 
-- CXX -- Clang 5.0.1
--     compiler   : /usr/bin/clang++
--     flags      : -O2 -g -pipe -Wformat -Werror=format-security -Wp,-D_FORTIFY_SOURCE=2 -fstack-protector --param=ssp-buffer-size=4 -ftemplate-depth=1024 -O2 -g  
--     link flags : 
-- linker : /usr/bin/ld
-- ar     : /usr/bin/ar
-- ranlib : /usr/bin/ranlib
-- link flags
--     executable [-Wl,--as-needed -Wl,--no-undefined -Wl,-z,relro -Wl,-O1 -Wl,--build-id -Wl,--enable-new-dtags    -Wl,--disable-new-dtags ]
--     shared lib [-Wl,--as-needed -Wl,--no-undefined -Wl,-z,relro -Wl,-O1 -Wl,--build-id -Wl,--enable-new-dtags -Wl,--disable-new-dtags ]
--     static lib [-Wl,--as-needed  -Wl,-z,relro -Wl,-O1 -Wl,--build-id -Wl,--enable-new-dtags -Wl,--disable-new-dtags ]
-- install rpath  : $ORIGIN/../lib
-- common definitions: ECFLOW_QT5 QT_NO_KEYWORDS ECF_SECURE_USER ECF_ENABLE_PYTHON_PTR_REGISTER
-- ---------------------------------------------------------
-- Feature summary
-- ---------------------------------------------------------
-- The following features have been enabled:
 * TESTS, ecflow: Enable the unit tests
-- The following OPTIONAL packages have been found:
 * Qt5Core (required version >= 5.9.3)
 * Qt5Widgets (required version >= 5.0.0)
 * Qt5Gui (required version >= 5.0.0)
 * Qt5Network (required version >= 5.0.0)
 * Qt5Svg (required version >= 5.0.0)
 * X11
 * Motif
 * CMath
 * Threads
-- The following REQUIRED packages have been found:
 * Boost (required version >= 1.53.0)
 * PythonInterp, Python interpreter, <http://python.org>
-- The following OPTIONAL packages have not been found:
 * Git
-- Configuring done
-- Generating done
CMake Warning:
  Manually-specified variables were not used by the project:
    BUILD_STATIC_LIBS
    CMAKE_INSTALL_LIBDIR
    CMAKE_INSTALL_LIBEXECDIR
    CMAKE_INSTALL_SYSCONFDIR
    CMAKE_VERBOSE_MAKEFILE
    DBUS_INTERFACES_DIR
    DBUS_SERVICES_DIR
    INCLUDE_INSTALL_DIR
    LIB_INSTALL_DIR
    LIB_SUFFIX
    SHARE_INSTALL_PREFIX
    SYSCONF_INSTALL_DIR
-- Build files have been written to: /builddir/build/BUILD/ecFlow-4.8.0-Source/build
+ export LC_ALL=UTF-8
+ LC_ALL=UTF-8
+ /usr/bin/ninja -v -j8
[1/1117] /usr/bin/clang++  -DCMAKE -DECFLOW_QT5 -DECF_SECURE_USER -DQT_NO_KEYWORDS -I../cmake/include -I../ACore/src -I. -O2 -g -pipe -Wformat -Werror=format-security -Wp,-D_FORTIFY_SOURCE=2 -fstack-protector --param=ssp-buffer-size=4 -ftemplate-depth=1024 -O2 -g -fPIE -MD -MT ACore/CMakeFiles/u_acore.dir/test/TestExceptionSafety.cpp.o -MF ACore/CMakeFiles/u_acore.dir/test/TestExceptionSafety.cpp.o.d -o ACore/CMakeFiles/u_acore.dir/test/TestExceptionSafety.cpp.o -c ../ACore/test/TestExceptionSafety.cpp
[2/1117] /usr/bin/clang++  -DCMAKE -DECFLOW_QT5 -DECF_SECURE_USER -DQT_NO_KEYWORDS -I../cmake/include -I../ACore/src -I. -O2 -g -pipe -Wformat -Werror=format-security -Wp,-D_FORTIFY_SOURCE=2 -fstack-protector --param=ssp-buffer-size=4 -ftemplate-depth=1024 -O2 -g -fPIE -MD -MT ACore/CMakeFiles/u_acore.dir/test/TestGetUserDetails.cpp.o -MF ACore/CMakeFiles/u_acore.dir/test/TestGetUserDetails.cpp.o.d -o ACore/CMakeFiles/u_acore.dir/test/TestGetUserDetails.cpp.o -c ../ACore/test/TestGetUserDetails.cpp
[3/1117] /usr/bin/clang++  -DCMAKE -DECFLOW_QT5 -DECF_SECURE_USER -DQT_NO_KEYWORDS -I../cmake/include -I../ACore/src -I. -O2 -g -pipe -Wformat -Werror=format-security -Wp,-D_FORTIFY_SOURCE=2 -fstack-protector --param=ssp-buffer-size=4 -ftemplate-depth=1024 -O2 -g -fPIE -MD -MT ACore/CMakeFiles/u_acore.dir/test/TestNodePath.cpp.o -MF ACore/CMakeFiles/u_acore.dir/test/TestNodePath.cpp.o.d -o ACore/CMakeFiles/u_acore.dir/test/TestNodePath.cpp.o -c ../ACore/test/TestNodePath.cpp
[4/1117] /usr/bin/clang++  -DCMAKE -DECFLOW_QT5 -DECF_SECURE_USER -DQT_NO_KEYWORDS -I../cmake/include -I../ACore/src -I. -O2 -g -pipe -Wformat -Werror=format-security -Wp,-D_FORTIFY_SOURCE=2 -fstack-protector --param=ssp-buffer-size=4 -ftemplate-depth=1024 -O2 -g -fPIE -MD -MT ACore/CMakeFiles/u_acore.dir/test/TestArgvCreator.cpp.o -MF ACore/CMakeFiles/u_acore.dir/test/TestArgvCreator.cpp.o.d -o ACore/CMakeFiles/u_acore.dir/test/TestArgvCreator.cpp.o -c ../ACore/test/TestArgvCreator.cpp
[5/1117] /usr/bin/clang++  -DCMAKE -DECFLOW_QT5 -DECF_SECURE_USER -DQT_NO_KEYWORDS -I../cmake/include -I../ACore/src -I. -O2 -g -pipe -Wformat -Werror=format-security -Wp,-D_FORTIFY_SOURCE=2 -fstack-protector --param=ssp-buffer-size=4 -ftemplate-depth=1024 -O2 -g -fPIE -MD -MT ACore/CMakeFiles/u_acore.dir/test/TestStackTrace.cpp.o -MF ACore/CMakeFiles/u_acore.dir/test/TestStackTrace.cpp.o.d -o ACore/CMakeFiles/u_acore.dir/test/TestStackTrace.cpp.o -c ../ACore/test/TestStackTrace.cpp
[6/1117] /usr/bin/clang++  -DCMAKE -DECFLOW_QT5 -DECF_SECURE_USER -DQT_NO_KEYWORDS -I../cmake/include -I../ACore/src -I. -O2 -g -pipe -Wformat -Werror=format-security -Wp,-D_FORTIFY_SOURCE=2 -fstack-protector --param=ssp-buffer-size=4 -ftemplate-depth=1024 -O2 -g -fPIE -MD -MT ACore/CMakeFiles/u_acore.dir/test/TestPasswdFile.cpp.o -MF ACore/CMakeFiles/u_acore.dir/test/TestPasswdFile.cpp.o.d -o ACore/CMakeFiles/u_acore.dir/test/TestPasswdFile.cpp.o -c ../ACore/test/TestPasswdFile.cpp
[7/1117] /usr/bin/clang++  -DCMAKE -DECFLOW_QT5 -DECF_SECURE_USER -DQT_NO_KEYWORDS -I../cmake/include -I../ACore/src -I. -O2 -g -pipe -Wformat -Werror=format-security -Wp,-D_FORTIFY_SOURCE=2 -fstack-protector --param=ssp-buffer-size=4 -ftemplate-depth=1024 -O2 -g -fPIE -MD -MT ACore/CMakeFiles/u_acore.dir/test/TestMigration.cpp.o -MF ACore/CMakeFiles/u_acore.dir/test/TestMigration.cpp.o.d -o ACore/CMakeFiles/u_acore.dir/test/TestMigration.cpp.o -c ../ACore/test/TestMigration.cpp
[8/1117] /usr/bin/clang++  -DCMAKE -DECFLOW_QT5 -DECF_SECURE_USER -DQT_NO_KEYWORDS -I../cmake/include -I../ACore/src -I. -O2 -g -pipe -Wformat -Werror=format-security -Wp,-D_FORTIFY_SOURCE=2 -fstack-protector --param=ssp-buffer-size=4 -ftemplate-depth=1024 -O2 -g -fPIE -MD -MT ACore/CMakeFiles/u_acore.dir/test/TestFile.cpp.o -MF ACore/CMakeFiles/u_acore.dir/test/TestFile.cpp.o.d -o ACore/CMakeFiles/u_acore.dir/test/TestFile.cpp.o -c ../ACore/test/TestFile.cpp
[9/1117] /usr/bin/clang++  -DCMAKE -DECFLOW_QT5 -DECF_SECURE_USER -DQT_NO_KEYWORDS -I../cmake/include -I../ACore/src -I. -O2 -g -pipe -Wformat -Werror=format-security -Wp,-D_FORTIFY_SOURCE=2 -fstack-protector --param=ssp-buffer-size=4 -ftemplate-depth=1024 -O2 -g -fPIE -MD -MT ACore/CMakeFiles/u_acore.dir/test/TestRealCalendar.cpp.o -MF ACore/CMakeFiles/u_acore.dir/test/TestRealCalendar.cpp.o.d -o ACore/CMakeFiles/u_acore.dir/test/TestRealCalendar.cpp.o -c ../ACore/test/TestRealCalendar.cpp
[10/1117] /usr/bin/clang++  -DCMAKE -DECFLOW_QT5 -DECF_SECURE_USER -DQT_NO_KEYWORDS -I../cmake/include -I../ACore/src -I. -O2 -g -pipe -Wformat -Werror=format-security -Wp,-D_FORTIFY_SOURCE=2 -fstack-protector --param=ssp-buffer-size=4 -ftemplate-depth=1024 -O2 -g -fPIE -MD -MT ACore/CMakeFiles/u_acore.dir/test/TestLog.cpp.o -MF ACore/CMakeFiles/u_acore.dir/test/TestLog.cpp.o.d -o ACore/CMakeFiles/u_acore.dir/test/TestLog.cpp.o -c ../ACore/test/TestLog.cpp
[11/1117] /usr/bin/clang++  -DCMAKE -DECFLOW_QT5 -DECF_SECURE_USER -DQT_NO_KEYWORDS -I../cmake/include -I../ACore/src -I. -O2 -g -pipe -Wformat -Werror=format-security -Wp,-D_FORTIFY_SOURCE=2 -fstack-protector --param=ssp-buffer-size=4 -ftemplate-depth=1024 -O2 -g -fPIE -MD -MT ACore/CMakeFiles/u_acore.dir/test/TestCalendar.cpp.o -MF ACore/CMakeFiles/u_acore.dir/test/TestCalendar.cpp.o.d -o ACore/CMakeFiles/u_acore.dir/test/TestCalendar.cpp.o -c ../ACore/test/TestCalendar.cpp
[12/1117] /usr/bin/clang++  -DCMAKE -DECFLOW_QT5 -DECF_SECURE_USER -DQT_NO_KEYWORDS -I../ACore/src -I. -I../cmake/include -O2 -g -pipe -Wformat -Werror=format-security -Wp,-D_FORTIFY_SOURCE=2 -fstack-protector --param=ssp-buffer-size=4 -ftemplate-depth=1024 -O2 -g -fPIC -MD -MT ACore/CMakeFiles/core.dir/src/ArgvCreator.cpp.o -MF ACore/CMakeFiles/core.dir/src/ArgvCreator.cpp.o.d -o ACore/CMakeFiles/core.dir/src/ArgvCreator.cpp.o -c ../ACore/src/ArgvCreator.cpp
[13/1117] /usr/bin/clang++  -DCMAKE -DECFLOW_QT5 -DECF_SECURE_USER -DQT_NO_KEYWORDS -I../cmake/include -I../ACore/src -I. -O2 -g -pipe -Wformat -Werror=format-security -Wp,-D_FORTIFY_SOURCE=2 -fstack-protector --param=ssp-buffer-size=4 -ftemplate-depth=1024 -O2 -g -fPIE -MD -MT ACore/CMakeFiles/u_acore.dir/test/TestVersion.cpp.o -MF ACore/CMakeFiles/u_acore.dir/test/TestVersion.cpp.o.d -o ACore/CMakeFiles/u_acore.dir/test/TestVersion.cpp.o -c ../ACore/test/TestVersion.cpp
[14/1117] /usr/bin/clang++  -DCMAKE -DECFLOW_QT5 -DECF_SECURE_USER -DQT_NO_KEYWORDS -I../ACore/src -I. -I../cmake/include -O2 -g -pipe -Wformat -Werror=format-security -Wp,-D_FORTIFY_SOURCE=2 -fstack-protector --param=ssp-buffer-size=4 -ftemplate-depth=1024 -O2 -g -fPIC -MD -MT ACore/CMakeFiles/core.dir/src/Cal.cpp.o -MF ACore/CMakeFiles/core.dir/src/Cal.cpp.o.d -o ACore/CMakeFiles/core.dir/src/Cal.cpp.o -c ../ACore/src/Cal.cpp
[15/1117] /usr/bin/clang++  -DCMAKE -DECFLOW_QT5 -DECF_SECURE_USER -DQT_NO_KEYWORDS -I../cmake/include -I../ACore/src -I. -O2 -g -pipe -Wformat -Werror=format-security -Wp,-D_FORTIFY_SOURCE=2 -fstack-protector --param=ssp-buffer-size=4 -ftemplate-depth=1024 -O2 -g -fPIE -MD -MT ACore/CMakeFiles/u_acore.dir/test/TestTimeSlot.cpp.o -MF ACore/CMakeFiles/u_acore.dir/test/TestTimeSlot.cpp.o.d -o ACore/CMakeFiles/u_acore.dir/test/TestTimeSlot.cpp.o -c ../ACore/test/TestTimeSlot.cpp
[16/1117] /usr/bin/clang++  -DCMAKE -DECFLOW_QT5 -DECF_SECURE_USER -DQT_NO_KEYWORDS -I../cmake/include -I../ACore/src -I. -O2 -g -pipe -Wformat -Werror=format-security -Wp,-D_FORTIFY_SOURCE=2 -fstack-protector --param=ssp-buffer-size=4 -ftemplate-depth=1024 -O2 -g -fPIE -MD -MT ACore/CMakeFiles/u_acore.dir/test/TestSerialisation.cpp.o -MF ACore/CMakeFiles/u_acore.dir/test/TestSerialisation.cpp.o.d -o ACore/CMakeFiles/u_acore.dir/test/TestSerialisation.cpp.o -c ../ACore/test/TestSerialisation.cpp
[17/1117] /usr/bin/clang++  -DCMAKE -DECFLOW_QT5 -DECF_SECURE_USER -DQT_NO_KEYWORDS -I../cmake/include -I../ACore/src -I. -O2 -g -pipe -Wformat -Werror=format-security -Wp,-D_FORTIFY_SOURCE=2 -fstack-protector --param=ssp-buffer-size=4 -ftemplate-depth=1024 -O2 -g -fPIE -MD -MT ACore/CMakeFiles/u_acore.dir/test/TestStr.cpp.o -MF ACore/CMakeFiles/u_acore.dir/test/TestStr.cpp.o.d -o ACore/CMakeFiles/u_acore.dir/test/TestStr.cpp.o -c ../ACore/test/TestStr.cpp
[18/1117] /usr/bin/clang++  -DCMAKE -DECFLOW_QT5 -DECF_SECURE_USER -DQT_NO_KEYWORDS -I../cmake/include -I../ACore/src -I. -O2 -g -pipe -Wformat -Werror=format-security -Wp,-D_FORTIFY_SOURCE=2 -fstack-protector --param=ssp-buffer-size=4 -ftemplate-depth=1024 -O2 -g -fPIE -MD -MT ACore/CMakeFiles/u_acore.dir/test/TestVersioning.cpp.o -MF ACore/CMakeFiles/u_acore.dir/test/TestVersioning.cpp.o.d -o ACore/CMakeFiles/u_acore.dir/test/TestVersioning.cpp.o -c ../ACore/test/TestVersioning.cpp
[19/1117] /usr/bin/clang++  -DCMAKE -DECFLOW_QT5 -DECF_SECURE_USER -DQT_NO_KEYWORDS -I../ACore/src -I. -I../cmake/include -O2 -g -pipe -Wformat -Werror=format-security -Wp,-D_FORTIFY_SOURCE=2 -fstack-protector --param=ssp-buffer-size=4 -ftemplate-depth=1024 -O2 -g -fPIC -MD -MT ACore/CMakeFiles/core.dir/src/Ecf.cpp.o -MF ACore/CMakeFiles/core.dir/src/Ecf.cpp.o.d -o ACore/CMakeFiles/core.dir/src/Ecf.cpp.o -c ../ACore/src/Ecf.cpp
[20/1117] /usr/bin/clang++  -DCMAKE -DECFLOW_QT5 -DECF_SECURE_USER -DQT_NO_KEYWORDS -I../ACore/src -I. -I../cmake/include -O2 -g -pipe -Wformat -Werror=format-security -Wp,-D_FORTIFY_SOURCE=2 -fstack-protector --param=ssp-buffer-size=4 -ftemplate-depth=1024 -O2 -g -fPIC -MD -MT ACore/CMakeFiles/core.dir/src/Child.cpp.o -MF ACore/CMakeFiles/core.dir/src/Child.cpp.o.d -o ACore/CMakeFiles/core.dir/src/Child.cpp.o -c ../ACore/src/Child.cpp
[21/1117] /usr/bin/clang++  -DCMAKE -DECFLOW_QT5 -DECF_SECURE_USER -DQT_NO_KEYWORDS -I../ACore/src -I. -I../cmake/include -O2 -g -pipe -Wformat -Werror=format-security -Wp,-D_FORTIFY_SOURCE=2 -fstack-protector --param=ssp-buffer-size=4 -ftemplate-depth=1024 -O2 -g -fPIC -MD -MT ACore/CMakeFiles/core.dir/src/DState.cpp.o -MF ACore/CMakeFiles/core.dir/src/DState.cpp.o.d -o ACore/CMakeFiles/core.dir/src/DState.cpp.o -c ../ACore/src/DState.cpp
[22/1117] /usr/bin/clang++  -DCMAKE -DECFLOW_QT5 -DECF_SECURE_USER -DQT_NO_KEYWORDS -I../ACore/src -I. -I../cmake/include -O2 -g -pipe -Wformat -Werror=format-security -Wp,-D_FORTIFY_SOURCE=2 -fstack-protector --param=ssp-buffer-size=4 -ftemplate-depth=1024 -O2 -g -fPIC -MD -MT ACore/CMakeFiles/core.dir/src/File_r.cpp.o -MF ACore/CMakeFiles/core.dir/src/File_r.cpp.o.d -o ACore/CMakeFiles/core.dir/src/File_r.cpp.o -c ../ACore/src/File_r.cpp
[23/1117] /usr/bin/clang++  -DCMAKE -DECFLOW_QT5 -DECF_SECURE_USER -DQT_NO_KEYWORDS -I../ACore/src -I. -I../cmake/include -O2 -g -pipe -Wformat -Werror=format-security -Wp,-D_FORTIFY_SOURCE=2 -fstack-protector --param=ssp-buffer-size=4 -ftemplate-depth=1024 -O2 -g -fPIC -MD -MT ACore/CMakeFiles/core.dir/src/AssertTimer.cpp.o -MF ACore/CMakeFiles/core.dir/src/AssertTimer.cpp.o.d -o ACore/CMakeFiles/core.dir/src/AssertTimer.cpp.o -c ../ACore/src/AssertTimer.cpp
[24/1117] /usr/bin/clang++  -DCMAKE -DECFLOW_QT5 -DECF_SECURE_USER -DQT_NO_KEYWORDS -I../ACore/src -I. -I../cmake/include -O2 -g -pipe -Wformat -Werror=format-security -Wp,-D_FORTIFY_SOURCE=2 -fstack-protector --param=ssp-buffer-size=4 -ftemplate-depth=1024 -O2 -g -fPIC -MD -MT ACore/CMakeFiles/core.dir/src/Indentor.cpp.o -MF ACore/CMakeFiles/core.dir/src/Indentor.cpp.o.d -o ACore/CMakeFiles/core.dir/src/Indentor.cpp.o -c ../ACore/src/Indentor.cpp
[25/1117] /usr/bin/clang++  -DCMAKE -DECFLOW_QT5 -DECF_SECURE_USER -DQT_NO_KEYWORDS -I../ACore/src -I. -I../cmake/include -O2 -g -pipe -Wformat -Werror=format-security -Wp,-D_FORTIFY_SOURCE=2 -fstack-protector --param=ssp-buffer-size=4 -ftemplate-depth=1024 -O2 -g -fPIC -MD -MT ACore/CMakeFiles/core.dir/src/Host.cpp.o -MF ACore/CMakeFiles/core.dir/src/Host.cpp.o.d -o ACore/CMakeFiles/core.dir/src/Host.cpp.o -c ../ACore/src/Host.cpp
[26/1117] /usr/bin/clang++  -DCMAKE -DECFLOW_QT5 -DECF_SECURE_USER -DQT_NO_KEYWORDS -I../cmake/include -I../ACore/src -I. -O2 -g -pipe -Wformat -Werror=format-security -Wp,-D_FORTIFY_SOURCE=2 -fstack-protector --param=ssp-buffer-size=4 -ftemplate-depth=1024 -O2 -g -fPIE -MD -MT ACore/CMakeFiles/u_acore.dir/test/TestTimeSeries.cpp.o -MF ACore/CMakeFiles/u_acore.dir/test/TestTimeSeries.cpp.o.d -o ACore/CMakeFiles/u_acore.dir/test/TestTimeSeries.cpp.o -c ../ACore/test/TestTimeSeries.cpp
[27/1117] /usr/bin/clang++  -DCMAKE -DECFLOW_QT5 -DECF_SECURE_USER -DQT_NO_KEYWORDS -I../ACore/src -I. -I../cmake/include -O2 -g -pipe -Wformat -Werror=format-security -Wp,-D_FORTIFY_SOURCE=2 -fstack-protector --param=ssp-buffer-size=4 -ftemplate-depth=1024 -O2 -g -fPIC -MD -MT ACore/CMakeFiles/core.dir/src/LogVerification.cpp.o -MF ACore/CMakeFiles/core.dir/src/LogVerification.cpp.o.d -o ACore/CMakeFiles/core.dir/src/LogVerification.cpp.o -c ../ACore/src/LogVerification.cpp
[28/1117] /usr/bin/clang++  -DCMAKE -DECFLOW_QT5 -DECF_SECURE_USER -DQT_NO_KEYWORDS -I../ACore/src -I. -I../cmake/include -O2 -g -pipe -Wformat -Werror=format-security -Wp,-D_FORTIFY_SOURCE=2 -fstack-protector --param=ssp-buffer-size=4 -ftemplate-depth=1024 -O2 -g -fPIC -MD -MT ACore/CMakeFiles/core.dir/src/NOrder.cpp.o -MF ACore/CMakeFiles/core.dir/src/NOrder.cpp.o.d -o ACore/CMakeFiles/core.dir/src/NOrder.cpp.o -c ../ACore/src/NOrder.cpp
[29/1117] /usr/bin/clang++  -DCMAKE -DECFLOW_QT5 -DECF_SECURE_USER -DQT_NO_KEYWORDS -I../ACore/src -I. -I../cmake/include -O2 -g -pipe -Wformat -Werror=format-security -Wp,-D_FORTIFY_SOURCE=2 -fstack-protector --param=ssp-buffer-size=4 -ftemplate-depth=1024 -O2 -g -fPIC -MD -MT ACore/CMakeFiles/core.dir/src/Log.cpp.o -MF ACore/CMakeFiles/core.dir/src/Log.cpp.o.d -o ACore/CMakeFiles/core.dir/src/Log.cpp.o -c ../ACore/src/Log.cpp
[30/1117] /usr/bin/clang++  -DCMAKE -DECFLOW_QT5 -DECF_SECURE_USER -DQT_NO_KEYWORDS -I../ACore/src -I. -I../cmake/include -O2 -g -pipe -Wformat -Werror=format-security -Wp,-D_FORTIFY_SOURCE=2 -fstack-protector --param=ssp-buffer-size=4 -ftemplate-depth=1024 -O2 -g -fPIC -MD -MT ACore/CMakeFiles/core.dir/src/Extract.cpp.o -MF ACore/CMakeFiles/core.dir/src/Extract.cpp.o.d -o ACore/CMakeFiles/core.dir/src/Extract.cpp.o -c ../ACore/src/Extract.cpp
[31/1117] /usr/bin/clang++  -DCMAKE -DECFLOW_QT5 -DECF_SECURE_USER -DQT_NO_KEYWORDS -I../ACore/src -I. -I../cmake/include -O2 -g -pipe -Wformat -Werror=format-security -Wp,-D_FORTIFY_SOURCE=2 -fstack-protector --param=ssp-buffer-size=4 -ftemplate-depth=1024 -O2 -g -fPIC -MD -MT ACore/CMakeFiles/core.dir/src/Passwd.cpp.o -MF ACore/CMakeFiles/core.dir/src/Passwd.cpp.o.d -o ACore/CMakeFiles/core.dir/src/Passwd.cpp.o -c ../ACore/src/Passwd.cpp
[32/1117] /usr/bin/clang++  -DCMAKE -DECFLOW_QT5 -DECF_SECURE_USER -DQT_NO_KEYWORDS -I../ACore/src -I. -I../cmake/include -O2 -g -pipe -Wformat -Werror=format-security -Wp,-D_FORTIFY_SOURCE=2 -fstack-protector --param=ssp-buffer-size=4 -ftemplate-depth=1024 -O2 -g -fPIC -MD -MT ACore/CMakeFiles/core.dir/src/NState.cpp.o -MF ACore/CMakeFiles/core.dir/src/NState.cpp.o.d -o ACore/CMakeFiles/core.dir/src/NState.cpp.o -c ../ACore/src/NState.cpp
[33/1117] /usr/bin/clang++  -DCMAKE -DECFLOW_QT5 -DECF_SECURE_USER -DQT_NO_KEYWORDS -I../cmake/include -I../ACore/src -I. -O2 -g -pipe -Wformat -Werror=format-security -Wp,-D_FORTIFY_SOURCE=2 -fstack-protector --param=ssp-buffer-size=4 -ftemplate-depth=1024 -O2 -g -fPIE -MD -MT ACore/CMakeFiles/u_acore.dir/test/TestWhiteListFile.cpp.o -MF ACore/CMakeFiles/u_acore.dir/test/TestWhiteListFile.cpp.o.d -o ACore/CMakeFiles/u_acore.dir/test/TestWhiteListFile.cpp.o -c ../ACore/test/TestWhiteListFile.cpp
[34/1117] /usr/bin/clang++  -DCMAKE -DECFLOW_QT5 -DECF_SECURE_USER -DQT_NO_KEYWORDS -I../ACore/src -I. -I../cmake/include -O2 -g -pipe -Wformat -Werror=format-security -Wp,-D_FORTIFY_SOURCE=2 -fstack-protector --param=ssp-buffer-size=4 -ftemplate-depth=1024 -O2 -g -fPIC -MD -MT ACore/CMakeFiles/core.dir/src/PrintStyle.cpp.o -MF ACore/CMakeFiles/core.dir/src/PrintStyle.cpp.o.d -o ACore/CMakeFiles/core.dir/src/PrintStyle.cpp.o -c ../ACore/src/PrintStyle.cpp
[35/1117] /usr/bin/clang++  -DCMAKE -DECFLOW_QT5 -DECF_SECURE_USER -DQT_NO_KEYWORDS -I../ACore/src -I. -I../cmake/include -O2 -g -pipe -Wformat -Werror=format-security -Wp,-D_FORTIFY_SOURCE=2 -fstack-protector --param=ssp-buffer-size=4 -ftemplate-depth=1024 -O2 -g -fPIC -MD -MT ACore/CMakeFiles/core.dir/src/NodePath.cpp.o -MF ACore/CMakeFiles/core.dir/src/NodePath.cpp.o.d -o ACore/CMakeFiles/core.dir/src/NodePath.cpp.o -c ../ACore/src/NodePath.cpp
[36/1117] /usr/bin/clang++  -DCMAKE -DECFLOW_QT5 -DECF_SECURE_USER -DQT_NO_KEYWORDS -I../ACore/src -I. -I../cmake/include -O2 -g -pipe -Wformat -Werror=format-security -Wp,-D_FORTIFY_SOURCE=2 -fstack-protector --param=ssp-buffer-size=4 -ftemplate-depth=1024 -O2 -g -fPIC -MD -MT ACore/CMakeFiles/core.dir/src/Calendar.cpp.o -MF ACore/CMakeFiles/core.dir/src/Calendar.cpp.o.d -o ACore/CMakeFiles/core.dir/src/Calendar.cpp.o -c ../ACore/src/Calendar.cpp
[37/1117] /usr/bin/clang++  -DCMAKE -DECFLOW_QT5 -DECF_SECURE_USER -DQT_NO_KEYWORDS -I../ACore/src -I. -I../cmake/include -O2 -g -pipe -Wformat -Werror=format-security -Wp,-D_FORTIFY_SOURCE=2 -fstack-protector --param=ssp-buffer-size=4 -ftemplate-depth=1024 -O2 -g -fPIC -MD -MT ACore/CMakeFiles/core.dir/src/SState.cpp.o -MF ACore/CMakeFiles/core.dir/src/SState.cpp.o.d -o ACore/CMakeFiles/core.dir/src/SState.cpp.o -c ../ACore/src/SState.cpp
[38/1117] /usr/bin/clang++  -DCMAKE -DECFLOW_QT5 -DECF_SECURE_USER -DQT_NO_KEYWORDS -I../ACore/src -I. -I../cmake/include -O2 -g -pipe -Wformat -Werror=format-security -Wp,-D_FORTIFY_SOURCE=2 -fstack-protector --param=ssp-buffer-size=4 -ftemplate-depth=1024 -O2 -g -fPIC -MD -MT ACore/CMakeFiles/core.dir/src/File.cpp.o -MF ACore/CMakeFiles/core.dir/src/File.cpp.o.d -o ACore/CMakeFiles/core.dir/src/File.cpp.o -c ../ACore/src/File.cpp
[39/1117] /usr/bin/clang++  -DCMAKE -DECFLOW_QT5 -DECF_SECURE_USER -DQT_NO_KEYWORDS -I../ACore/src -I. -I../cmake/include -O2 -g -pipe -Wformat -Werror=format-security -Wp,-D_FORTIFY_SOURCE=2 -fstack-protector --param=ssp-buffer-size=4 -ftemplate-depth=1024 -O2 -g -fPIC -MD -MT ACore/CMakeFiles/core.dir/src/TimeStamp.cpp.o -MF ACore/CMakeFiles/core.dir/src/TimeStamp.cpp.o.d -o ACore/CMakeFiles/core.dir/src/TimeStamp.cpp.o -c ../ACore/src/TimeStamp.cpp
[40/1117] /usr/bin/clang++  -DCMAKE -DECFLOW_QT5 -DECF_SECURE_USER -DQT_NO_KEYWORDS -I../ACore/src -I. -I../cmake/include -O2 -g -pipe -Wformat -Werror=format-security -Wp,-D_FORTIFY_SOURCE=2 -fstack-protector --param=ssp-buffer-size=4 -ftemplate-depth=1024 -O2 -g -fPIC -MD -MT ACore/CMakeFiles/core.dir/src/Version.cpp.o -MF ACore/CMakeFiles/core.dir/src/Version.cpp.o.d -o ACore/CMakeFiles/core.dir/src/Version.cpp.o -c ../ACore/src/Version.cpp
[41/1117] /usr/bin/clang++  -DCMAKE -DECFLOW_QT5 -DECF_SECURE_USER -DQT_NO_KEYWORDS -I../ACore/src -I. -I../cmake/include -O2 -g -pipe -Wformat -Werror=format-security -Wp,-D_FORTIFY_SOURCE=2 -fstack-protector --param=ssp-buffer-size=4 -ftemplate-depth=1024 -O2 -g -fPIC -MD -MT ACore/CMakeFiles/core.dir/src/Pid.cpp.o -MF ACore/CMakeFiles/core.dir/src/Pid.cpp.o.d -o ACore/CMakeFiles/core.dir/src/Pid.cpp.o -c ../ACore/src/Pid.cpp
[42/1117] /usr/bin/clang++  -DCMAKE -DECFLOW_QT5 -DECF_SECURE_USER -DQT_NO_KEYWORDS -I../ACore/src -I. -I../cmake/include -O2 -g -pipe -Wformat -Werror=format-security -Wp,-D_FORTIFY_SOURCE=2 -fstack-protector --param=ssp-buffer-size=4 -ftemplate-depth=1024 -O2 -g -fPIC -MD -MT ACore/CMakeFiles/core.dir/src/PasswdFile.cpp.o -MF ACore/CMakeFiles/core.dir/src/PasswdFile.cpp.o.d -o ACore/CMakeFiles/core.dir/src/PasswdFile.cpp.o -c ../ACore/src/PasswdFile.cpp
[43/1117] /usr/bin/clang++  -DCMAKE -DECFLOW_QT5 -DECF_SECURE_USER -DQT_NO_KEYWORDS -I../ACore/src -I. -I../cmake/include -O2 -g -pipe -Wformat -Werror=format-security -Wp,-D_FORTIFY_SOURCE=2 -fstack-protector --param=ssp-buffer-size=4 -ftemplate-depth=1024 -O2 -g -fPIC -MD -MT ACore/CMakeFiles/core.dir/src/portable_binary_iarchive.cpp.o -MF ACore/CMakeFiles/core.dir/src/portable_binary_iarchive.cpp.o.d -o ACore/CMakeFiles/core.dir/src/portable_binary_iarchive.cpp.o -c ../ACore/src/portable_binary_iarchive.cpp
[44/1117] /usr/bin/clang++  -DCMAKE -DECFLOW_QT5 -DECF_SECURE_USER -DQT_NO_KEYWORDS -I../ACore/src -I. -I../cmake/include -O2 -g -pipe -Wformat -Werror=format-security -Wp,-D_FORTIFY_SOURCE=2 -fstack-protector --param=ssp-buffer-size=4 -ftemplate-depth=1024 -O2 -g -fPIC -MD -MT ACore/CMakeFiles/core.dir/src/portable_binary_oarchive.cpp.o -MF ACore/CMakeFiles/core.dir/src/portable_binary_oarchive.cpp.o.d -o ACore/CMakeFiles/core.dir/src/portable_binary_oarchive.cpp.o -c ../ACore/src/portable_binary_oarchive.cpp
[45/1117] /usr/bin/clang++  -DCMAKE -DECFLOW_QT5 -DECF_SECURE_USER -DQT_NO_KEYWORDS -I../ACore/src -I. -I../cmake/include -O2 -g -pipe -Wformat -Werror=format-security -Wp,-D_FORTIFY_SOURCE=2 -fstack-protector --param=ssp-buffer-size=4 -ftemplate-depth=1024 -O2 -g -fPIC -MD -MT ACore/CMakeFiles/core.dir/src/TimeSlot.cpp.o -MF ACore/CMakeFiles/core.dir/src/TimeSlot.cpp.o.d -o ACore/CMakeFiles/core.dir/src/TimeSlot.cpp.o -c ../ACore/src/TimeSlot.cpp
[46/1117] /usr/bin/clang++  -DCMAKE -DECFLOW_QT5 -DECF_SECURE_USER -DQT_NO_KEYWORDS -I../ACore/src -I. -I../cmake/include -O2 -g -pipe -Wformat -Werror=format-security -Wp,-D_FORTIFY_SOURCE=2 -fstack-protector --param=ssp-buffer-size=4 -ftemplate-depth=1024 -O2 -g -fPIC -MD -MT ACore/CMakeFiles/core.dir/src/Str.cpp.o -MF ACore/CMakeFiles/core.dir/src/Str.cpp.o.d -o ACore/CMakeFiles/core.dir/src/Str.cpp.o -c ../ACore/src/Str.cpp
[47/1117] /usr/bin/clang++  -DCMAKE -DECFLOW_QT5 -DECF_SECURE_USER -DQT_NO_KEYWORDS -I../ACore/src -I. -I../cmake/include -O2 -g -pipe -Wformat -Werror=format-security -Wp,-D_FORTIFY_SOURCE=2 -fstack-protector --param=ssp-buffer-size=4 -ftemplate-depth=1024 -O2 -g -fPIC -MD -MT ACore/CMakeFiles/core.dir/src/boost_archive.cpp.o -MF ACore/CMakeFiles/core.dir/src/boost_archive.cpp.o.d -o ACore/CMakeFiles/core.dir/src/boost_archive.cpp.o -c ../ACore/src/boost_archive.cpp
[48/1117] /usr/bin/clang++  -DCMAKE -DECFLOW_QT5 -DECF_SECURE_USER -DQT_NO_KEYWORDS -I../ACore/src -I. -I../cmake/include -O2 -g -pipe -Wformat -Werror=format-security -Wp,-D_FORTIFY_SOURCE=2 -fstack-protector --param=ssp-buffer-size=4 -ftemplate-depth=1024 -O2 -g -fPIC -MD -MT ACore/CMakeFiles/core.dir/src/TimeSeries.cpp.o -MF ACore/CMakeFiles/core.dir/src/TimeSeries.cpp.o.d -o ACore/CMakeFiles/core.dir/src/TimeSeries.cpp.o -c ../ACore/src/TimeSeries.cpp
[49/1117] /usr/bin/clang++  -DCMAKE -DECFLOW_QT5 -DECF_SECURE_USER -DQT_NO_KEYWORDS -I../ACore/src -I. -I../cmake/include -O2 -g -pipe -Wformat -Werror=format-security -Wp,-D_FORTIFY_SOURCE=2 -fstack-protector --param=ssp-buffer-size=4 -ftemplate-depth=1024 -O2 -g -fPIC -MD -MT ACore/CMakeFiles/core.dir/src/WhiteListFile.cpp.o -MF ACore/CMakeFiles/core.dir/src/WhiteListFile.cpp.o.d -o ACore/CMakeFiles/core.dir/src/WhiteListFile.cpp.o -c ../ACore/src/WhiteListFile.cpp
[50/1117] cd /builddir/build/BUILD/ecFlow-4.8.0-Source/build/ACore && /usr/bin/cmake -E remove /builddir/build/BUILD/ecFlow-4.8.0-Source/build/ACore/libcore.a && cd /builddir/build/BUILD/ecFlow-4.8.0-Source/build && /usr/bin/cmake -E remove ACore/libcore.a && /usr/bin/ar qc ACore/libcore.a  ACore/CMakeFiles/core.dir/src/ArgvCreator.cpp.o ACore/CMakeFiles/core.dir/src/AssertTimer.cpp.o ACore/CMakeFiles/core.dir/src/Cal.cpp.o ACore/CMakeFiles/core.dir/src/Calendar.cpp.o ACore/CMakeFiles/core.dir/src/Child.cpp.o ACore/CMakeFiles/core.dir/src/DState.cpp.o ACore/CMakeFiles/core.dir/src/Ecf.cpp.o ACore/CMakeFiles/core.dir/src/Extract.cpp.o ACore/CMakeFiles/core.dir/src/File.cpp.o ACore/CMakeFiles/core.dir/src/File_r.cpp.o ACore/CMakeFiles/core.dir/src/Host.cpp.o ACore/CMakeFiles/core.dir/src/Indentor.cpp.o ACore/CMakeFiles/core.dir/src/Log.cpp.o ACore/CMakeFiles/core.dir/src/LogVerification.cpp.o ACore/CMakeFiles/core.dir/src/NOrder.cpp.o ACore/CMakeFiles/core.dir/src/NState.cpp.o ACore/CMakeFiles/core.dir/src/NodePath.cpp.o ACore/CMakeFiles/core.dir/src/Passwd.cpp.o ACore/CMakeFiles/core.dir/src/PasswdFile.cpp.o ACore/CMakeFiles/core.dir/src/Pid.cpp.o ACore/CMakeFiles/core.dir/src/PrintStyle.cpp.o ACore/CMakeFiles/core.dir/src/SState.cpp.o ACore/CMakeFiles/core.dir/src/Str.cpp.o ACore/CMakeFiles/core.dir/src/TimeSeries.cpp.o ACore/CMakeFiles/core.dir/src/TimeSlot.cpp.o ACore/CMakeFiles/core.dir/src/TimeStamp.cpp.o ACore/CMakeFiles/core.dir/src/Version.cpp.o ACore/CMakeFiles/core.dir/src/WhiteListFile.cpp.o ACore/CMakeFiles/core.dir/src/boost_archive.cpp.o ACore/CMakeFiles/core.dir/src/portable_binary_iarchive.cpp.o ACore/CMakeFiles/core.dir/src/portable_binary_oarchive.cpp.o && /usr/bin/ranlib ACore/libcore.a && :
[51/1117] /usr/bin/clang++  -DECFLOW_QT5 -DECF_SECURE_USER -DQT_NO_KEYWORDS -I../ANode/../ACore/src -I../ANode/../ANattr/src -I../ANode/src -I../ANode/parser/src -I../cmake/include -I../ANattr/src -I../ANattr/../ACore/src -I../ACore/src -I. -O2 -g -pipe -Wformat -Werror=format-security -Wp,-D_FORTIFY_SOURCE=2 -fstack-protector --param=ssp-buffer-size=4 -ftemplate-depth=1024 -O2 -g -fPIC -MD -MT ANode/CMakeFiles/node.dir/src/ExprAst.cpp.o -MF ANode/CMakeFiles/node.dir/src/ExprAst.cpp.o.d -o ANode/CMakeFiles/node.dir/src/ExprAst.cpp.o -c ../ANode/src/ExprAst.cpp
[52/1117] cd /builddir/build/BUILD/ecFlow-4.8.0-Source/build/ACore && /usr/bin/cmake -E remove EXE_FILENAME-NOTFOUND && cd /builddir/build/BUILD/ecFlow-4.8.0-Source/build && /usr/bin/clang++  -O2 -g -pipe -Wformat -Werror=format-security -Wp,-D_FORTIFY_SOURCE=2 -fstack-protector --param=ssp-buffer-size=4 -ftemplate-depth=1024 -O2 -g  -Wl,--as-needed -Wl,--no-undefined -Wl,-z,relro -Wl,-O1 -Wl,--build-id -Wl,--enable-new-dtags    -Wl,--disable-new-dtags    -rdynamic ACore/CMakeFiles/u_acore.dir/test/TestArgvCreator.cpp.o ACore/CMakeFiles/u_acore.dir/test/TestCalendar.cpp.o ACore/CMakeFiles/u_acore.dir/test/TestExceptionSafety.cpp.o ACore/CMakeFiles/u_acore.dir/test/TestFile.cpp.o ACore/CMakeFiles/u_acore.dir/test/TestGetUserDetails.cpp.o ACore/CMakeFiles/u_acore.dir/test/TestLog.cpp.o ACore/CMakeFiles/u_acore.dir/test/TestMigration.cpp.o ACore/CMakeFiles/u_acore.dir/test/TestNodePath.cpp.o ACore/CMakeFiles/u_acore.dir/test/TestPasswdFile.cpp.o ACore/CMakeFiles/u_acore.dir/test/TestRealCalendar.cpp.o ACore/CMakeFiles/u_acore.dir/test/TestSerialisation.cpp.o ACore/CMakeFiles/u_acore.dir/test/TestStackTrace.cpp.o ACore/CMakeFiles/u_acore.dir/test/TestStr.cpp.o ACore/CMakeFiles/u_acore.dir/test/TestTimeSeries.cpp.o ACore/CMakeFiles/u_acore.dir/test/TestTimeSlot.cpp.o ACore/CMakeFiles/u_acore.dir/test/TestVersion.cpp.o ACore/CMakeFiles/u_acore.dir/test/TestVersioning.cpp.o ACore/CMakeFiles/u_acore.dir/test/TestWhiteListFile.cpp.o  -o ACore/u_acore  ACore/libcore.a -Wl,-Bstatic -lboost_unit_test_framework -lboost_test_exec_monitor -lboost_serialization -lboost_system -lboost_filesystem -lboost_date_time -Wl,-Bdynamic && :
FAILED: ACore/u_acore 
cd /builddir/build/BUILD/ecFlow-4.8.0-Source/build/ACore && /usr/bin/cmake -E remove EXE_FILENAME-NOTFOUND && cd /builddir/build/BUILD/ecFlow-4.8.0-Source/build && /usr/bin/clang++  -O2 -g -pipe -Wformat -Werror=format-security -Wp,-D_FORTIFY_SOURCE=2 -fstack-protector --param=ssp-buffer-size=4 -ftemplate-depth=1024 -O2 -g  -Wl,--as-needed -Wl,--no-undefined -Wl,-z,relro -Wl,-O1 -Wl,--build-id -Wl,--enable-new-dtags    -Wl,--disable-new-dtags    -rdynamic ACore/CMakeFiles/u_acore.dir/test/TestArgvCreator.cpp.o ACore/CMakeFiles/u_acore.dir/test/TestCalendar.cpp.o ACore/CMakeFiles/u_acore.dir/test/TestExceptionSafety.cpp.o ACore/CMakeFiles/u_acore.dir/test/TestFile.cpp.o ACore/CMakeFiles/u_acore.dir/test/TestGetUserDetails.cpp.o ACore/CMakeFiles/u_acore.dir/test/TestLog.cpp.o ACore/CMakeFiles/u_acore.dir/test/TestMigration.cpp.o ACore/CMakeFiles/u_acore.dir/test/TestNodePath.cpp.o ACore/CMakeFiles/u_acore.dir/test/TestPasswdFile.cpp.o ACore/CMakeFiles/u_acore.dir/test/TestRealCalendar.cpp.o ACore/CMakeFiles/u_acore.dir/test/TestSerialisation.cpp.o ACore/CMakeFiles/u_acore.dir/test/TestStackTrace.cpp.o ACore/CMakeFiles/u_acore.dir/test/TestStr.cpp.o ACore/CMakeFiles/u_acore.dir/test/TestTimeSeries.cpp.o ACore/CMakeFiles/u_acore.dir/test/TestTimeSlot.cpp.o ACore/CMakeFiles/u_acore.dir/test/TestVersion.cpp.o ACore/CMakeFiles/u_acore.dir/test/TestVersioning.cpp.o ACore/CMakeFiles/u_acore.dir/test/TestWhiteListFile.cpp.o  -o ACore/u_acore  ACore/libcore.a -Wl,-Bstatic -lboost_unit_test_framework -lboost_test_exec_monitor -lboost_serialization -lboost_system -lboost_filesystem -lboost_date_time -Wl,-Bdynamic && :
/usr/bin/../lib/gcc/x86_64-mageia-linux-gnu/7.3.0/../../../../lib64/libboost_filesystem.a(operations.o): In function `boost::filesystem::detail::dir_itr_close(void*&, void*&)':
/home/iurt/rpmbuild/BUILD/boost_1_66_0/libs/filesystem/src/operations.cpp:2352: undefined reference to `boost::system::system_category()'
/usr/bin/../lib/gcc/x86_64-mageia-linux-gnu/7.3.0/../../../../lib64/libboost_filesystem.a(operations.o): In function `boost::system::error_code::clear()':
/home/iurt/rpmbuild/BUILD/boost_1_66_0/./boost/system/error_code.hpp:479: undefined reference to `boost::system::system_category()'
/usr/bin/../lib/gcc/x86_64-mageia-linux-gnu/7.3.0/../../../../lib64/libboost_filesystem.a(operations.o): In function `(anonymous namespace)::error(int, boost::filesystem::path const&, boost::filesystem::path const&, boost::system::error_code*, char const*)':
/home/iurt/rpmbuild/BUILD/boost_1_66_0/libs/filesystem/src/operations.cpp:325: undefined reference to `boost::system::system_category()'
/home/iurt/rpmbuild/BUILD/boost_1_66_0/libs/filesystem/src/operations.cpp:322: undefined reference to `boost::system::system_category()'
/usr/bin/../lib/gcc/x86_64-mageia-linux-gnu/7.3.0/../../../../lib64/libboost_filesystem.a(operations.o): In function `error':
/home/iurt/rpmbuild/BUILD/boost_1_66_0/libs/filesystem/src/operations.cpp:290: undefined reference to `boost::system::system_category()'
/usr/bin/../lib/gcc/x86_64-mageia-linux-gnu/7.3.0/../../../../lib64/libboost_filesystem.a(operations.o):/home/iurt/rpmbuild/BUILD/boost_1_66_0/./boost/system/error_code.hpp:479: more undefined references to `boost::system::system_category()' follow
/usr/bin/../lib/gcc/x86_64-mageia-linux-gnu/7.3.0/../../../../lib64/libboost_filesystem.a(operations.o): In function `boost::filesystem::detail::create_directories(boost::filesystem::path const&, boost::system::error_code*)':
/home/iurt/rpmbuild/BUILD/boost_1_66_0/libs/filesystem/src/operations.cpp:1048: undefined reference to `boost::system::generic_category()'
/usr/bin/../lib/gcc/x86_64-mageia-linux-gnu/7.3.0/../../../../lib64/libboost_filesystem.a(operations.o): In function `boost::system::error_code::error_code()':
/home/iurt/rpmbuild/BUILD/boost_1_66_0/./boost/system/error_code.hpp:449: undefined reference to `boost::system::system_category()'
/usr/bin/../lib/gcc/x86_64-mageia-linux-gnu/7.3.0/../../../../lib64/libboost_filesystem.a(operations.o): In function `boost::system::error_code::clear()':
/home/iurt/rpmbuild/BUILD/boost_1_66_0/./boost/system/error_code.hpp:479: undefined reference to `boost::system::system_category()'
/usr/bin/../lib/gcc/x86_64-mageia-linux-gnu/7.3.0/../../../../lib64/libboost_filesystem.a(operations.o): In function `boost::system::errc::make_error_code(boost::system::errc::errc_t)':
/home/iurt/rpmbuild/BUILD/boost_1_66_0/./boost/system/error_code.hpp:632: undefined reference to `boost::system::generic_category()'
/usr/bin/../lib/gcc/x86_64-mageia-linux-gnu/7.3.0/../../../../lib64/libboost_filesystem.a(operations.o): In function `boost::filesystem::detail::symlink_status(boost::filesystem::path const&, boost::system::error_code*)':
/home/iurt/rpmbuild/BUILD/boost_1_66_0/libs/filesystem/src/operations.cpp:1842: undefined reference to `boost::system::system_category()'
/usr/bin/../lib/gcc/x86_64-mageia-linux-gnu/7.3.0/../../../../lib64/libboost_filesystem.a(operations.o): In function `boost::system::error_code::clear()':
/home/iurt/rpmbuild/BUILD/boost_1_66_0/./boost/system/error_code.hpp:479: undefined reference to `boost::system::system_category()'
/usr/bin/../lib/gcc/x86_64-mageia-linux-gnu/7.3.0/../../../../lib64/libboost_filesystem.a(operations.o): In function `boost::filesystem::detail::symlink_status(boost::filesystem::path const&, boost::system::error_code*)':
/home/iurt/rpmbuild/BUILD/boost_1_66_0/libs/filesystem/src/operations.cpp:1849: undefined reference to `boost::system::system_category()'
/usr/bin/../lib/gcc/x86_64-mageia-linux-gnu/7.3.0/../../../../lib64/libboost_filesystem.a(operations.o): In function `boost::system::error_code::error_code()':
/home/iurt/rpmbuild/BUILD/boost_1_66_0/./boost/system/error_code.hpp:449: undefined reference to `boost::system::system_category()'
/usr/bin/../lib/gcc/x86_64-mageia-linux-gnu/7.3.0/../../../../lib64/libboost_filesystem.a(operations.o): In function `boost::system::error_code::clear()':
/home/iurt/rpmbuild/BUILD/boost_1_66_0/./boost/system/error_code.hpp:479: undefined reference to `boost::system::system_category()'
/usr/bin/../lib/gcc/x86_64-mageia-linux-gnu/7.3.0/../../../../lib64/libboost_filesystem.a(operations.o):/home/iurt/rpmbuild/BUILD/boost_1_66_0/libs/filesystem/src/operations.cpp:1000: more undefined references to `boost::system::system_category()' follow
/usr/bin/../lib/gcc/x86_64-mageia-linux-gnu/7.3.0/../../../../lib64/libboost_filesystem.a(operations.o): In function `boost::filesystem::detail::permissions(boost::filesystem::path const&, boost::filesystem::perms, boost::system::error_code*)':
/home/iurt/rpmbuild/BUILD/boost_1_66_0/libs/filesystem/src/operations.cpp:1559: undefined reference to `boost::system::generic_category()'
/home/iurt/rpmbuild/BUILD/boost_1_66_0/libs/filesystem/src/operations.cpp:1555: undefined reference to `boost::system::generic_category()'
/usr/bin/../lib/gcc/x86_64-mageia-linux-gnu/7.3.0/../../../../lib64/libboost_filesystem.a(operations.o): In function `boost::system::error_code::error_code()':
/home/iurt/rpmbuild/BUILD/boost_1_66_0/./boost/system/error_code.hpp:449: undefined reference to `boost::system::system_category()'
/usr/bin/../lib/gcc/x86_64-mageia-linux-gnu/7.3.0/../../../../lib64/libboost_filesystem.a(operations.o): In function `boost::system::error_code::clear()':
/home/iurt/rpmbuild/BUILD/boost_1_66_0/./boost/system/error_code.hpp:479: undefined reference to `boost::system::system_category()'
/usr/bin/../lib/gcc/x86_64-mageia-linux-gnu/7.3.0/../../../../lib64/libboost_filesystem.a(operations.o): In function `boost::filesystem::detail::directory_iterator_increment(boost::filesystem::directory_iterator&, boost::system::error_code*)':
/home/iurt/rpmbuild/BUILD/boost_1_66_0/libs/filesystem/src/operations.cpp:2428: undefined reference to `boost::system::system_category()'
/usr/bin/../lib/gcc/x86_64-mageia-linux-gnu/7.3.0/../../../../lib64/libboost_filesystem.a(operations.o): In function `dir_itr_increment':
/home/iurt/rpmbuild/BUILD/boost_1_66_0/libs/filesystem/src/operations.cpp:2201: undefined reference to `boost::system::system_category()'
/usr/bin/../lib/gcc/x86_64-mageia-linux-gnu/7.3.0/../../../../lib64/libboost_filesystem.a(operations.o): In function `boost::filesystem::detail::directory_iterator_increment(boost::filesystem::directory_iterator&, boost::system::error_code*)':
/home/iurt/rpmbuild/BUILD/boost_1_66_0/libs/filesystem/src/operations.cpp:2424: undefined reference to `boost::system::system_category()'
/usr/bin/../lib/gcc/x86_64-mageia-linux-gnu/7.3.0/../../../../lib64/libboost_filesystem.a(operations.o):/home/iurt/rpmbuild/BUILD/boost_1_66_0/libs/filesystem/src/operations.cpp:2155: more undefined references to `boost::system::system_category()' follow
/usr/bin/../lib/gcc/x86_64-mageia-linux-gnu/7.3.0/../../../../lib64/libboost_filesystem.a(operations.o): In function `boost::filesystem::detail::canonical(boost::filesystem::path const&, boost::filesystem::path const&, boost::system::error_code*)':
/home/iurt/rpmbuild/BUILD/boost_1_66_0/libs/filesystem/src/operations.cpp:911: undefined reference to `boost::system::generic_category()'
/home/iurt/rpmbuild/BUILD/boost_1_66_0/libs/filesystem/src/operations.cpp:908: undefined reference to `boost::system::generic_category()'
/usr/bin/../lib/gcc/x86_64-mageia-linux-gnu/7.3.0/../../../../lib64/libboost_filesystem.a(operations.o): In function `boost::system::error_code::error_code()':
/home/iurt/rpmbuild/BUILD/boost_1_66_0/./boost/system/error_code.hpp:449: undefined reference to `boost::system::system_category()'
/home/iurt/rpmbuild/BUILD/boost_1_66_0/./boost/system/error_code.hpp:449: undefined reference to `boost::system::system_category()'
/usr/bin/../lib/gcc/x86_64-mageia-linux-gnu/7.3.0/../../../../lib64/libboost_filesystem.a(operations.o): In function `boost::system::error_category::std_category::equivalent(std::error_code const&, int) const':
/home/iurt/rpmbuild/BUILD/boost_1_66_0/./boost/system/error_code.hpp:706: undefined reference to `boost::system::generic_category()'
/home/iurt/rpmbuild/BUILD/boost_1_66_0/./boost/system/error_code.hpp:709: undefined reference to `boost::system::generic_category()'
/home/iurt/rpmbuild/BUILD/boost_1_66_0/./boost/system/error_code.hpp:721: undefined reference to `boost::system::generic_category()'
/usr/bin/../lib/gcc/x86_64-mageia-linux-gnu/7.3.0/../../../../lib64/libboost_filesystem.a(operations.o): In function `boost::system::error_category::std_category::equivalent(int, std::error_condition const&) const':
/home/iurt/rpmbuild/BUILD/boost_1_66_0/./boost/system/error_code.hpp:676: undefined reference to `boost::system::generic_category()'
/home/iurt/rpmbuild/BUILD/boost_1_66_0/./boost/system/error_code.hpp:679: undefined reference to `boost::system::generic_category()'
/usr/bin/../lib/gcc/x86_64-mageia-linux-gnu/7.3.0/../../../../lib64/libboost_filesystem.a(operations.o): In function `boost::system::error_code::error_code()':
/home/iurt/rpmbuild/BUILD/boost_1_66_0/./boost/system/error_code.hpp:449: undefined reference to `boost::system::system_category()'
/usr/bin/../lib/gcc/x86_64-mageia-linux-gnu/7.3.0/../../../../lib64/libboost_filesystem.a(operations.o): In function `__static_initialization_and_destruction_0':
/home/iurt/rpmbuild/BUILD/boost_1_66_0/libs/filesystem/src/operations.cpp:2325: undefined reference to `boost::system::system_category()'
clang-5.0: error: linker command failed with exit code 1 (use -v to see invocation)
[53/1117] /usr/bin/clang++  -DECFLOW_QT5 -DECF_SECURE_USER -DQT_NO_KEYWORDS -I../cmake/include -I../ANattr/src -I../ANattr/../ACore/src -I../ACore/src -I. -O2 -g -pipe -Wformat -Werror=format-security -Wp,-D_FORTIFY_SOURCE=2 -fstack-protector --param=ssp-buffer-size=4 -ftemplate-depth=1024 -O2 -g -fPIE -MD -MT ANattr/CMakeFiles/u_anattr.dir/test/TestDateAttr.cpp.o -MF ANattr/CMakeFiles/u_anattr.dir/test/TestDateAttr.cpp.o.d -o ANattr/CMakeFiles/u_anattr.dir/test/TestDateAttr.cpp.o -c ../ANattr/test/TestDateAttr.cpp
[54/1117] /usr/bin/clang++  -DECFLOW_QT5 -DECF_SECURE_USER -DQT_NO_KEYWORDS -I../cmake/include -I../ANattr/src -I../ANattr/../ACore/src -I../ACore/src -I. -O2 -g -pipe -Wformat -Werror=format-security -Wp,-D_FORTIFY_SOURCE=2 -fstack-protector --param=ssp-buffer-size=4 -ftemplate-depth=1024 -O2 -g -fPIE -MD -MT ANattr/CMakeFiles/u_anattr.dir/test/TestLabel.cpp.o -MF ANattr/CMakeFiles/u_anattr.dir/test/TestLabel.cpp.o.d -o ANattr/CMakeFiles/u_anattr.dir/test/TestLabel.cpp.o -c ../ANattr/test/TestLabel.cpp
[55/1117] /usr/bin/clang++  -DECFLOW_QT5 -DECF_SECURE_USER -DQT_NO_KEYWORDS -I../cmake/include -I../ANattr/src -I../ANattr/../ACore/src -I../ACore/src -I. -O2 -g -pipe -Wformat -Werror=format-security -Wp,-D_FORTIFY_SOURCE=2 -fstack-protector --param=ssp-buffer-size=4 -ftemplate-depth=1024 -O2 -g -fPIE -MD -MT ANattr/CMakeFiles/u_anattr.dir/test/TestDayAttr.cpp.o -MF ANattr/CMakeFiles/u_anattr.dir/test/TestDayAttr.cpp.o.d -o ANattr/CMakeFiles/u_anattr.dir/test/TestDayAttr.cpp.o -c ../ANattr/test/TestDayAttr.cpp
[56/1117] /usr/bin/clang++  -DECFLOW_QT5 -DECF_SECURE_USER -DQT_NO_KEYWORDS -I../cmake/include -I../ANattr/src -I../ANattr/../ACore/src -I../ACore/src -I. -O2 -g -pipe -Wformat -Werror=format-security -Wp,-D_FORTIFY_SOURCE=2 -fstack-protector --param=ssp-buffer-size=4 -ftemplate-depth=1024 -O2 -g -fPIE -MD -MT ANattr/CMakeFiles/u_anattr.dir/test/TestLateAttr.cpp.o -MF ANattr/CMakeFiles/u_anattr.dir/test/TestLateAttr.cpp.o.d -o ANattr/CMakeFiles/u_anattr.dir/test/TestLateAttr.cpp.o -c ../ANattr/test/TestLateAttr.cpp
[57/1117] /usr/bin/clang++  -DECFLOW_QT5 -DECF_SECURE_USER -DQT_NO_KEYWORDS -I../cmake/include -I../ANattr/src -I../ANattr/../ACore/src -I../ACore/src -I. -O2 -g -pipe -Wformat -Werror=format-security -Wp,-D_FORTIFY_SOURCE=2 -fstack-protector --param=ssp-buffer-size=4 -ftemplate-depth=1024 -O2 -g -fPIE -MD -MT ANattr/CMakeFiles/u_anattr.dir/test/TestCron.cpp.o -MF ANattr/CMakeFiles/u_anattr.dir/test/TestCron.cpp.o.d -o ANattr/CMakeFiles/u_anattr.dir/test/TestCron.cpp.o -c ../ANattr/test/TestCron.cpp
[58/1117] /usr/bin/clang++  -DECFLOW_QT5 -DECF_SECURE_USER -DQT_NO_KEYWORDS -I../cmake/include -I../ANattr/src -I../ANattr/../ACore/src -I../ACore/src -I. -O2 -g -pipe -Wformat -Werror=format-security -Wp,-D_FORTIFY_SOURCE=2 -fstack-protector --param=ssp-buffer-size=4 -ftemplate-depth=1024 -O2 -g -fPIE -MD -MT ANattr/CMakeFiles/u_anattr.dir/test/TestAttrSerialization.cpp.o -MF ANattr/CMakeFiles/u_anattr.dir/test/TestAttrSerialization.cpp.o.d -o ANattr/CMakeFiles/u_anattr.dir/test/TestAttrSerialization.cpp.o -c ../ANattr/test/TestAttrSerialization.cpp
[59/1117] /usr/bin/clang++  -DECFLOW_QT5 -DECF_SECURE_USER -DQT_NO_KEYWORDS -I../cmake/include -I../ANode/../ACore/src -I../ANode/../ANattr/src -I../ANode/src -I../ANode/parser/src -I../ANattr/src -I../ANattr/../ACore/src -I../ACore/src -I. -O2 -g -pipe -Wformat -Werror=format-security -Wp,-D_FORTIFY_SOURCE=2 -fstack-protector --param=ssp-buffer-size=4 -ftemplate-depth=1024 -O2 -g -fPIE -MD -MT ANode/CMakeFiles/u_anode.dir/test/TestMigration.cpp.o -MF ANode/CMakeFiles/u_anode.dir/test/TestMigration.cpp.o.d -o ANode/CMakeFiles/u_anode.dir/test/TestMigration.cpp.o -c ../ANode/test/TestMigration.cpp
ninja: build stopped: subcommand failed.
error: Bad exit status from /var/tmp/rpm-tmp.PARoWN (%build)
RPM build errors:
    Bad exit status from /var/tmp/rpm-tmp.PARoWN (%build)
Child return code was: 1
EXCEPTION: [Error()]
Traceback (most recent call last):
  File "/usr/lib/python3.6/site-packages/mockbuild/trace_decorator.py", line 96, in trace
    result = func(*args, **kw)
  File "/usr/lib/python3.6/site-packages/mockbuild/util.py", line 619, in do
    raise exception.Error("Command failed: \n # %s\n%s" % (command, output), child.returncode)
mockbuild.exception.Error: Command failed: 
 # /usr/bin/systemd-nspawn -q -M f351cbf601ea4459889fdba901420659 -D /home/stig/rpmbuild/mock/cauldron/x86_64 -a --setenv=TERM=vt100 --setenv=SHELL=/bin/bash --setenv=HOME=/builddir --setenv=HOSTNAME=mock --setenv=PATH=/usr/bin:/bin:/usr/sbin:/sbin --setenv=PROMPT_COMMAND=printf "\033]0;<mock-chroot>\007" --setenv=PS1=<mock-chroot> \s-\v\$  --setenv=LANG=en_US.UTF-8 -u mockbuild bash --login -c /usr/bin/rpmbuild -bb --target x86_64 --nodeps /builddir/build/SPECS/ecflow.spec

